504
272
234
515
215
293
495
167
360
454
138
421
400
149
471
343
177
503
281
223
516
222
280
503
177
342
464
147
399
416
143
451
360
167
493
302
208
518
246
256
511
195
313
484
157
378
438
139
433
381
156
484
315
197
510
254
247
514
209
299
492
165
362
449
138
421
394
151
475
332
181
504
275
232
516
217
291
497
170
353
463
145
405
414
143
456
354
171
497
291
217
517
236
270
507
184
327
475
151
389
425
142
446
375
158
487
308
198
511
251
249
512
201
306
488
160
372
441
139
427
392
152
471
335
179
505
277
230
514
215
290
497
172
347
465
146
403
412
143
458
352
171
497
290
215
517
238
268
508
189
320
482
155
378
435
140
440
377
157
487
311
200
511
246
251
512
199
312
487
161
369
443
138
425
390
152
475
329
187
506
267
235
515
209
295
494
166
353
457
138
413
406
146
463
346
173
498
292
216
516
232
274
504
179
335
469
148
397
418
143
449
363
165
494
301
209
517
236
265
507
185
326
478
152
384
429
140
442
375
155
482
318
195
509
261
245
513
205
305
488
161
368
444
139
427
392
152
477
327
186
506
269
225
516
219
288
500
172
346
461
145
403
417
143
450
361
164
493
303
207
517
255
250
512
199
307
487
162
369
446
139
424
390
150
475
328
188
506
267
234
514
210
299
493
168
356
454
139
417
398
149
472
338
178
503
275
227
515
217
290
496
168
352
457
143
409
411
143
452
363
162
490
305
205
506
249
253
511
198
310
486
160
371
442
140
427
397
149
473
332
183
506
269
233
515
216
292
497
172
350
458
142
411
405
146
461
349
171
497
295
214
517
236
267
506
184
333
475
149
390
424
142
446
365
161
491
307
203
511
251
254
512
200
311
485
159
369
447
139
425
395
150
475
330
187
506
267
230
515
214
289
498
173
344
463
146
400
419
142
449
367
162
492
302
208
517
249
254
512
198
309
487
160
371
445
139
422
398
148
467
340
176
503
279
229
516
224
279
502
178
341
469
147
397
416
142
454
361
163
493
300
210
517
240
266
508
190
319
486
157
377
437
140
435
383
155
479
321
190
508
264
238
514
207
301
490
163
356
454
138
416
403
147
465
343
174
500
285
222
517
226
276
503
177
342
467
147
400
415
143
451
360
167
493
302
208
517
238
264
509
192
317
484
159
375
438
139
430
385
148
473
332
182
504
275
232
515
216
291
496
167
353
459
144
414
401
148
467
341
176
500
283
217
517
232
274
505
181
336
468
149
397
418
143
450
362
165
495
300
209
517
239
266
507
184
323
478
152
389
429
141
442
375
156
482
322
189
508
261
246
513
201
310
485
159
368
444
138
419
396
150
474
335
180
503
277
225
516
223
280
503
177
342
465
146
403
412
143
451
360
164
491
306
204
511
250
251
513
199
312
485
158
374
438
140
436
390
152
478
326
187
508
263
243
514
207
303
489
163
365
450
139
422
398
149
472
333
181
503
283
219
516
224
278
502
176
339
469
149
397
418
142
449
362
163
493
305
205
510
253
253
512
201
305
489
162
363
452
139
419
400
147
467
340
177
503
277
217
517
227
276
504
181
333
471
150
395
420
142
447
365
161
491
308
204
511
256
247
512
200
307
488
158
369
446
138
420
398
147
469
342
175
502
280
227
516
221
286
500
179
340
469
148
396
418
142
448
367
163
491
305
205
503
244
256
510
191
318
486
160
371
442
139
430
384
154
479
323
188
507
270
236
514
209
300
491
164
363
452
138
418
405
147
467
340
177
501
282
221
517
227
275
503
181
336
468
147
398
417
143
447
366
163
493
304
207
517
239
263
509
191
324
480
155
381
432
140
440
374
159
488
312
200
510
256
246
512
203
307
487
159
369
447
139
425
395
150
471
334
181
505
272
234
515
215
293
499
174
343
466
148
396
419
143
452
359
167
496
297
212
517
238
268
507
186
321
479
153
388
431
140
437
376
156
484
319
194
509
257
244
513
205
306
489
160
370
445
139
418
402
148
467
345
174
499
291
214
516
232
270
505
181
336
471
148
394
420
141
446
365
161
488
308
203
517
247
258
510
194
315
483
157
377
440
139
432
395
150
474
329
183
504
272
235
515
214
289
499
174
347
464
145
404
411
144
451
364
162
491
306
204
509
246
256
511
196
312
487
158
374
439
139
430
384
154
481
319
195
508
262
240
514
209
300
492
165
358
452
138
418
401
148
466
341
176
502
278
221
517
228
278
503
178
341
468
148
393
422
142
450
362
166
494
300
210
517
240
262
508
188
319
480
154
381
436
140
435
379
155
483
317
196
510
256
245
514
204
302
490
164
364
450
138
415
399
148
471
338
177
501
281
222
516
226
283
503
180
338
467
147
400
415
142
451
360
167
493
302
207
517
241
264
508
188
321
479
153
387
427
142
444
368
161
489
306
198
512
250
252
511
199
308
486
160
366
449
139
422
397
148
469
337
179
502
287
220
517
224
279
503
178
340
469
149
393
422
142
449
366
161
490
309
202
510
252
249
512
204
301
491
164
359
451
138
423
395
149
471
335
180
504
273
233
515
211
297
497
169
355
455
140
411
408
144
458
356
169
497
294
214
517
234
267
507
186
316
482
157
378
439
140
432
386
152
475
329
184
506
268
239
513
207
303
489
161
369
446
138
417
398
149
472
337
178
503
275
227
516
221
286
500
174
348
463
146
401
415
142
448
364
163
490
306
205
518
245
257
509
191
318
482
156
380
438
139
434
380
156
484
314
192
508
261
244
513
205
305
489
163
363
452
138
419
401
148
467
345
174
499
295
214
518
235
267
508
187
328
477
152
389
424
140
447
370
159
488
307
203
518
242
258
510
201
311
485
159
369
447
138
425
395
150
475
330
186
508
264
242
514
207
302
495
169
356
454
132
412
408
146
462
351
172
500
290
219
516
229
272
504
180
338
467
146
400
423
141
448
368
160
489
306
204
509
246
256
509
196
312
485
159
374
439
140
429
389
153
478
328
185
505
270
231
515
212
295
496
170
353
456
138
413
405
145
460
349
171
494
296
212
517
240
266
508
187
323
480
156
381
433
140
438
375
159
487
313
192
510
256
245
513
204
306
488
162
368
448
139
423
396
149
471
336
180
504
286
219
516
230
272
504
180
338
471
148
395
420
142
451
365
164
493
303
208
517
238
267
506
193
321
482
156
374
439
139
432
385
154
481
325
188
508
266
235
514
210
299
496
171
352
456
144
409
406
146
463
345
172
498
292
216
517
233
269
507
185
327
475
152
393
430
140
445
371
159
484
318
195
510
257
245
514
205
301
491
162
367
448
139
418
397
149
473
335
180
504
274
229
515
220
289
499
175
346
465
148
407
409
145
464
344
174
497
291
218
517
235
271
506
184
328
477
152
390
428
141
443
370
161
488
307
197
510
255
250
512
200
307
487
161
369
447
138
424
394
149
474
329
184
506
272
234
514
210
290
497
171
351
460
145
408
407
144
462
347
172
498
288
215
516
229
272
504
179
339
467
146
396
419
142
449
368
162
492
302
205
509
245
256
511
195
317
481
155
379
434
139
430
389
152
476
328
185
505
274
232
514
212
292
496
171
349
462
145
410
410
145
464
349
168
497
291
217
517
232
275
505
184
332
472
148
394
421
142
446
370
162
488
317
196
510
256
246
513
204
302
493
164
365
451
138
416
399
148
468
342
177
497
289
215
518
238
264
507
185
326
476
151
391
427
141
444
369
160
486
316
188
508
262
239
514
210
296
494
168
357
454
138
417
398
149
472
333
181
505
271
231
515
214
286
498
170
352
459
144
409
406
145
460
355
170
496
292
217
517
232
273
504
178
335
472
149
388
430
141
442
375
156
485
314
195
509
256
245
514
205
305
489
162
368
445
138
424
397
150
470
335
183
506
273
233
515
212
292
495
169
350
458
141
411
404
146
464
344
171
500
286
222
516
227
275
503
180
337
471
149
394
420
141
450
361
166
495
295
214
517
231
267
506
183
333
474
150
395
421
141
447
370
161
488
312
200
513
247
254
511
197
311
485
157
369
443
139
428
390
152
477
325
187
508
263
242
514
207
302
490
164
365
451
138
420
399
148
466
342
175
502
285
219
516
230
272
506
182
330
476
151
391
423
142
448
364
160
490
306
204
509
246
260
509
195
317
481
154
379
435
140
441
372
160
487
310
201
509
246
247
512
199
312
487
158
374
438
139
429
389
152
475
328
188
508
262
244
513
202
304
489
161
357
453
138
417
402
146
462
345
172
498
288
217
517
232
274
504
178
340
469
150
393
422
141
445
367
160
487
314
199
510
252
249
512
197
309
486
158
376
437
140
435
379
153
479
322
188
507
264
237
514
212
296
494
167
354
455
142
411
409
144
460
361
166
495
299
207
518
239
263
510
190
321
480
155
382
432
140
439
374
159
488
308
203
512
256
245
512
200
306
488
159
369
447
138
424
395
149
471
334
181
504
273
234
516
219
285
498
174
342
464
145
403
412
143
458
356
169
498
289
215
517
234
272
505
180
334
476
151
392
423
141
444
369
159
486
311
201
511
254
251
512
199
312
485
157
375
439
140
437
385
154
481
320
191
509
258
247
513
202
308
487
161
370
442
139
429
390
152
478
324
191
509
272
235
515
210
295
494
168
357
457
138
414
407
145
462
346
173
501
284
223
516
221
281
502
182
335
470
148
396
419
142
449
367
161
492
305
205
503
245
256
510
194
318
489
160
371
441
139
426
393
153
473
331
185
507
269
237
515
209
300
491
162
367
448
138
423
401
148
467
340
176
503
278
229
515
219
288
498
172
349
462
145
410
409
144
457
353
170
496
299
209
517
235
266
508
187
323
480
154
386
432
140
439
375
159
487
309
202
517
243
258
510
200
310
485
160
368
444
138
427
391
154
475
330
183
505
272
234
515
211
298
499
171
351
458
144
407
408
145
458
351
169
496
298
212
517
234
272
504
180
333
473
149
395
428
141
441
378
156
483
320
193
509
258
243
514
206
303
490
161
370
443
139
421
394
150
474
333
184
506
267
235
515
214
294
497
171
348
464
145
408
407
146
465
341
175
498
289
215
516
234
272
504
179
334
470
148
396
423
142
449
369
161
489
310
191
510
257
244
513
206
304
489
162
366
448
138
418
398
148
469
337
181
506
270
236
515
209
291
496
167
358
456
138
414
401
146
466
340
178
502
280
225
515
220
282
502
175
340
469
147
393
422
142
446
371
161
487
309
199
510
253
249
513
201
309
486
160
372
440
138
427
388
152
476
326
186
506
273
233
515
211
292
495
170
350
459
140
411
405
145
464
348
168
498
290
218
516
231
275
504
186
332
471
148
394
420
142
447
369
159
488
317
196
510
256
246
512
200
311
489
162
368
447
138
424
391
151
477
326
190
508
260
242
513
211
297
493
164
360
455
138
419
400
148
468
339
178
501
281
226
516
223
285
499
171
351
460
147
399
416
142
451
360
166
495
298
207
518
242
259
509
192
316
482
154
382
443
139
429
390
150
475
329
184
505
271
235
514
214
294
497
170
352
457
138
417
402
147
469
346
172
498
293
212
517
237
269
507
186
326
476
150
392
423
141
445
368
160
484
314
198
510
257
248
512
199
308
487
160
371
445
139
426
393
151
476
328
188
509
261
244
514
210
301
492
165
362
452
138
418
398
149
472
336
181
505
275
232
515
213
291
496
170
353
463
146
406
415
143
456
354
170
496
292
217
517
236
265
507
184
331
475
150
385
433
140
442
375
158
488
313
195
510
257
249
512
201
310
486
160
371
441
139
427
392
151
471
335
180
502
282
222
516
227
275
503
177
337
471
148
394
421
143
451
362
162
490
304
207
517
243
263
508
190
324
477
152
386
429
140
443
374
159
488
308
203
512
247
247
513
204
301
492
164
364
451
138
415
400
146
468
338
177
503
281
222
516
234
272
505
180
334
473
149
391
427
141
444
373
158
486
311
200
512
251
251
513
203
307
487
163
365
449
138
421
398
148
472
337
179
504
275
231
515
217
290
496
171
352
463
145
405
414
143
456
354
170
496
293
216
517
237
269
507
185
330
473
149
392
422
141
448
372
160
489
312
198
510
253
252
512
199
313
484
158
375
438
140
434
380
156
485
319
194
511
262
240
513
206
300
491
163
366
449
139
422
393
149
470
337
182
504
275
232
516
220
287
500
176
340
469
148
397
417
142
449
367
162
492
301
209
517
236
270
505
181
331
478
152
389
426
140
442
375
158
485
314
198
511
256
249
512
198
309
486
160
372
441
139
430
392
151
476
327
186
506
269
233
515
215
292
495
169
355
455
138
414
400
146
461
348
171
499
290
217
516
228
275
505
180
337
471
148
394
421
142
451
361
163
493
304
207
512
246
258
510
196
315
483
155
377
436
139
439
378
157
486
317
196
510
256
250
513
200
306
493
166
360
454
132
412
407
145
462
347
172
499
289
218
517
230
276
503
177
329
473
149
391
428
141
444
373
158
486
311
201
512
250
251
512
199
307
488
163
366
450
138
421
394
150
476
332
181
503
275
227
516
221
281
502
176
344
464
146
405
411
143
452
358
165
492
305
205
518
245
261
508
189
322
478
152
388
426
141
445
371
160
489
310
195
509
257
244
514
205
304
489
162
367
449
138
422
397
149
474
332
182
504
282
220
516
224
278
502
175
341
469
148
397
417
142
450
361
163
493
304
207
510
252
250
512
204
302
491
164
360
454
138
415
404
147
468
339
180
504
272
226
516
222
284
501
177
342
464
147
399
416
143
454
357
169
497
294
215
516
230
275
503
177
332
474
149
395
424
141
443
374
157
486
316
196
510
256
247
513
203
307
487
160
370
443
138
421
394
150
475
334
181
503
276
227
516
222
285
501
176
343
464
145
404
415
142
451
359
166
494
298
212
518
241
264
508
192
317
482
156
379
439
139
433
393
150
473
332
182
504
278
228
515
221
282
503
175
340
466
147
397
417
143
446
367
163
490
309
202
514
245
258
511
194
314
486
158
376
437
139
431
383
155
482
317
195
508
261
241
514
209
301
491
165
359
452
138
418
400
147
467
340
177
503
278
221
516
227
280
504
178
336
468
149
394
421
142
450
361
166
495
299
210
517
236
271
505
180
328
475
150
394
428
140
439
374
157
485
316
196
510
256
246
512
201
306
488
159
373
440
139
424
391
151
477
331
186
507
268
234
515
211
293
497
169
355
454
138
416
403
145
462
348
174
498
294
215
516
234
272
504
180
334
473
150
396
420
141
451
361
165
493
302
197
511
250
252
512
199
312
484
159
369
446
139
425
390
152
478
324
191
509
263
243
514
203
299
492
165
361
453
138
421
393
149
469
337
178
502
279
227
516
221
282
502
182
335
472
149
392
423
141
449
367
161
490
305
202
512
249
253
512
198
313
484
156
379
434
139
434
380
156
482
318
195
510
258
244
513
201
304
489
163
363
452
138
418
401
146
463
345
171
496
291
217
517
231
270
505
184
332
475
150
393
421
142
450
362
163
493
308
202
518
243
258
509
191
323
481
154
385
429
140
439
375
159
485
313
199
511
252
253
510
204
306
488
160
367
448
139
424
397
149
470
335
179
505
273
233
515
216
292
496
167
359
455
144
407
409
144
458
352
171
497
294
214
516
231
271
505
180
332
474
150
395
429
141
439
373
157
483
316
196
510
256
250
511
200
306
488
159
373
440
139
428
388
152
477
335
181
504
281
223
517
226
281
502
177
338
467
147
399
416
143
451
360
164
489
307
204
509
250
251
510
195
312
484
159
374
442
140
433
381
156
483
319
193
510
259
243
514
209
299
492
165
361
449
138
417
399
149
472
338
178
502
280
223
516
225
272
504
182
336
473
149
392
422
141
449
368
162
489
310
201
506
245
261
509
192
317
482
156
371
445
138
426
393
150
473
332
182
506
270
236
515
213
295
494
167
358
452
145
409
405
145
459
349
170
496
296
213
517
232
270
505
182
331
475
150
393
422
142
449
367
159
487
309
202
512
248
257
511
198
309
486
160
371
440
140
431
384
154
482
326
189
507
265
237
515
212
296
495
169
355
455
142
411
408
144
457
352
171
499
286
217
517
235
266
507
187
324
477
152
390
428
141
446
370
161
491
309
203
517
242
262
509
193
319
481
157
377
437
140
435
383
155
483
322
190
509
260
242
514
204
306
489
162
368
452
138
424
396
148
468
339
180
503
277
229
515
219
289
499
172
346
465
146
404
413
144
454
365
164
493
303
204
518
242
263
509
192
320
483
155
382
432
140
440
378
157
481
320
193
509
263
238
514
206
298
492
164
360
454
137
420
399
149
471
333
184
505
272
234
516
222
285
501
176
343
467
148
396
419
142
448
368
160
489
310
201
510
245
248
513
202
304
492
165
362
452
138
413
405
146
463
346
176
502
278
228
516
232
274
505
181
332
472
149
398
422
142
446
366
161
487
313
199
513
248
257
511
195
318
481
157
376
437
140
436
380
157
485
317
195
509
256
245
513
204
301
491
164
363
455
140
411
405
145
465
343
177
501
282
222
516
226
276
503
177
341
468
148
398
416
142
450
369
159
488
312
196
510
255
250
512
200
307
488
159
373
440
138
432
382
155
478
325
190
507
268
234
514
211
294
494
168
356
457
132
417
404
147
462
347
175
502
286
219
517
234
272
506
186
330
473
149
391
423
141
444
372
160
489
306
204
518
242
264
508
189
322
484
158
375
439
139
429
389
153
475
329
188
507
266
235
515
209
295
494
165
353
456
138
414
406
144
460
350
170
497
292
212
518
236
270
505
182
332
475
156
381
437
140
435
379
157
485
318
196
509
256
245
514
205
301
491
162
367
445
139
427
388
149
470
335
180
503
278
229
515
219
284
500
172
346
465
146
407
413
143
457
366
164
493
303
203
518
243
262
509
190
324
479
155
382
432
140
444
375
157
485
312
200
512
259
242
513
203
302
490
163
365
450
138
420
395
149
468
338
177
503
276
231
516
222
281
501
176
343
466
147
400
419
143
456
359
167
496
293
216
517
233
272
504
179
339
473
149
392
423
142
449
364
162
490
306
205
509
250
252
512
199
313
485
156
379
434
140
442
385
154
482
323
188
508
262
240
515
210
296
496
170
354
460
144
409
407
146
453
358
169
497
296
209
517
236
266
508
188
323
480
154
385
430
141
442
375
159
487
309
202
511
252
249
513
205
301
492
165
359
456
138
415
401
146
464
345
176
503
278
221
516
224
283
501
175
341
465
147
399
417
143
450
361
163
493
304
206
517
239
267
506
184
323
478
152
390
429
141
443
374
157
485
313
200
511
251
250
513
200
311
486
160
373
440
139
424
395
150
475
335
183
505
272
230
516
215
289
499
174
342
467
147
399
416
141
447
365
162
489
307
204
517
246
260
509
193
316
483
155
383
432
141
440
382
153
481
325
188
507
268
239
515
210
295
494
168
357
453
138
421
399
148
472
333
181
503
285
220
516
226
277
503
176
339
470
148
396
419
142
449
363
162
492
306
205
511
253
247
513
202
309
487
158
371
443
139
426
394
150
476
329
185
506
271
236
515
214
295
499
173
345
466
148
397
418
143
453
363
163
492
305
206
517
240
265
508
188
319
481
156
379
438
140
435
380
154
479
322
188
509
261
245
513
202
309
486
160
367
449
138
414
401
148
470
340
179
503
279
226
517
224
279
503
176
345
463
145
406
414
142
453
358
168
495
300
210
518
244
262
509
191
319
481
154
385
430
141
444
371
160
491
309
196
510
256
245
514
205
305
489
162
368
444
139
423
396
149
470
336
183
506
278
225
517
223
280
503
178
342
468
148
394
421
142
450
366
162
491
304
207
517
239
266
507
190
319
480
153
381
433
141
439
379
157
483
316
193
510
260
246
513
204
308
493
166
360
451
138
416
403
146
462
347
175
502
286
222
516
226
277
503
177
343
465
146
404
420
143
452
361
166
494
303
208
518
242
264
509
192
317
482
155
383
431
141
441
377
158
487
320
191
510
259
244
513
203
308
489
161
371
442
139
429
390
152
478
324
191
509
267
240
515
217
287
500
173
344
466
146
406
414
144
457
354
170
499
288
216
517
229
274
507
185
331
475
152
389
426
142
446
367
160
490
310
202
509
245
257
510
195
314
484
158
376
445
139
427
389
151
477
327
189
507
265
240
514
208
296
494
168
358
452
138
415
401
148
470
345
174
499
291
214
517
233
271
508
184
333
474
151
394
422
142
453
362
162
488
308
203
518
248
254
511
194
315
483
156
381
437
140
435
383
155
482
322
187
507
269
237
515
211
293
495
169
355
455
138
416
404
147
468
339
177
503
277
230
515
215
285
501
177
342
468
149
395
421
142
451
365
162
489
311
201
512
247
259
510
199
311
486
158
369
447
139
429
391
152
478
324
187
507
267
239
514
207
303
490
164
365
451
144
413
407
144
459
355
169
498
293
215
517
234
268
508
186
330
477
151
391
432
140
437
377
156
485
320
192
509
262
243
513
206
304
490
163
362
453
138
417
402
146
463
350
173
499
288
217
517
233
274
506
182
336
470
148
397
418
142
449
367
160
485
318
195
511
257
245
514
204
301
492
164
363
452
138
419
401
148
467
344
171
497
291
218
517
231
275
505
184
332
472
148
394
421
142
447
370
161
488
317
196
510
256
246
514
204
302
493
164
364
451
138
417
399
148
469
338
181
502
281
226
516
227
277
504
177
339
470
147
400
420
142
448
369
160
486
315
188
508
262
239
515
210
295
494
168
357
454
138
417
398
149
472
333
181
506
270
231
515
214
286
499
170
353
460
143
409
406
145
459
355
170
496
292
216
517
233
273
504
179
336
473
149
388
430
141
443
376
156
485
314
195
510
258
249
513
202
309
487
161
371
441
139
423
398
149
470
336
179
505
280
229
516
220
283
501
173
345
465
146
406
409
145
464
345
171
497
291
218
517
232
270
505
184
332
475
150
390
426
141
446
370
161
491
313
200
512
248
250
512
200
311
488
160
373
440
139
428
392
151
477
326
186
506
269
234
515
219
285
500
174
342
465
146
404
417
143
452
360
164
493
303
207
517
238
268
510
193
316
482
157
378
435
140
436
378
157
486
316
196
511
255
251
513
200
307
488
159
374
447
139
425
395
149
472
333
184
505
272
235
515
214
290
499
174
347
460
144
409
408
146
460
360
165
495
297
208
518
242
265
509
189
326
476
150
392
423
141
445
368
162
484
314
198
511
258
248
513
199
308
487
159
375
442
139
426
394
150
476
329
187
508
266
236
516
217
291
499
173
349
460
143
410
410
145
460
350
173
499
292
217
517
233
262
509
188
323
481
156
384
430
140
438
376
160
485
318
195
511
253
249
513
201
305
489
160
363
452
139
419
401
148
467
340
177
503
283
222
516
223
279
502
175
346
462
148
398
417
143
454
358
169
495
299
210
518
239
262
509
190
326
481
156
382
433
140
436
379
153
480
321
193
509
264
238
514
211
293
495
166
360
454
136
412
404
147
465
352
172
499
286
219
516
226
276
505
180
338
471
150
395
420
142
448
365
161
487
316
197
512
254
247
513
200
308
488
161
365
450
139
421
394
150
475
328
184
506
267
235
516
218
290
496
170
353
457
138
413
407
146
462
350
173
501
284
219
516
226
278
503
176
339
474
149
397
419
142
452
359
167
494
297
212
517
241
264
509
192
318
481
154
375
438
140
434
385
154
482
323
188
509
262
244
514
206
304
489
160
371
442
139
426
395
151
467
341
176
501
287
217
517
228
274
504
179
340
470
147
397
418
142
453
358
168
494
300
209
515
244
257
510
194
319
481
154
381
434
141
442
376
158
488
309
203
515
245
258
511
194
319
487
160
367
448
138
423
396
149
470
335
179
504
273
229
516
220
288
500
172
342
465
146
403
417
143
454
357
166
495
300
210
518
239
267
508
187
324
477
155
381
432
140
435
379
157
485
317
196
511
252
250
513
201
307
488
162
368
445
139
424
392
149
471
334
180
503
277
230
516
219
285
501
175
342
465
145
407
413
144
458
352
172
500
286
215
517
235
271
506
183
333
471
149
395
420
142
447
365
164
494
303
207
518
242
259
509
190
316
483
155
383
436
140
437
378
155
484
321
191
508
263
243
514
204
307
488
159
374
439
140
429
386
153
480
325
190
509
263
238
514
207
303
493
166
360
454
138
417
403
145
459
354
169
496
298
212
517
238
268
507
185
326
479
152
388
427
141
445
368
163
492
306
198
512
254
248
513
202
304
490
163
366
446
139
421
398
149
472
332
182
505
284
224
516
225
278
502
179
340
469
148
397
418
143
453
358
168
494
296
209
517
237
270
505
188
327
479
154
384
434
140
438
380
156
485
319
196
511
257
245
513
202
305
496
167
359
452
138
414
405
146
464
345
173
499
291
217
516
228
275
504
178
336
472
149
394
429
141
443
371
160
488
309
203
513
248
258
510
194
315
483
155
381
433
140
436
379
157
485
322
193
510
256
245
513
201
310
488
162
364
451
139
419
400
147
465
343
174
497
290
218
517
235
267
508
187
325
477
151
390
424
141
447
370
162
491
303
197
511
251
250
512
200
307
488
162
365
451
138
420
399
149
468
338
177
503
289
218
517
229
272
505
183
334
473
150
395
420
142
448
368
160
489
306
204
518
242
260
510
199
308
487
159
370
442
138
426
394
150
475
328
185
505
271
235
515
213
295
499
171
349
460
145
409
407
146
463
346
176
500
288
216
517
233
274
504
179
335
472
149
397
427
141
442
376
157
485
318
195
509
261
244
513
202
309
487
160
372
445
139
418
401
148
467
345
173
499
287
217
517
232
275
503
178
337
472
149
393
421
141
447
370
159
485
318
195
510
260
241
514
208
297
494
167
359
452
139
423
404
145
461
348
172
499
290
218
517
231
271
505
184
333
473
150
395
420
142
451
361
165
493
309
203
518
243
259
511
193
315
485
157
377
436
139
432
383
155
483
316
196
509
260
246
512
207
298
492
164
360
454
138
420
399
148
472
334
180
503
276
230
515
215
293
501
174
343
464
147
404
412
144
455
356
169
498
294
215
517
235
268
508
186
325
479
153
387
435
139
433
381
154
480
324
191
507
263
239
514
207
303
490
163
365
449
138
413
406
146
462
350
169
496
293
212
517
238
269
506
183
330
476
151
391
423
140
441
377
158
484
315
198
511
258
248
512
199
308
487
159
375
438
139
429
385
154
481
323
184
505
271
235
515
213
290
496
171
348
460
144
409
406
146
463
346
173
500
293
212
518
237
265
508
188
322
481
155
384
430
140
438
380
156
484
319
195
511
253
247
513
209
296
494
167
354
456
138
414
406
146
464
345
176
503
278
228
516
221
287
503
179
336
472
151
393
422
141
445
371
161
490
309
202
512
248
253
511
194
310
486
160
367
448
138
423
397
148
471
335
179
503
278
229
516
220
283
499
175
346
462
145
402
417
143
453
362
163
493
304
202
518
243
262
509
191
323
478
153
389
426
140
438
379
157
482
317
195
511
256
246
513
200
306
489
162
363
451
139
420
400
147
464
344
171
498
290
218
517
231
271
505
184
333
474
150
395
421
142
450
362
164
493
308
203
518
243
258
509
190
323
480
154
385
429
140
440
378
158
486
316
196
512
251
250
512
204
302
490
163
360
454
138
420
400
148
468
338
177
503
277
230
516
219
288
499
174
347
464
148
395
419
143
452
361
164
491
308
203
517
242
263
509
193
320
479
153
386
436
141
440
378
156
483
320
190
508
264
243
513
207
298
495
168
356
454
138
412
407
144
459
355
170
497
293
211
517
234
268
508
186
329
474
150
395
420
142
451
364
162
487
311
200
510
250
255
511
196
312
485
159
374
442
138
429
390
152
478
324
184
506
267
235
515
214
290
497
171
352
457
139
412
407
146
465
342
175
500
284
219
517
229
268
506
182
334
473
150
396
419
142
448
368
160
486
311
202
509
249
251
512
210
300
492
165
357
454
138
417
402
148
466
341
175
502
279
227
516
221
287
498
170
353
460
146
400
414
144
453
359
167
497
298
212
517
237
265
508
188
326
475
151
392
423
141
445
371
156
485
315
198
511
253
248
513
205
300
492
163
366
449
139
422
393
150
475
336
182
504
275
228
516
217
286
500
173
344
462
146
405
410
144
457
355
170
496
296
212
517
244
261
509
192
319
481
156
381
437
140
435
384
154
482
322
192
510
257
249
514
205
300
491
164
363
452
138
419
397
149
473
336
183
505
274
232
515
212
292
496
170
353
462
146
406
410
144
457
353
171
496
291
217
517
236
266
507
185
332
475
151
385
433
141
443
375
158
487
313
195
510
257
249
513
201
310
486
158
376
437
140
438
376
158
488
314
199
512
257
245
513
201
305
489
160
371
445
138
427
393
150
476
327
188
509
261
245
514
205
305
489
165
358
453
138
418
401
147
467
345
176
501
282
222
517
228
279
502
178
341
475
150
394
421
141
446
371
161
488
314
199
511
256
245
512
201
310
486
158
376
441
138
427
396
150
470
335
179
505
273
233
515
216
288
498
172
350
458
142
411
409
145
458
353
171
499
291
218
517
232
270
505
180
338
471
148
394
421
142
449
361
163
493
304
206
513
248
253
510
197
311
486
158
372
441
139
431
388
153
480
322
189
509
261
241
514
208
302
495
169
355
455
140
411
408
145
461
349
172
498
295
214
517
235
271
505
181
329
477
152
390
428
140
446
369
159
488
308
203
512
247
258
509
190
320
481
153
385
432
141
435
379
157
485
316
196
510
256
246
513
204
302
493
164
364
452
138
424
396
147
465
343
178
502
281
222
517
226
281
503
177
338
470
148
395
420
141
451
360
166
496
298
204
512
246
259
510
193
320
483
157
378
435
141
436
378
155
483
320
194
509
267
235
514
210
294
495
168
352
460
144
408
407
144
458
351
172
498
293
215
516
230
277
503
183
334
473
150
391
423
141
444
373
158
486
311
201
510
246
256
511
196
312
492
163
365
450
138
421
394
150
472
333
181
504
280
227
515
218
287
499
173
343
466
146
404
418
142
452
359
164
494
301
208
517
241
261
508
189
321
481
156
379
438
140
430
384
154
482
324
191
508
262
239
514
205
299
494
165
361
449
138
417
398
150
472
332
185
504
275
232
515
217
290
498
173
344
466
147
401
414
144
456
354
167
496
296
203
509
244
261
509
194
313
484
158
376
438
140
434
380
156
484
319
196
510
257
249
512
197
305
489
162
367
448
139
422
392
149
473
331
182
504
274
232
515
213
296
493
167
358
456
141
411
405
146
467
345
176
503
282
221
516
224
283
502
175
345
463
145
406
414
143
453
358
171
493
304
206
517
244
262
508
187
323
478
152
389
429
141
442
375
157
485
313
192
508
261
245
513
205
305
489
162
367
448
138
423
396
149
474
331
182
504
273
233
514
212
284
500
172
346
465
146
406
409
144
457
357
168
495
295
213
517
232
271
505
181
337
472
148
390
425
141
446
371
159
488
308
199
510
252
249
511
197
310
486
160
372
442
139
428
392
151
474
330
186
507
269
234
515
212
293
497
172
350
458
145
407
409
145
461
348
168
495
295
210
518
239
267
508
190
320
483
155
377
436
141
436
378
157
486
325
190
507
264
238
514
207
302
492
164
364
447
138
420
395
149
474
330
184
505
273
234
515
219
289
497
171
346
461
145
411
408
146
461
348
172
497
290
218
516
231
276
503
177
342
465
148
399
417
143
450
361
164
492
303
207
517
243
259
509
190
320
480
154
385
428
141
443
374
157
483
316
196
510
256
246
512
204
306
489
159
368
443
138
424
395
150
474
339
178
503
277
226
516
223
284
501
175
347
465
147
399
416
142
451
361
164
493
303
208
518
247
256
510
193
316
483
155
382
436
140
436
378
155
480
325
190
508
264
242
515
214
289
499
174
343
464
145
404
411
143
455
356
169
497
293
215
517
234
264
509
189
325
479
153
387
427
141
444
373
160
486
311
201
511
251
255
510
193
317
482
155
374
439
140
433
386
153
481
324
187
508
263
242
514
207
303
490
163
365
447
139
421
399
149
466
342
175
501
284
223
516
222
281
502
177
339
470
148
396
420
142
448
368
156
483
320
190
508
266
239
514
210
300
492
163
361
450
140
421
398
149
473
333
181
504
275
223
517
225
277
503
182
335
469
148
391
423
142
452
359
167
497
292
216
517
245
256
512
195
312
484
158
375
442
139
429
389
152
479
324
191
508
263
239
515
213
291
496
170
348
459
144
410
409
144
463
350
173
498
288
220
516
229
274
504
178
335
475
150
392
422
141
448
367
160
487
314
198
512
253
249
513
202
309
487
158
367
449
139
426
393
151
477
327
185
505
270
236
515
212
291
496
170
349
462
145
410
410
144
453
358
170
494
300
209
517
236
265
507
185
331
475
150
393
423
142
446
366
160
487
309
202
511
252
248
512
201
309
486
158
371
441
140
431
389
152
479
323
192
510
257
248
513
202
309
491
165
358
452
138
414
405
146
464
344
173
498
291
217
517
232
274
504
178
332
472
149
397
421
143
450
362
163
490
309
202
512
248
254
512
198
310
486
164
359
451
138
415
404
147
464
348
171
497
291
218
517
231
275
505
181
333
477
153
390
425
141
443
371
161
488
308
203
518
248
253
511
197
315
483
155
381
433
140
442
383
155
482
321
189
507
265
238
515
211
293
495
169
354
458
140
411
408
145
454
356
168
497
295
214
517
231
271
505
181
337
471
149
398
417
142
454
357
169
497
295
214
517
240
262
508
190
323
478
151
385
429
140
443
375
159
488
309
203
512
248
254
512
198
314
490
162
368
444
139
423
396
149
470
335
180
504
277
229
516
219
284
502
174
337
471
148
398
421
142
447
370
159
488
308
203
512
248
258
509
190
324
477
152
389
424
141
444
374
159
488
312
200
512
248
254
512
197
310
488
161
368
445
138
427
392
151
477
326
186
505
273
233
515
216
292
495
169
350
459
144
407
413
143
457
353
171
499
291
210
517
239
267
508
187
324
478
154
386
429
141
443
375
157
485
313
199
512
252
250
511
197
306
488
160
372
444
139
423
396
148
467
340
177
503
277
229
516
220
288
499
177
341
468
147
398
417
142
454
362
163
492
300
207
518
244
258
511
194
319
481
154
385
429
139
439
375
159
486
313
199
512
251
253
512
197
310
486
160
368
448
138
423
396
150
474
331
179
504
274
232
515
216
288
500
175
346
462
146
403
413
145
457
353
171
499
295
213
517
236
266
509
191
319
483
155
380
434
140
435
379
156
485
313
199
511
252
249
512
205
301
491
164
358
451
138
423
397
150
470
335
180
502
278
229
516
220
283
505
181
337
469
149
394
421
141
447
367
161
491
309
202
518
243
258
510
191
323
478
152
385
437
138
434
379
155
483
324
190
508
269
233
515
212
297
493
167
358
452
138
415
405
145
461
353
171
499
291
214
516
231
270
507
184
332
475
151
394
421
143
453
362
163
488
309
203
518
248
258