294
186
495
326
166
476
357
151
453
389
142
425
418
140
399
441
146
373
464
156
348
484
172
320
498
192
290
510
217
257
517
244
229
513
269
208
507
297
186
494
325
168
479
353
152
456
383
143
432
411
139
407
437
146
383
459
154
354
479
169
322
497
188
293
508
212
265
517
238
235
514
270
206
505
300
183
494
326
166
477
354
152
456
386
143
432
413
140
404
438
145
375
464
158
342
485
173
317
500
192
290
509
217
261
517
243
232
514
270
206
505
300
182
491
333
163
473
363
149
448
393
138
425
419
140
398
445
146
371
468
158
340
487
175
312
502
198
281
510
222
254
517
243
232
513
270
205
505
302
182
492
331
165
476
358
150
451
391
141
425
419
141
398
446
147
372
467
162
342
486
176
314
500
195
283
510
220
256
516
248
227
512
275
207
505
301
182
492
329
164
474
359
150
451
391
142
427
416
140
403
442
146
378
461
156
348
481
171
318
499
192
289
508
215
261
516
240
232
514
271
205
504
303
180
489
332
162
472
364
150
451
391
138
425
418
141
399
443
146
373
466
158
341
487
174
315
500
196
287
510
217
259
517
243
232
514
270
206
506
300
183
493
329
163
473
362
149
452
389
142
427
417
140
400
444
146
371
468
160
340
486
174
312
502
198
282
511
224
253
516
247
229
513
274
204
504
304
179
490
334
162
471
363
149
450
391
141
425
420
140
401
440
145
377
463
157
344
483
172
318
499
192
288
510
216
260
517
241
236
514
266
209
507
295
185
495
324
167
477
357
152
457
385
143
431
414
140
404
439
146
377
460
156
348
482
169
321
497
188
294
508
213
262
516
239
236
514
268
207
506
294
187
495
324
168
478
355
152
457
385
143
431
412
139
407
437
145
378
462
156
348
482
170
324
495
188
294
507
211
264
517
238
235
514
269
208
506
299
183
494
329
164
475
360
152
452
386
142
429
414
139
405
438
145
378
462
156
345
484
172
317
499
193
287
510
213
262
517
241
234
513
269
208
507
297
184
494
325
167
478
356
152
456
386
143
430
415
140
406
438
144
380
460
154
349
483
170
319
498
193
289
509
215
259
517
243
230
514
268
208
506
297
184
494
325
167
479
354
152
457
384
143
432
413
140
404
441
146
375
465
156
349
481
169
323
496
188
295
507
210
268
514
235
238
514
265
210
507
296
189
497
321
169
481
350
154
459
380
144
434
409
139
408
437
145
379
461
156
347
483
171
319
497
188
295
507
211
267
514
235
240
515
264
211
507
295
185
495
323
168
479
350
154
458
382
144
434
412
139
408
436
144
379
460
154
351
481
170
321
498
190
292
508
214
264
514
237
236
515
266
210
507
294
188
496
324
167
477
356
152
455
386
142
431
412
139
405
437
144
377
463
156
348
481
170
322
497
188
295
508
213
265
514
236
240
515
260
217
509
289
192
498
318
171
482
348
156
461
378
144
437
408
139
410
433
143
385
456
154
355
477
167
324
495
186
297
508
210
269
513
235
238
514
266
211
508
293
186
497
320
169
480
350
153
458
383
144
435
410
140
408
437
145
377
464
157
344
485
173
315
500
192
288
509
217
260
517
242
231
514
271
205
505
302
181
492
333
163
472
364
150
452
391
140
427
416
140
401
442
146
374
466
157
344
485
174
316
500
196
283
511
222
253
516
246
229
513
273
204
505
303
181
492
332
164
474
362
149
451
392
138
423
421
141
396
447
147
371
466
158
343
485
173
317
498
192
287
509
217
260
517
244
230
512
276
204
505
301
182
492
331
164
473
360
151
453
390
142
426
416
140
401
444
149
374
465
158
343
485
175
313
501
196
284
510
220
257
517
244
229
512
275
202
503
305
178
488
332
162
471
365
150
449
394
138
423
424
141
394
447
148
367
471
162
334
490
180
305
503
203
278
512
227
246
516
254
221
512
280
197
502
310
177
487
341
159
468
369
148
449
392
133
422
421
141
396
447
148
369
468
160
340
486
174
314
501
196
284
510
218
259
517
243
232
513
273
206
505
302
180
491
330
164
473
363
149
452
391
141
426
417
140
405
441
145
376
463
157
344
484
172
317
500
193
288
509
219
256
517
248
226
512
277
200
505
304
179
489
335
164
471
365
149
449
393
138
424
420
141
397
447
148
368
465
158
342
486
174
314
501
198
284
511
220
253
516
248
226
512
277
200
502
310
176
487
340
160
471
366
148
449
391
141
425
418
140
401
441
146
374
463
157
344
484
174
318
499
192
290
508
213
262
517
238
236
514
268
208
506
298
183
492
331
164
477
357
151
454
385
143
432
412
139
408
436
144
380
461
156
348
482
170
322
495
188
293
507
209
265
513
236
238
514
265
212
508
290
189
497
319
170
480
349
155
461
377
146
442
400
139
417
427
142
390
451
150
361
474
164
330
492
183
300
506
206
274
513
231
243
515
258
218
510
284
196
500
314
174
485
344
157
465
375
145
440
402
138
417
426
141
391
452
150
361
474
164
332
491
180
306
504
203
276
513
228
245
515
256
221
510
285
197
502
312
174
486
340
159
465
370
147
443
398
137
419
426
140
395
449
148
367
471
162
335
490
178
306
504
201
276
513
228
245
515
259
218
510
287
194
501
312
174
486
340
159
468
369
148
447
395
138
423
421
141
396
447
147
367
468
160
339
489
177
308
503
201
278
513
227
246
516
254
221
511
282
197
501
312
174
485
342
159
467
371
146
443
401
138
416
427
142
390
453
150
360
474
165
330
493
183
302
505
207
271
513
229
247
516
255
221
511
282
197
502
310
175
487
339
160
468
369
148
447
392
130
423
421
141
399
445
147
371
467
160
338
487
177
310
502
199
280
511
219
257
516
244
230
513
275
202
505
304
180
490
335
161
471
367
149
447
394
138
422
420
141
400
444
146
371
466
158
341
488
176
312
501
197
283
511
223
253
516
249
225
513
276
202
504
304
180
490
336
162
471
367
148
447
394
138
420
425
141
394
449
149
364
471
160
338
489
179
308
504
201
277
512
225
251
516
251
225
511
280
198
503
308
181
492
330
165
476
359
150
452
388
142
428
415
140
402
440
145
377
463
157
349
482
173
316
499
193
288
510
217
261
517
241
234
514
269
207
507
297
184
495
326
165
475
354
152
455
386
143
431
413
140
406
439
148
377
464
157
345
484
174
316
500
190
290
509
214
262
517
241
231
513
270
206
505
300
182
493
328
165
476
358
150
451
391
141
428
418
140
400
443
147
372
467
158
342
485
175
313
501
196
283
510
220
254
516
247
228
513
271
205
505
300
184
493
329
166
477
357
151
453
389
142
427
418
140
401
441
144
379
461
155
350
482
171
318
498
190
292
508
215
262
517
242
231
513
273
207
506
299
183
494
328
166
477
355
152
454
387
143
431
414
140
401
443
145
374
465
158
342
485
172
316
501
194
285
509
219
258
517
246
228
513
274
202
503
307
178
488
337
161
469
368
149
448
395
138
421
422
141
397
444
147
370
467
159
340
487
176
309
502
201
277
512
228
247
516
252
222
511
282
198
501
311
176
486
339
158
468
368
148
446
396
138
419
420
141
395
449
148
368
468
160
340
488
177
312
501
197
284
511
221
256
516
241
232
513
272
205
505
302
181
491
334
164
474
360
150
451
391
140
426
418
140
401
443
147
374
465
158
342
486
175
313
501
195
285
510
220
256
516
246
228
513
274
202
505
303
180
491
330
164
474
361
151
451
391
140
426
418
140
399
445
147
370
468
160
337
489
175
314
501
198
285
511
222
254
516
248
226
512
274
202
504
304
179
490
335
162
471
367
148
449
393
138
422
422
141
395
448
148
368
471
161
337
489
180
307
504
202
277
512
224
251
516
249
226
512
278
200
503
307
177
489
335
161
471
365
149
450
393
137
421
421
140
400
442
146
374
466
158
342
486
175
313
501
196
284
511
222
254
516
250
230
513
275
202
504
302
181
491
331
163
472
364
150
449
393
139
422
422
141
395
448
148
368
467
159
340
487
175
314
501
197
283
510
220
256
516
245
227
513
276
202
503
301
182
492
328
165
476
359
150
453
389
141
427
416
140
401
443
146
374
465
156
346
483
171
320
497
189
292
508
213
264
517
236
239
514
265
213
507
294
190
498
318
170
483
349
156
462
376
145
439
403
138
414
430
143
386
455
152
354
479
169
323
495
187
294
508
211
265
517
238
237
514
266
211
508
294
186
494
324
166
477
357
151
453
389
142
429
414
140
404
441
145
374
464
157
346
484
172
318
499
192
289
509
216
262
517
239
233
514
269
209
507
295
188
495
325
168
478
355
152
454
388
142
427
416
140
401
439
146
376
463
156
346
483
172
318
499
192
288
509
217
260
517
241
232
513
273
203
505
303
183
492
329
165
476
359
150
451
389
142
427
416
140
403
439
146
376
464
157
348
483
173
316
499
192
289
509
215
260
517
242
233
514
270
205
505
301
182
492
329
164
474
357
152
452
389
141
429
416
140
403
441
146
374
465
158
341
486
175
312
501
199
281
512
224
254
516
248
227
513
275
201
503
305
179
489
338
161
469
365
149
449
393
138
427
418
140
400
444
146
371
467
158
342
486
175
313
502
197
283
511
220
254
516
248
227
512
270
205
505
301
183
493
328
165
477
357
151
453
389
142
428
418
140
401
441
145
379
460
155
350
481
171
318
498
190
292
508
215
262
517
242
231
513
273
207
506
299
184
493
326
166
477
355
153
456
384
144
433
412
140
408
436
144
382
458
153
352
479
169
322
496
187
296
507
211
267
513
236
237
514
268
211
507
296
185
494
322
168
478
355
153
457
385
143
431
412
139
406
437
145
376
464
157
344
484
174
314
501
197
288
510
219
258
517
244
232
513
271
204
506
301
183
493
327
166
477
356
151
456
385
142
431
412
140
408
435
144
380
460
154
352
481
170
322
497
191
292
508
213
264
517
234
239
514
265
212
509
290
189
498
320
169
479
353
152
456
385
143
429
415
140
407
436
145
381
461
155
349
482
171
320
499
191
291
508
215
259
516
242
231
513
273
202
507
299
183
492
329
164
474
362
150
451
392
138
425
418
140
401
442
146
374
466
157
343
485
171
317
499
193
287
509
215
261
517
240
235
514
269
208
506
299
183
493
331
166
477
357
151
454
387
142
427
416
141
401
444
146
371
467
160
339
487
177
311
502
199
279
511
220
256
516
244
231
513
273
205
504
303
180
491
333
162
472
364
148
449
394
138
423
423
140
397
447
148
367
468
161
337
488
178
309
503
199
281
512
225
251
516
252
225
512
277
200
503
307
178
489
336
162
471
365
148
447
394
138
421
422
142
396
449
148
365
469
160
337
489
178
307
503
202
276
512
228
246
516
256
220
511
284
197
501
313
174
485
342
160
468
370
146
444
398
139
418
426
141
390
452
150
361
475
165
329
494
186
298
506
209
268
513
232
241
515
258
218
510
286
194
500
314
173
483
347
156
463
377
145
438
399
138
417
426
142
391
452
151
361
475
165
329
493
183
302
505
207
273
513
232
241
515
260
218
510
286
194
500
312
174
484
343
158
466
372
146
443
400
138
417
426
141
394
449
149
363
472
163
332
491
180
307
503
203
276
512
226
247
515
255
219
511
282
195
501
310
175
487
340
159
467
370
147
444
398
138
419
426
141
392
451
150
361
475
163
333
491
180
306
504
203
274
513
228
247
516
254
219
511
284
194
500
314
173
483
347
156
465
373
146
442
401
138
415
428
142
390
452
150
358
477
166
326
494
185
297
505
204
272
514
231
245
515
259
217
509
287
192
499
317
172
481
349
155
461
379
144
438
407
138
412
430
143
385
456
151
355
477
167
328
495
185
297
507
211
268
505
235
238
515
265
211
509
291
189
496
321
168
479
354
153
457
384
143
432
413
140
407
439
145
377
463
157
345
483
171
319
499
192
291
509
215
259
517
242
230
513
272
204
505
301
181
492
332
163
473
362
149
451
390
142
426
417
140
400
444
147
371
468
159
341
486
176
310
502
200
280
510
221
252
516
247
227
512
276
202
504
304
179
490
334
163
473
362
149
450
392
137
422
421
140
398
446
148
369
469
161
336
489
179
308
503
199
280
511
224
252
516
251
223
512
281
197
502
309
177
487
339
160
469
369
148
446
397
138
420
423
141
394
450
149
362
471
162
334
491
180
305
505
204
275
513
229
244
516
257
217
509
287
194
499
315
172
483
345
160
468
369
147
446
394
138
422
421
141
397
447
151
368
470
161
336
489
179
312
502
199
282
510
222
252
516
247
228
513
274
203
505
302
180
490
333
163
477
357
151
453
387
143
430
416
140
404
439
145
376
464
157
344
484
172
318
497
188
294
508
211
266
514
235
239
514
264
211
508
294
187
495
327
165
477
357
152
455
387
144
431
413
140
404
441
145
376
462
156
349
482
169
320
498
190
292
509
215
264
517
237
236
514
266
210
507
294
188
496
324
168
478
355
151
454
387
142
427
416
139
401
437
146
376
464
156
348
482
170
322
497
189
294
508
213
264
517
240
235
514
264
213
508
292
190
498
318
170
482
346
156
463
374
145
440
401
138
415
429
141
391
452
150
361
473
164
331
492
183
303
505
204
272
514
232
241
515
260
216
509
288
193
500
313
173
485
342
158
466
372
147
444
397
138
417
425
142
389
452
150
359
472
162
332
490
179
307
504
203
277
512
228
248
516
254
222
511
284
197
500
314
173
485
342
160
468
370
147
444
400
139
417
427
142
393
450
150
362
475
165
329
493
183
307
504
202
277
512
226
249
516
249
223
512
279
200
503
307
177
488
335
160
474
361
150
451
389
142
427
417
141
404
441
145
376
464
158
343
484
174
315
498
190
291
508
212
264
517
242
233
513
271
205
505
300
181
492
331
164
474
362
151
451
391
142
427
416
140
403
439
146
374
463
156
346
483
173
318
499
192
290
509
216
264
516
240
236
514
267
211
508
292
189
497
319
170
482
346
155
461
379
144
440
404
139
413
430
143
387
454
151
361
475
165
331
492
183
300
506
208
270
513
230
244
515
256
218
510
285
194
500
314
172
484
344
157
464
374
145
440
402
139
415
428
141
393
450
150
363
472
162
333
490
179
307
503
202
274
514
230
243
515
260
216
509
288
192
499
316
172
482
346
156
463
376
146
440
402
138
415
430
142
387
455
152
356
475
165
329
494
184
298
507
210
268
513
234
239
515
262
214
509
292
190
498
320
169
480
353
155
460
380
144
435
411
139
405
437
145
378
462
155
348
482
170
320
498
190
289
509
216
260
517
240
234
513
269
207
505
298
185
495
324
168
478
355
151
454
385
143
431
410
139
410
435
144
383
457
153
355
479
168
322
496
187
296
507
211
266
517
237
236
515
268
211
508
294
188
496
322
169
478
352
154
458
383
144
435
410
139
410
433
144
385
457
153
353
479
169
322
497
189
295
508
212
264
517
237
236
514
268
209
507
295
185
495
322
168
478
354
152
456
382
143
433
412
139
405
437
145
379
460
155
349
481
168
323
497
189
294
508
212
265
517
237
236
514
266
209
507
296
184
494
326
165
476
359
151
455
386
143
430
414
140
407
437
145
379
460
155
351
481
171
320
497
192
290
509
214
262
517
235
238
515
266
211
508
292
188
497
322
168
478
354
152
456
386
142
428
415
139
406
437
145
378
461
156
347
483
172
318
499
191
290
508
216
258
516
243
231
512
274
202
506
300
183
491
330
163
473
362
150
452
390
141
426
417
140
402
442
146
373
466
159
340
487
174
317
500
193
289
509
215
261
517
241
232
513
272
204
505
303
179
490
332
166
477
356
151
455
386
142
430
412
140
404
440
145
375
465
157
343
485
175
313
502
197
282
510
219
257
516
243
233
513
271
206
505
302
181
492
332
164
474
362
149
450
387
142
430
415
139
405
439
145
378
463
157
345
484
173
317
499
193
287
509
219
259
516
245
233
513
271
204
506
299
183
492
330
166
475
360
151
453
390
142
427
419
140
402
440
146
373
464
157
344
485
173
317
499
194
288
509
215
261
516
241
233
513
269
208
506
296
188
495
325
168
478
355
152
456
385
143
431
414
139
403
439
145
378
462
154
350
481
170
322
497
190
291
508
213
264
517
236
238
514
266
210
507
296
185
494
324
167
481
351
153
458
380
144
435
410
139
409
436
144
380
461
155
348
482
170
322
495
187
294
508
212
264
518
238
237
515
266
210
507
294
187
494
324
168
478
355
153
457
385
144
435
408
139
409
435
144
381
459
154
353
480
168
323
497
188
292
507
213
266
517
238
236
515
266
210
507
294
187
496
324
168
478
354
152
455
386
143
428
416
140
402
439
145
376
464
155
346
483
172
318
499
192
290
508
213
263
517
240
234
513
266
210
507
294
188
497
320
170
482
350
154
459
381
144
435
407
139
412
431
142
390
453
151
359
476
166
329
492
184
301
506
205
273
513
230
244
515
260
217
510
287
193
501
313
174
485
345
158
465
374
146
443
399
138
416
427
143
389
453
151
357
473
164
331
492
181
305
504
204
275
512
232
245
516
257
218
510
285
194
500
315
172
482
347
157
463
376
145
439
405
140
412
431
144
383
458
153
353
481
170
321
499
190
290
509
216
258
517
239
234
514
268
207
506
300
184
493
328
166
477
357
151
453
389
142
428
418
140
402
441
145
377
464
157
346
483
173
318
498
191
292
509
215
262
517
241
232
513
272
207
506
298
184
494
327
167
477
354
153
456
385
143
433
411
139
405
439
145
376
463
157
344
483
172
319
499
191
290
509
216
260
517
241
231
514
271
206
505
303
181
491
333
163
473
363
151
451
391
141
426
417
140
400
442
146
375
465
157
345
484
172
317
500
194
288
509
218
259
518
243
230
513
272
204
505
302
182
492
330
164
475
358
151
452
388
142
428
413
140
406
439
145
380
461
155
349
481
171
319
499
191
289
509
216
260
517
237
236
514
268
209
507
295
186
495
325
166
476
356
151
456
386
143
429
415
140
404
438
146
379
462
155
347
483
172
319
498
192
290
509
216
261
516
241
234
514
270
206
507
297
184
493
328
165
474
360
151
452
390
142
426
417
140
400
442
145
375
465
158
343
485
171
319
499
191
291
509
215
259
517
242
230
513
271
205
506
301
181
491
332
164
475
360
150
453
386
142
428
414
140
402
442
146
373
466
160
340
486
176
313
501
198
280
510
220
257
516
243
232
514
272
206
505
302
181
492
332
163
473
362
150
450
392
138
424
419
140
402
443
146
375
464
157
343
485
175
312
502
198
282
511
223
253
516
248
230
513
274
202
504
304
180
489
335
162
471
365
150
448
392
138
424
422
141
396
447
148
366
468
160
337
489
177
308
504
202
277
512
227
246
516
256
220
511
283
197
501
313
174
486
342
159
468
369
148
446
395
138
422
421
141
396
448
148
365
470
161
335
490
181
310
502
201
277
511
226
249
516
251
222
512
281
198
502
309
176
488
337
161
472
363
149
449
391
140
425
419
141
399
445
147
370
468
160
337
488
178
309
503
200
277
513
223
252
516
250
226
512
279
198
502
308
177
489
336
161
469
368
148
445
396
138
419
424
142
395
449
149
363
472
163
333
491
180
307
504
203
276
512
226
247
516
254
221
512
277
198
502
305
178
488
338
160
468
367
149
449
394
138
423
421
141
399
440
145
375
463
156
350
483
172
319
499
191
291
509
215
260
517
243
232
513
268
207
505
297
185
494
325
168
479
354
152
455
384
144
432
413
140
404
438
146
375
465
158
347
484
173
314
500
195
283
510
219
254
516
247
228
513
274
202
503
306
177
488
339
160
467
364
149
450
393
141
423
419
141
399
445
146
372
465
158
342
486
175
314
501
192
288
510
219
258
516
244
229
513
273
204
504
302
180
490
335
161
471
366
149
449
391
140
427
416
140
401
441
146
374
466
157
346
483
171
318
499
192
289
509
215
262
517
238
236
515
265
213
508
292
189
497
318
170
481
348
156
461
379
144
437
404
139
413
430
142
388
454
154
358
476
166
326
494
183
298
506
208
270
513
228
246
515
258
217
510
286
192
499
314
172
483
345
157
466
373
146
440
402
138
416
428
142
392
451
150
361
474
164
333
491
181
306
504
203
274
513
230
242
515
259
216
511
284
196
500
312
174
484
342
158
465
371
146
443
401
138
416
426
142
390
449
148
367
469
160
341
486
175
314
500
197
285
511
220
254
516
247
228
512
270
205
505
302
182
492
330
164
476
358
151
452
388
142
428
417
140
402
441
145
380
460
155
351
479
169
321
497
188
292
509
212
264
515
237
236
514
268
207
506
300
183
494
328
165
474
358
151
451
391
142
427
415
140
404
438
144
379
462
156
346
481
171
320
498
190
292
508
215
262
517
240
234
514
268
206
506
301
182
491
332
164
473
362
152
454
387
142
429
415
140
405
438
145
377
461
155
347
482
172
317
500
193
291
508
214
261
517
241
232
514
268
209
507
298
186
495
323
167
478
354
152
455
386
142
430
411
140
408
437
144
381
458
154
353
479
168
323
497
190
290
508
214
262
517
236
238
514
266
211
508
294
186
496
322
168
478
353
153
456
385
142
431
414
140
404
441
146
376
464
158
343
485
174
315
500
194
287
509
217
259
517
245
229
513
273
203
504
304
179
489
332
163
472
364
149
449
392
130
425
421
140
396
446
148
369
469
161
336
489
179
308
503
201
280
511
223
250
516
251
222
512
278
199
502
310
177
488
340
161
468
369
148
450
393
138
422
421
141
393
450
149
366
470
161
337
489
178
310
502
201
277
512
228
246
515
254
220
511
284
197
501
313
173
485
342
159
465
370
147
444
398
138
418
426
141
394
449
149
365
472
163
333
491
180
306
503
201
277
512
228
247
516
256
219
510
284
195
502
309
175
487
338
161
468
368
147
447
396
138
420
423
141
394
449
149
365
467
160
339
488
176
310
502
201
280
512
223
252
516
249
225
512
278
199
503
308
176
488
337
162
472
365
149
450
392
138
424
419
141
398
446
147
369
468
160
338
488
176
314
501
195
286
509
217
260
516
241
233
514
270
205
505
300
182
493
328
164
477
356
152
453
387
142
429
414
140
404
441
145
376
464
157
344
484
172
318
497
189
294
507
211
266
513
236
239
514
264
210
508
294
187
494
327
166
477
357
152
455
388
143
431
414
139
403
441
145
376
463
156
348
481
170
319
498
191
289
509
215
264
517
238
235
514
268
210
506
294
186
495
325
168
477
355
151
454
388
142
428
415
140
400
438
145
377
463
155
347
483
172
319
498
191
291
508
214
263
517
239
234
514
266
210
508
293
189
497
319
169
481
349
155
460
377
145
437
407
138
412
431
142
389
453
151
359
476
166
329
493
183
304
505
203
275
513
230
244
515
260
217
511
287
193
501
313
173
484
343
157
465
374
146
443
399
138
416
427
142
389
453
152
357
473
164
330
492
181
304
504
204
275
512
230
243
515
258
218
510
286
193
500
316
171
482
349
156
462
376
145
438
406
139
411
431
144
383
459
153
352
480
170
320
498
191
290
509
217
258
517
240
232
514
267
208
506
299
185
493
327
166
478
355
152
454
387
141
428
416
140
400
443
146
376
464
158
345
483
173
317
498
191
291
509
216
261
517
242
230
513
273
206
505
300
182
492
330
164
476
356
151
453
388
142
430
413
139
406
439
145
377
463
157
345
483
172
316
499
193
288
510
218
259
516
245
230
514
272
204
505
302
180
491
335
162
472
365
149
451
389
142
427
417
140
399
443
146
374
466
158
342
486
174
314
501
197
285
509
220
256
517
246
229
513
270
205
505
301
184
492
329
164
473
362
150
449
392
141
423
419
140
397
447
148
369
469
160
339
487
177
311
502
199
281
511
224
249
516
248
226
512
277
201
503
308
177
488
336
161
469
366
148
449
394
138
423
420
141
394
449
149
369
469
160
336
489
179
306
504
201
276
514
229
247
516
256
218
510
287
194
499
315
172
483
343
157
464
375
146
441
401
139
416
429
143
389
452
150
359
476
166
330
494
183
299
507
209
271
513
234
240
515
261
214
509
288
193
500
315
172
483
348
155
463
375
145
442
401
138
416
428
143
387
456
151
357
477
167
327
495
185
296
507
210
264
517
237
236
514
262
213
508
294
188
496
323
168
479
353
153
456
382
143
433
412
140
406
438
145
376
462
156
350
482
171
317
498
192
287
509
216
260
516
242
233
513
271
205
506
301
182
491
334
162
472
359
150
450
391
142
425
418
140
398
446
147
371
466
158
341
486
176
313
501
195
287
510
217
259
517
242
233
514
269
208
507
295
186
494
326
165
477
356
153
457
383
143
434
411
140
406
437
144
379
461
155
350
482
170
321
497
188
292
508
214
262
515
238
235
514
263
213
508
291
190
498
319
169
480
353
153
457
385
146
431
410
140
410
434
144
383
457
153
355
479
168
322
496
187
296
507
211
266
517
237
236
514
268
210
507
296
185
494
326
166
477
355
152
456
385
144
431
414
140
405
438
144
384
458
153
352
479
169
322
498
189
293
508
213
263
517
238
235
514
269
210
506
300
183
493
325
166
476
358
152
456
386
143
430
415
140
404
438
145
377
463
156
345
484
173
315
501
195
288
510
218
257
517
245
228
513
272
203
505
302
183
492
330
164
474
361
150
453
389
142
427
416
140
401
441
145
376
462
156
348
483
172
317
500
195
286
510
220
256
516
243
230
513
274
203
504
300
182
492
329
164
474
360
150
450
392
138
425
420
141
399
446
148
373
466
158
341
486
174
315
501
194
285
509
219
256
516
246
229
512
276
201
504
304
180
490
334
163
472
365
149
450
389
141
426
419
140
398
446
148
369
469
160
336
489
176
310
502
198
282
511
221
255
516
247
228
513
274
202
504
304
180
491
333
165
475
361
150
452
390
141
426
417
140
400
443
146
375
465
158
344
484
173
321
497
189
295
507
210
266
515
235
238
514
266
211
508
294
188
496
322
170
482
346
157
464
374
145
440
401
138
417
426
142
391
452
150
359
475
165
331
491
181
303
505
204
273
513
232
243
515
260
217
510
288
191
499
318
170
482
346
155
463
377
146
442
400
138
417
428
142
388
452
150
361
473
164
330
493
183
301
506
208
272
513
233
241
515
259
215
509
286
194
500
314
174
486
340
160
467
371
146
443
398
138
417
424
142
392
451
149
365
473
163
334
491
181
306
504
203
276
512
229
246
515
253
220
510
285
196
501
312
174
485
343
158
465
371
146
443
399
138
416
427
142
392
452
150
364
471
162
334
491
179
305
504
202
277
512
225
247
516
254
222
511
283
196
502
309
176
488
338
161
469
365
149
449
391
141
425
418
141
399
445
147
369
465
158
342
487
175
311
502
199
280
511
222
253
516
248
227
513
275
201
503
308
177
489
336
162
472
365
150
451
392
137
425
418
141
399
445
147
370
469
160
337
489
179
312
501
198
282
510
221
253
516
247
229
513
273
204
505
303
180
490
332
163
478
356
152
454
386
142
430
415
139
402
442
147
372
466
159
340
487
175
314
501
197
284
510
218
259
516
245
230
513
274
202
504
305
179
489
335
161
469
367
147
446
398
138
419
425
144
395
448
149
368
468
160
337
488
176
311
501
199
281
511
224
249
516
252
223
513
275
202
503
305
179
489
336
162
470
366
148
447
394
138
423
420
140
397
447
148
367
469
159
343
485
174
315
500
196
285
510
219
256
516
246
229
513
275
201
503
308
181
491
334
162
474
362
150
452
388
142
429
415
140
405
438
145
377
463
156
350
483
172
319
497
191
288
509
213
261
517
240
234
514
270
206
506
300
183
491
333
163
474
358
151
452
390
142
426
417
140
400
444
146
372
465
157
342
485
174
316
499
190
290
508
217
260
517
242
234
514
268
209
507
294
187
495
324
167
478
354
154
458
382
143
435
410
139
407
435
144
380
460
154
350
482
170
322
496
187
294
508
213
264
512
236
237
515
263
214
509
290
191
499
316
171
482
348
154
460
381
144
435
404
138
413
430
142
388
454
152
358
475
165
328
494
183
300
506
206
270
513
230
243
515
260
217
510
286
192
499
314
173
484
342
157
464
374
145
438
406
139
411
434
144
386
456
152
354
478
168
323
497
188
295
507
212
265
506
236
236
514
268
210
507
295
186
495
321
168
478
354
153
457
384
143
432
413
140
405
437
145
379
462
155
347
482
172
316
500
193
290
509
216
258
517
243
229
513
270
206
506
300
184
493
328
165
474
361
150
450
393
138
424
418
141
399
445
146
372
466
159
342
486
173
314
501
197
281
510
224
250
517
248
226
513
277
202
504
305
180
491
336
162
472
361
149
451
389
142
425
418
140
401
441
146
376
463
156
346
483
173
315
500
193
287
509
218
257
516
244
231
513
273
203
506
301
181
492
329
165
475
360
151
453
390
142
427
418
140
401
444
147
372
467
158
341
487
173
317
500
193
289
508
213
264
518
238
235
514
269
208
506
299
183
492
332
165
476
358
151
454
388
142
428
414
141
403
440
145
378
463
157
347
483
172
323
495
186
297
506
208
267
514
233
240
515
264
213
509
290
189
496
321
168
481
350
155
461
377
145
439
405
139
414
429
142
390
453
150
360
474
164
330
491
181
303
505
203
273
513
232
244
515
260
217
510
287
194
500
315
172
483
348
156
462
378
146
441
401
138
416
430
143
387
454
151
357
477
166
327
495
187
294
508
212
265
517
238
236
514
265
213
509
290
190
497
318
172
483
344
157
463
376
145
439
405
138
412
428
142
389
454
150
359
476
166
329
494
184
298
506
208
271
514
234
239
514
264
212
508
292
191
499
318
170
482
346
155
461
376
145
439
406
139
413
432
143
384
457
153
356
478
168
324
495
185
300
506
206
270
513
234
241
515
262
214
508
292
188
496
320
170
482
345
158
464
375
146
442
400
138
419
425
142
395
449
149
365
470
162
334
491
179
308
503
201
278
511
224
249
516
253
221
510
282
197
502
312
174
486
343
159
467
371
147
445
397
138
419
424
141
393
451
149
364
471
161
336
489
177
312
501
197
282
511
221
254
516
247
228
512
276
202
504
304
180
490
335
163
474
362
150
450
388
142
426
418
141
402
441
146
375
465
157
342
485
174
316
500
195
286
510
218
258
517
243
232
514
272
203
505
302
181
492
331
165
474
360
150
450
393
137
423
421
141
400
444
146
372
465
157
344
484
172
316
499
193
288
509
218
259
517
245
230
514
271
207
506
298
184
493
327
167
477
357
151
455
386
142
429
414
140
403
437
144
380
461
154
350
481
171
320
498
191
290
508
215
262
517
241
232
513
273
203
505
303
185
494
324
168
479
353
153
456
383
144
433
412
139
405
440
145
376
464
157
343
485
174
313
499
193
289
509
213
264
518
238
237
514
267
208
507
299
183
492
329
164
475
355
152
454
387
143
431
414
140
405
438
144
380
462
156
347
482
172
316
499
193
287
509
217
261
517
242
233
514
269
208
507
295
186
495
323
168
479
353
153
456
386
143
432
413
140
404
438
145
375
464
157
348
482
170
321
497
190
293
508
214
263
513
235
240
515
261
213
508
289
192
499
317
172
483
347
155
460
380
144
433
409
139
408
437
144
381
460
155
352
480
170
323
496
187
297
507
211
268
514
235
238
515
265
216
509
291
188
497
319
170
480
350
154
459
382
144
435
409
140
406
439
145
379
461
157
347
482
170
321
496
189
292
509
214
262
517
241
234
514
268
209
507
296
185
494
328
165
476
358
152
455
387
142
429
413
140
404
440
145
374
465
157
344
484
173
314
501
196
281
511
222
252
516
247
226
512
275
202
503
306
179
490
336
162
471
365
149
448
393
138
423
415
141
402
443
146
372
467
158
342
485
174
316
500
193
288
509
216
260
517
237
236
514
268
209
506
298
183
494
326
165
477
355
152
454
387
142
427
416
141
401
443
147
375
465
158
342
486
176
313
501
195
285
509
219
258
516
246
227
513
275
201
504
305
179
489
333
162
471
365
149
447
394
138
423
422
141
396
447
148
367
469
161
339
487
173
318
499
194
287
510
219
257
517
244
231
513
271
204
504
303
180
491
332
164
474
362
150
452
390
141
426
416
140
399
445
147
371
468
159
341
487
175
312
501
197
282
509
217
259
516
243
230
513
273
204
505
302
181
492
330
165
475
360
151
452
390
142
424
419
141
403
441
146
375
465
157
343
485
172
316
500
195
286
510
217
259
517
243
234
514
270
207
507
298
184
493
326
165
476
358
151
453
387
143
430
415
139
406
439
144
377
462
156
347
483
171
321
497
188
294
508
213
262
517
240
236
514
269
207
506
296
186
495
327
167
477
357
151
455
388
142
431
411
139
406
438
144
380
461
153
353
479
169
324
496
187
293
507
212
266
514
234
241
516
260
216
509
290
194
499
314
173
485
344
157
465
370
146
443
398
139
419
426
142
393
451
150
367
470
161
334
490
178
308
503
200
280
511
223
253
516
249
227
513
275
201
505
301
181
491
330
164
473
362
150
452
390
142
426
417
140
402
442
147
373
463
155
347
484
172
317
500
193
288
509
214
263
516
239
234
514
270
205
505
302
180
491
335
164
474
361
150
452
388
142
428
416
140
401
443
146
372
467
160
342
486
174
318
499
193
288
509
217
260
516
242
233
514
271
207
505
301
182
492
329
164
474
361
150
451
387
142
429
414
140
405
440
145
379
462
156
347
484
173
315
500
196
283
510
221
255
516
246
231
513
273
203
504
301
182
493
330
165
475
360
151
453
390
142
427
419
141
403
443
146
375
462
156
345
483
171
317
499
192
289
509
216
261
517
241
233
515
265
211
508
294
187
496
321
170
482
349
155
461
380
144
435
409
139
406
437
144
380
462
153
351
481
171
321
497
189
293
508
212
265
514
237
236
514
268
207
505
299
185
494
326
166
479
354
153
455
385
143
431
414
140
406
439
145
374
465
158
342
487
177
312
499
194
288
509
214
262
516
242
233
513
270
205
505
300
181
491
332
162
472
364
149
449
392
141
429
416
140
403
441
146
373
464
159
343
485
173
317
499
194
287
509
217
261
517
240
234
514
267
208
506
298
184
493
328
166
476
358
151
452
390
142
427
417
140
402
439
145
377
463
156
346
483
170
320
497
190
292
508
214
262
517
241
232
513
268
207
506
300
184
492
328
164
475
360
152
455
385
144
431
414
139
405
437
144
380
461
155
350
482
170
322
496
189
294
508
211
264
517
240
235
514
268
207
506
301
182
493
329
164
473
359
149
450
391
142
427
416
140
401
443
146
373
466
158
342
486
175
315
501
193
289
510
217
259
518
244
231
513
271
205
504
303
180
490
334
162
472
364
150
450
392
137
427
417
140
400
441
146
373
466
158
343
485
175
313
502
196
282
511
223
252
516
246
228
512
274
203
504
304
181
492
332
164
473
362
149
450
392
130
422
421
140
397
447
147
371
466
159
343
485
173
316
498
192
287
509
218
259
517
245
