509
462
380
289
286
283
279
198
196
194
191
353
263
185
131
132
133
135
137
138
138
162
228
231
318
408
481
510
498
496
494
492
424
422
488
418
417
328
325
322
321
319
315
226
223
220
218
155
143
153
150
145
192
194
274
365
368
372
375
458
505
505
506
507
455
373
284
200
144
143
142
140
189
135
133
131
131
133
136
160
162
229
231
320
411
414
416
420
489
516
488
516
484
481
477
474
396
304
217
214
152
145
146
148
201
283
287
291
383
463
506
508
506
451
503
445
360
269
267
264
185
131
132
135
160
224
226
229
316
406
481
510
498
435
347
257
254
338
335
245
172
169
139
167
236
238
327
330
419
423
426
493
495
496
497
499
444
500
514
472
470
392
302
214
213
211
151
149
147
146
197
198
201
285
288
210
213
214
218
220
307
398
474
476
504
499
439
435
347
345
254
179
136
138
162
230
315
405
236
325
414
485
486
488
489
491
493
495
516
483
481
406
403
398
306
219
214
379
286
282
195
192
140
152
212
216
220
224
226
230
320
411
484
486
517
491
487
416
326
236
318
230
160
141
142
142
186
263
267
271
361
447
451
504
511
464
383
291
206
147
146
147
148
142
150
208
295
297
389
468
507
505
502
442
439
435
348
256
253
249
174
171
239
166
139
172
140
141
180
183
185
188
191
270
273
365
369
372
455
504
510
462
382
290
205
283
280
197
194
191
189
186
133
131
157
221
226
230
319
409
483
515
494
491
492
516
485
483
481
407
317
228
227
225
159
141
142
143
143
144
145
145
195
143
148
201
285
289
292
384
465
467
507
505
450
447
445
359
269
189
135
133
131
157
217
220
161
162
229
232
235
237
326
416
420
423
426
427
493
495
496
515
481
408
406
476
400
309
222
219
156
141
143
143
187
266
270
272
362
366
450
504
510
465
382
290
205
203
279
195
193
189
186
131
155
216
220
224
313
404
408
482
516
495
492
425
421
485
413
409
318
314
224
220
155
153
144
190
193
195
198
201
284
288
378
462
506
507
453
368
446
360
355
264
259
182
178
176
173
137
139
139
139
173
247
337
342
346
433
267
358
362
366
371
373
457
505
505
507
507
452
451
449
364
362
359
268
189
351
260
256
179
177
139
139
138
139
168
239
328
331
422
424
492
494
516
484
412
408
407
316
400
310
225
222
219
154
142
143
144
144
145
192
273
363
365
367
452
505
511
505
509
462
381
378
375
283
279
275
194
191
190
188
133
131
131
133
159
222
139
162
231
318
322
325
327
331
334
423
426
493
495
516
481
407
319
231
162
160
141
141
141
154
143
189
268
272
276
367
371
375
458
504
509
508
458
376
283
280
278
196
360
269
266
187
185
131
133
137
138
139
163
232
235
323
326
329
418
489
516
492
493
495
515
515
479
404
314
310
223
220
157
154
142
143
189
269
273
364
369
452
454
504
462
506
507
454
452
367
362
271
266
186
131
132
135
160
226
229
233
322
326
245
336
340
429
431
495
516
479
477
401
398
308
304
215
213
152
144
145
145
196
200
283
374
291
381
462
506
507
506
451
366
363
359
355
263
260
256
253
249
245
242
169
319
230
163
141
141
181
259
350
354
358
445
501
502
512
469
391
301
213
153
145
191
271
362
367
371
455
505
460
505
508
456
453
370
278
195
193
190
136
133
131
133
135
137
162
229
233
169
241
244
247
251
256
259
348
350
437
499
500
514
473
397
305
217
153
143
188
268
271
275
201
284
376
458
461
506
508
455
451
447
363
361
357
266
184
180
136
138
162
170
139
139
139
140
176
253
344
349
436
498
514
514
474
395
303
216
212
209
150
146
147
149
142
151
210
214
218
221
225
229
232
235
324
328
331
420
423
426
428
494
496
440
499
514
474
473
393
301
215
212
210
206
203
200
197
194
193
190
134
131
181
134
138
161
163
231
236
324
329
332
422
491
516
485
482
408
406
313
225
304
217
212
209
206
202
144
143
139
135
131
157
221
226
232
322
414
417
422
341
345
350
354
357
361
367
453
457
460
505
507
455
370
278
195
192
189
135
184
132
136
161
163
232
322
327
333
422
428
431
435
498
499
501
514
470
392
465
383
293
206
285
281
197
142
139
152
210
213
215
218
221
224
228
317
406
481
513
496
494
517
490
422
332
328
238
235
165
164
139
139
175
177
180
256
260
350
353
441
274
364
369
372
376
459
505
508
506
454
369
366
362
271
190
186
133
131
132
178
137
138
161
163
230
319
409
412
416
418
489
490
492
494
516
484
411
321
231
163
140
177
157
142
143
188
191
273
365
368
374
459
462
506
507
506
505
448
443
357
264
260
257
179
175
244
240
237
166
163
140
141
141
143
187
264
268
272
363
368
286
288
292
385
389
395
474
503
504
499
497
495
492
423
420
416
326
237
166
139
140
140
141
157
142
143
187
189
270
361
446
448
452
504
510
463
381
289
285
280
198
143
270
188
185
181
178
137
161
165
167
237
327
330
334
425
430
495
498
514
477
513
470
390
298
381
290
205
202
197
194
139
153
154
213
217
304
394
472
504
502
500
439
352
495
426
423
334
329
241
168
139
139
139
141
141
141
142
186
264
267
271
363
201
284
288
379
382
463
465
507
508
505
503
444
440
355
263
184
182
179
177
246
244
239
168
167
140
172
173
175
177
178
180
183
261
265
269
271
361
447
281
371
374
456
458
505
505
509
508
457
456
374
372
282
280
278
197
196
195
359
269
190
188
187
132
131
157
158
222
224
228
229
232
318
409
411
412
484
331
418
488
515
516
491
490
489
487
485
415
326
324
235
165
140
140
174
247
336
425
427
493
432
496
516
482
481
407
317
229
226
224
158
141
142
143
143
143
144
144
192
146
147
196
199
200
203
286
288
292
381
462
506
507
506
451
367
365
362
272
192
189
134
153
130
132
158
222
224
225
228
314
318
408
410
412
484
486
489
517
490
487
419
484
411
321
231
228
161
141
141
142
184
262
352
354
441
445
449
452
504
512
467
387
297
212
291
209
151
145
145
195
197
199
202
204
286
289
292
382
464
506
507
454
371
281
278
196
194
269
189
188
133
132
131
134
159
161
227
230
233
321
325
327
331
334
338
340
343
345
348
350
352
438
497
498
499
514
477
402
313
226
226
160
141
141
178
142
142
180
256
258
347
349
434
437
438
498
499
500
514
476
401
313
226
224
305
220
219
157
156
142
185
260
263
265
267
357
358
441
442
500
514
475
399
310
225
223
159
303
217
215
214
214
153
142
143
143
144
188
266
268
356
441
442
443
500
514
501
502
514
471
471
394
306
219
218
216
214
154
153
143
144
188
267
270
357
442
444
446
501
449
450
503
504
504
504
511
464
463
383
293
209
207
148
145
146
147
199
202
139
151
208
210
212
296
387
466
466
507
507
453
450
367
364
273
192
140
135
154
213
214
217
158
222
224
226
228
316
405
480
482
484
515
494
492
489
421
420
417
415
327
410
320
317
230
229
163
140
140
141
180
253
343
345
347
350
436
438
498
498
442
445
448
451
453
505
504
510
509
460
379
288
286
203
146
147
200
281
282
286
376
378
459
383
464
507
507
506
453
371
279
278
275
194
191
189
187
133
131
131
131
156
179
135
137
138
138
137
164
232
233
320
321
323
412
483
515
496
431
344
342
253
251
251
248
333
245
172
171
170
139
139
167
169
240
327
328
418
420
422
490
516
489
489
515
486
416
328
327
241
239
167
165
164
140
140
140
174
247
249
337
424
425
340
343
345
346
347
432
494
516
516
485
414
327
327
326
324
321
235
166
140
169
238
240
326
241
243
331
333
334
337
423
425
426
428
493
494
516
485
412
326
326
325
323
408
407
405
316
315
228
162
140
141
141
177
250
253
256
344
343
344
345
347
260
347
432
494
495
516
484
412
412
413
326
239
238
168
139
139
139
139
169
239
326
327
328
244
247
248
336
337
338
339
426
426
427
428
428
429
430
494
349
434
496
496
497
515
482
408
406
318
233
165
165
140
140
140
140
140
175
247
336
421
423
337
340
426
428
430
494
516
486
484
483
482
480
479
407
320
318
232
164
139
163
139
172
245
246
335
337
338
340
426
428
493
493
516
486
416
414
412
411
480
479
405
317
314
227
226
161
160
140
141
177
179
253
252
340
427
428
430
494
516
486
417
485
484
414
326
325
238
168
139
139
168
237
323
323
411
482
514
497
436
351
262
261
260
183
347
257
256
179
177
137
138
138
139
138
163
229
231
317
405
478
507
499
498
498
498
436
351
433
348
259
258
256
253
251
175
174
139
163
228
229
231
316
405
477
505
500
480
481
510
498
498
436
352
264
263
262
263
185
184
131
131
131
133
157
218
158
158
221
305
305
394
470
507
507
504
450
367
366
365
363
275
195
195
195
143
142
142
150
141
140
138
138
136
153
211
212
214
216
218
304
393
470
507
504
449
448
365
502
445
444
442
440
356
267
266
265
262
185
132
131
154
213
214
215
300
390
304
393
470
506
474
504
503
445
444
358
268
267
265
263
261
184
131
131
132
157
219
221
224
161
227
312
400
402
405
479
507
510
498
498
497
496
495
494
430
345
344
342
427
427
425
423
423
336
333
245
243
243
241
170
138
139
139
169
239
239
327
243
330
418
420
420
488
517
491
491
424
421
421
420
418
333
330
329
241
170
325
322
234
165
166
165
140
140
140
172
243
243
245
334
334
336
338
423
490
340
426
427
429
430
431
494
495
495
496
497
497
515
482
408
407
318
231
165
316
229
228
161
160
141
141
141
142
142
184
259
262
351
437
498
499
514
477
405
317
229
227
311
225
161
141
141
141
179
254
254
341
343
428
431
494
494
495
495
496
496
437
497
497
498
498
514
479
407
407
319
231
163
162
161
143
141
141
177
251
180
254
256
343
345
346
431
495
496
496
497
498
498
514
479
406
319
231
163
140
140
141
177
141
141
180
254
256
258
346
348
349
435
496
497
498
515
479
406
406
404
316
476
402
314
227
225
222
221
220
217
215
154
153
144
144
189
190
192
193
194
146
147
147
148
148
201
202
282
284
286
288
377
458
458
505
508
459
379
289
455
372
283
280
279
198
195
194
193
141
139
152
152
152
210
211
214
297
386
217
299
389
466
468
469
507
505
504
503
446
444
443
358
268
265
263
185
131
131
131
132
133
135
137
138
138
138
163
229
232
233
319
405
478
505
500
441
358
269
269
268
354
266
265
187
186
185
131
132
134
135
137
159
222
223
225
311
400
401
403
319
408
410
482
483
483
515
495
495
494
430
346
344
342
254
252
249
176
137
245
173
138
138
141
166
236
323
325
326
329
330
331
334
422
422
425
427
427
343
345
348
351
352
438
497
499
499
501
513
472
395
305
219
217
216
154
143
211
152
152
144
144
191
269
271
273
363
365
367
368
369
451
453
504
511
468
511
466
463
384
383
381
292
209
207
206
205
204
203
146
145
146
147
198
198
148
148
148
149
149
203
285
285
285
375
455
505
504
511
465
464
384
294
209
207
150
148
147
200
145
144
143
142
150
206
288
291
293
381
463
506
507
456
374
373
283
282
368
366
363
362
361
272
193
141
139
137
137
135
133
133
153
211
292
379
459
505
509
460
382
461
382
291
209
207
149
148
145
145
192
193
272
273
360
362
363
364
365
448
281
368
451
503
504
504
511
466
465
386
297
212
210
152
144
145
189
191
192
271
360
362
364
278
367
449
450
450
503
512
469
468
467
390
301
298
297
213
211
210
152
143
206
204
147
146
146
197
277
367
369
371
372
456
458
504
505
509
462
382
293
209
151
149
148
203
146
144
144
143
149
150
204
207
290
380
462
506
509
460
379
377
288
286
372
284
282
199
198
196
194
141
142
141
139
137
135
133
154
213
297
387
467
508
506
452
369
448
446
362
361
360
357
267
264
262
260
259
256
253
251
176
137
138
161
226
163
230
316
406
407
408
482
513
514
495
496
494
493
492
426
338
336
336
333
418
415
412
411
408
407
405
315
313
227
225
161
140
141
141
181
257
259
260
187
189
191
271
272
360
362
365
366
449
450
503
512
470
394
305
218
217
155
298
213
212
210
206
149
148
146
146
144
144
143
149
149
149
204
285
287
287
208
291
381
461
463
506
508
458
456
375
286
283
283
201
145
144
143
148
149
142
141
140
138
136
153
209
293
295
385
463
506
507
507
456
374
373
283
282
201
199
198
196
272
192
141
150
151
152
209
292
294
382
463
506
507
506
453
372
282
200
144
148
148
150
202
150
204
205
206
207
289
378
458
459
505
509
462
462
382
293
210
209
151
145
188
265
265
267
191
193
271
360
360
362
364
447
448
449
449
503
512
470
393
305
221
221
157
300
215
214
212
211
210
151
151
150
149
148
145
145
146
196
197
277
279
368
282
371
454
504
505
511
466
388
385
295
211
152
151
144
144
190
267
269
271
360
444
446
447
365
367
450
503
504
504
512
467
466
389
299
216
214
154
143
143
144
185
263
187
264
265
355
356
357
442
499
500
514
474
400
398
311
226
224
224
224
223
158
141
141
141
158
141
179
250
250
252
341
342
343
429
493
494
495
496
516
483
413
324
237
321
234
166
139
167
139
139
170
171
171
171
172
173
246
335
421
423
424
491
492
493
516
485
516
484
412
323
322
233
165
139
140
140
176
249
251
251
339
341
342
429
493
346
432
432
495
495
516
484
415
414
412
325
236
235
165
139
140
172
243
245
333
419
420
488
424
426
492
492
494
495
496
497
497
498
499
499
501
514
475
398
310
225
224
305
220
217
215
215
154
143
143
143
189
190
193
272
361
364
366
450
451
504
457
505
509
461
460
380
290
207
205
203
201
200
198
194
143
141
140
141
137
187
184
131
156
157
217
303
392
395
471
506
504
503
447
446
444
442
440
440
512
497
496
494
493
428
425
337
335
332
244
172
170
168
139
139
169
239
326
242
244
246
247
250
337
339
342
345
346
432
434
495
496
515
482
481
479
407
514
476
400
310
307
219
219
217
216
155
142
143
142
187
265
355
440
442
444
500
514
473
396
469
390
302
215
213
153
143
144
145
190
192
193
196
197
278
278
368
371
453
287
378
459
505
506
505
508
456
454
453
370
280
277
197
194
192
191
190
188
349
260
183
131
133
135
138
139
138
138
166
236
238
325
328
330
418
419
488
336
423
425
429
430
433
496
497
498
499
499
500
514
475
398
308
221
219
155
295
211
209
150
149
146
146
147
148
149
203
285
287
288
378
459
505
509
461
381
378
288
285
369
367
363
272
269
189
135
153
155
157
218
220
306
396
472
505
502
444
359
441
439
437
348
345
342
339
336
334
330
241
169
168
139
140
140
140
141
178
142
182
182
184
185
262
351
436
437
498
498
499
500
515
476
402
400
397
307
393
303
218
217
215
154
143
143
143
145
145
145
146
195
196
196
198
200
200
149
204
204
206
207
289
378
458
459
505
505
509
509
461
381
292
209
151
144
188
190
190
192
146
147
197
198
199
198
279
367
369
371
372
453
504
511
467
388
298
215
213
381
291
207
149
147
147
147
145
144
144
149
152
204
289
291
381
383
463
505
465
507
507
454
505
505
450
367
364
361
360
356
355
267
266
262
184
183
131
181
133
159
223
162
227
313
404
406
480
481
482
482
514
497
434
349
347
345
257
254
253
178
249
176
175
175
174
138
163
229
230
314
402
404
406
479
508
499
498
497
496
486
515
494
493
493
427
425
423
421
334
332
244
241
239
168
139
140
169
239
172
245
333
418
335
337
340
426
428
430
430
494
495
515
483
411
410
408
405
477
401
311
224
308
222
219
156
155
142
142
183
185
187
188
189
190
269
270
194
197
199
201
202
284
286
288
289
291
380
460
461
505
507
457
375
287
204
202
199
144
143
195
193
142
140
137
134
132
131
131
156
218
220
221
307
396
473
504
502
444
500
499
439
354
353
262
259
258
256
179
177
175
138
139
138
164
231
320
410
239
326
329
418
421
489
516
490
488
486
484
483
481
408
321
317
230
162
139
140
140
177
251
180
257
347
349
351
437
499
499
501
502
513
471
392
302
215
212
211
207
149
202
145
144
148
149
203
206
209
211
213
296
388
391
468
508
505
450
366
364
361
357
266
186
261
258
179
135
137
161
162
229
232
321
325
327
329
333
336
339
342
429
432
349
352
438
498
499
514
477
403
400
311
223
159
141
141
180
182
260
263
352
190
269
271
361
363
447
502
513
512
469
391
301
298
298
212
152
144
145
146
192
272
364
365
279
370
452
504
504
511
467
465
464
386
384
295
292
208
150
145
144
192
193
195
196
277
364
278
367
369
451
454
504
511
466
464
385
294
210
209
150
144
145
145
145
194
144
147
147
149
150
150
205
288
290
291
381
461
461
464
507
507
454
374
281
280
279
197
195
273
192
191
137
135
132
131
156
157
217
303
394
471
506
505
504
446
443
441
498
497
496
495
494
427
424
336
333
331
328
241
168
139
139
140
173
246
249
179
181
184
259
262
351
436
498
499
500
514
474
472
395
305
219
217
213
211
379
288
205
149
147
145
144
143
140
139
153
154
213
216
303
395
472
504
502
442
439
353
264
347
343
253
249
246
242
239
168
167
139
139
174
245
247
250
253
256
259
263
189
269
272
363
366
450
504
511
510
463
383
291
206
204
146
144
144
143
141
189
187
132
131
133
136
138
161
163
230
318
408
481
483
515
495
493
491
424
516
485
484
481
478
402
310
222
216
153
144
145
146
195
198
202
205
208
293
156
217
220
224
226
230
317
406
410
483
515
495
494
429
427
424
421
417
329
482
409
319
230
227
224
221
219
215
211
151
149
148
146
147
148
149
204
287
208
292
384
464
467
470
506
503
502
443
440
436
434
346
257
253
250
247
173
241
170
168
166
164
140
141
141
141
181
257
349
352
438
499
514
475
399
308
220
217
214
211
290
206
147
145
144
148
150
207
210
214
300
390
394
472
504
502
500
440
437
495
493
493
490
489
487
415
411
407
317
229
226
223
221
155
154
143
143
188
149
146
147
147
149
202
285
376
380
462
465
507
507
504
502
443
440
353
264
261
259
181
179
249
248
246
243
239
168
140
140
140
174
248
340
342
429
430
495
497
515
479
514
476
400
398
394
304
217
215
216
211
208
150
145
146
196
197
201
202
204
151
207
288
290
293
296
386
466
468
469
507
504
448
444
358
270
268
265
185
348
259
256
180
178
137
137
138
138
138
163
230
232
320
321
322
410
483
515
486
487
488
489
491
516
487
415
413
411
408
319
317
229
163
140
140
140
177
252
254
344
345
261
264
266
356
358
444
500
514
513
471
394
302
216
213
153
143
188
191
193
144
147
148
202
204
287
289
292
295
386
466
508
507
503
446
445
443
357
267
265
263
184
130
181
179
177
137
138
138
139
166
168
238
327
331
335
339
426
429
430
496
515
499
500
513
473
471
392
300
215
213
211
208
205
202
199
197
142
142
151
152
133
131
131
155
157
220
307
397
400
475
504
500
440
437
351
261
259
257
180
338
248
173
171
170
139
140
170
172
245
332
335
337
425
428
431
495
496
497
357
443
501
513
513
470
392
302
298
212
152
144
145
146
147
147
148
148
203
287
290
382
463
386
390
470
506
505
502
444
441
439
437
352
261
259
257
180
134
136
160
226
138
166
236
324
326
415
417
419
421
490
491
516
516
486
416
327
324
320
316
401
312
226
159
220
217
215
213
209
150
146
147
148
201
204
207
290
382
464
506
507
454
370
449
446
444
441
440
354
263
259
257
254
253
177
138
138
138
165
232
233
320
238
326
416
487
486
515
492
490
488
486
416
414
411
408
318
230
162
162
140
159
141
180
258
184
263
266
356
359
444
500
513
513
472
395
306
220
220
155
143
185
187
266
191
193
196
199
203
286
288
377
381
462
465
508
508
504
504
447
443
356
265
260
258
179
177
246
241
238
167
165
140
141
141
142
182
258
264
268
271
363
279
282
286
379
383
387
467
507
507
504
502
443
441
436
435
347
343
252
249
333
330
327
324
320
316
228
224
223
219
156
142
142
144
190
193
197
200
203
151
209
211
215
219
221
225
313
315
406
480
512
497
495
431
343
340
335
246
415
326
324
320
317
230
161
141
141
181
258
260
264
355
443
500
513
471
392
300
213
212
208
286
282
199
196
194
192
189
187
183
132
158
222
225
229
317
407
410
482
515
486
514
492
490
487
418
328
238
236
166
139
170
172
243
332
420
423
426
427
492
516
487
416
484
483
410
322
318
231
229
227
225
222
158
156
142
142
183
185
263
266
357
196
274
365
368
372
454
505
511
511
466
385
295
293
209
152
144
144
191
193
272
360
361
364
278
368
370
372
373
375
457
505
505
505
509
459
378
288
287
285
284
201
200
278
196
195
143
142
151
204
206
207
290
378
459
461
505
509
459
378
290
206
205
147
146
196
144
148
149
149
149
150
206
287
289
379
460
505
505
508
508
457
376
285
283
281
279
198
143
193
140
136
153
154
215
217
219
221
306
396
473
504
502
444
441
441
438
353
434
347
258
256
254
178
135
137
138
161
225
227
229
316
406
408
481
482
483
417
487
515
492
516
490
489
488
487
485
485
483
481
406
317
230
162
140
141
176
178
180
181
142
143
143
187
188
189
190
269
270
360
363
365
368
450
452
287
376
458
505
505
506
508
457
455
455
373
284
282
280
279
199
197
195
194
357
267
188
135
133
132
131
131
132
133
158
158
221
224
309
398
473
504
503
447
445
361
358
439
438
353
265
263
186
184
131
131
131
132
157
220
221
221
307
395
473
505
474
505
503
448
447
363
363
272
272
269
267
189
189
135
135
132
131
155
215
156
157
218
302
303
392
469
470
471
506
504
448
447
447
446
446
445
362
359
271
192
190
189
263
184
183
132
133
134
136
160
161
227
230
316
406
409
412
484
515
495
494
515
492
426
424
421
420
332
329
327
241
170
170
139
139
169
237
240
328
329
174
246
334
422
422
422
424
425
426
427
492
493
494
494
494
495
517
484
484
515
482
409
321
319
233
166
139
139
139
140
172
173
244
246
247
334
336
336
179
252
253
256
257
259
346
349
351
436
497
515
515
478
405
317
230
163
140
140
140
140
141
157
141
179
254
257
259
262
352
354
438
498
514
477
402
312
226
225
159
141
157
155
142
183
184
261
351
437
439
498
499
515
514
476
398
311
225
222
157
156
141
143
182
153
143
143
189
189
267
268
271
273
363
365
369
369
451
504
511
467
388
300
215
214
154
143
152
144
190
192
194
196
198
199
200
281
281
370
452
453
504
512
469
392
303
467
388
388
298
296
211
209
207
205
205
203
202
146
145
145
148
149
150
204
151
208
208
210
212
214
216
219
220
222
224
226
229
315
405
477
506
509
498
515
496
433
346
343
254
252
178
177
175
138
138
138
138
165
231
319
407
408
239
327
417
417
419
488
517
490
490
488
420
330
328
238
237
167
166
139
173
245
335
336
338
252
254
344
345
348
350
432
496
498
515
478
405
405
403
400
398
308
221
158
219
156
142
183
186
188
190
270
272
361
363
366
367
370
454
456
505
510
463
509
461
379
289
373
283
282
200
197
195
194
192
190
139
135
132
131
131
155
182
181
134
158
159
223
307
394
397
473
505
503
501
501
442
356
266
263
262
183
131
131
133
177
176
174
173
171
137
139
168
169
239
241
243
245
248
336
338
339
425
426
342
344
346
431
432
433
496
497
497
515
482
410
408
407
405
477
404
315
228
310
223
222
157
158
142
181
256
258
347
347
349
436
496
497
499
514
479
405
475
401
311
226
225
225
161
140
140
141
142
141
142
142
185
264
266
267
357
194
273
274
363
364
447
501
513
514
471
393
306
302
216
215
154
143
186
261
349
352
437
498
359
442
443
446
447
503
513
472
472
396
307
221
219
216
155
155
142
183
259
260
261
261
262
188
266
268
356
357
442
500
514
514
476
401
401
314
228
161
140
175
175
248
177
252
254
342
344
430
495
496
496
497
497
497
498
515
479
406
405
318
231
164
140
140
174
140
140
176
249
250
252
340
340
342
343
429
430
493
494
516
486
416
329
241
326
239
169
139
166
139
139
170
171
172
173
174
176
249
336
424
425
427
492
494
495
516
485
515
481
408
319
319
231
163
139
140
140
175
248
251
253
342
344
347
432
496
353
438
499
499
499
514
478
403
401
313
226
162
160
141
141
179
254
256
257
345
431
432
495
435
495
516
484
482
409
322
322
321
233
164
140
140
173
243
331
417
419
421
422
422
425
427
344
347
348
350
351
436
437
497
498
515
480
407
319
231
164
140
139
140
173
140
140
175
248
248
336
338
340
343
344
344
429
429
429
431
494
516
486
486
516
484
483
413
412
412
325
238
237
167
139
139
139
139
170
240
327
414
414
329
417
418
488
488
516
492
491
490
489
488
488
488
419
417
329
242
169
138
165
165
232
319
234
320
320
321
323
410
481
511
513
498
497
496
495
432
348
347
345
257
181
341
253
252
253
251
251
178
177
176
176
175
174
138
138
138
165
232
233
321
237
324
412
483
483
514
496
496
495
430
345
345
343
254
253
252
252
251
176
335
248
247
173
173
138
138
162
162
163
227
227
228
229
315
404
478
505
500
439
352
263
262
348
260
184
183
182
131
157
215
216
216
300
390
390
466
467
507
507
455
374
286
287
205
149
203
146
147
147
148
148
149
149
150
150
203
205
206
206
207
151
209
209
290
291
380
460
505
504
509
462
382
380
379
291
208
207
205
204
202
146
145
144
195
142
151
206
207
287
376
457
458
505
505
510
510
463
383
295
211
153
152
144
189
266
267
192
269
269
358
359
359
442
443
444
444
444
444
500
514
475
402
313
227
225
396
307
223
158
158
156
142
142
142
181
258
260
262
349
352
435
497
498
515
480
408
406
406
476
402
313
226
225
223
222
158
157
156
142
142
182
183
185
261
351
437
497
439
498
514
478
476
401
400
397
395
306
221
219
218
155
141
142
143
184
262
349
351
437
497
438
498
515
480
479
404
314
227
225
159
141
141
141
182
259
261
264
354
441
443
445
500
513
502
513
470
393
391
302
217
214
211
151
144
144
145
193
274
364
366
368
450
285
375
457
505
505
510
461
381
379
291
207
149
149
147
147
146
195
197
200
281
370
452
504
454
504
512
467
466
389
299
215
215
214
154
143
143
143
186
187
189
191
192
145
146
147
147
148
199
200
282
284
372
454
504
505
510
464
463
384
295
211
151
144
144
145
147
147
146
147
148
147
148
149
149
150
204
286
374
455
504
511
466
389
298
387
297
213
212
211
209
209
207
205
148
147
145
145
145
147
148
148
149
150
141
139
151
152
153
154
214
214
216
218
219
305
393
469
507
504
449
447
363
501
442
441
438
436
350
262
261
257
256
179
133
136
137
161
225
227
229
315
167
234
236
324
326
415
417
420
420
423
490
491
491
492
493
516
486
416
328
483
410
411
410
408
406
318
232
231
164
140
140
140
140
175
246
333
419
421
337
423
424
490
491
491
492
493
494
516
485
485
483
412
411
324
324
236
166
140
169
239
325
241
328
329
330
332
333
333
336
337
338
340
340
339
424
424
339
341
343
345
344
430
494
516
516
487
418
331
329
242
241
239
169
139
139
168
170
239
326
242
242
329
329
330
331
417
417
418
420
420
488
516
492
492
427
427
425
339
423
338
336
247
246
174
172
172
171
138
165
232
233
234
318
406
407
409
480
323
324
410
482
482
511
498
498
498
439
356
269
269
193
191
192
193
192
191
356
267
189
138
137
137
137
136
135
134
154
154
213
214
298
385
386
465
506
466
507
506
457
507
506
454
372
371
370
281
199
198
144
149
202
282
285
288
290
380
460
505
462
506
507
456
455
373
285
202
200
199
197
195
194
142
142
141
140
138
152
187
185
131
156
156
218
218
218
220
221
306
394
395
470
507
505
504
449
447
502
444
442
358
356
266
264
187
186
185
184
183
182
131
132
157
217
303
392
468
508
506
453
505
452
370
281
279
279
199
198
197
143
143
142
141
151
205
288
287
376
456
504
510
466
386
464
386
296
212
210
151
144
144
145
192
193
195
197
198
278
279
367
368
450
282
371
453
504
504
512
468
392
392
303
219
218
216
155
142
142
183
184
185
260
348
351
436
353
355
440
441
442
443
446
447
448
449
449
451
504
512
469
392
304
220
219
301
217
215
155
155
155
142
142
142
143
143
143
187
188
189
266
355
438
498
441
499
499
514
514
477
403
402
401
313
227
161
160
141
140
176
176
175
176
141
178
251
340
254
342
428
429
430
494
494
516
516
484
412
413
325
236
236
166
139
139
140
162
162
141
176
176
178
251
251
252
254
256
345
346
348
349
435
496
497
498
442
499
514
478
476
403
314
228
227
162
141
140
141
177
177
178
252
339
341
256
258
259
261
262
351
437
497
497
497
498
498
499
514
479
406
318
230
229
227
226
161
140
159
141
178
253
254
254
256
257
257
258
259
259
259
348
349
263
265
265
266
268
356
439
498
498
499
499
500
500
514
475
402
315
228
227
226
224
159
141
159
141
141
180
181
254
342
343
344
345
347
433
495
495
496
515
483
483
482
515
481
409
408
408
320
235
167
167
139
139
139
139
165
232
317
405
477
504
502
445
445
445
501
443
443
444
444
360
360
272
271
193
142
141
151
205
205
206
286
288
288
208
210
293
382
383
385
464
507
508
508
506
451
369
369
279
198
196
195
143
270
191
140
140
140
150
207
290
292
381
461
505
505
508
459
378
289
207
206
148
147
146
194
145
146
147
147
147
147
198
197
199
199
279
369
450
451
503
513
472
396
308
223
222
221
221
305
220
220
158
158
141
141
180
181
180
181
180
254
341
343
429
428
427
427
344
346
346
347
347
431
493
516
516
485
415
330
243
171
171
171
139
138
138
173
173
172
172
172
139
138
164
164
231
231
316
401
402
403
476
504
503
448
502
446
446
363
363
275
196
143
143
143
142
143
143
143
149
149
149
150
205
151
206
208
208
210
212
293
381
383
382
461
505
505
505
509
461
381
292
207
208
150
144
145
147
146
146
193
194
273
362
362
363
363
364
445
501
514
475
402
317
231
163
229
229
229
230
230
163
140
171
171
171
170
170
171
240
325
325
409
480
506
507
500
441
441
501
442
358
271
270
269
268
191
190
190
189
139
151
205
286
374
455
504
511
504
512
471
395
471
394
306
223
223
159
141
141
141
141
141
177
248
249
249
336
419
419
486
419
419
487
514
515
495
496
495
495
495
494
495
433
348
347
348
260
261
261
348
261
185
185
186
132
154
212
212
212
295
381
380
460
504
509
463
386
298
215
155
141
142
154
142
142
142
142
143
142
142
143
143
143
143
143
185
259
347
346
347
348
263
262
263
264
264
352
437
497
497
515
481
409
322
235
235
167
142
140
139
164
163
140
171
172
173
244
244
243
331
418
419
421
489
489
517
492
426
426
516
490
490
489
489
422
337
337
336
336
250
249
176
176
137
137
137
138
138
174
173
138
138
138
139
138
164
164
230
315
403
476
503
502
444
444
361
361
442
358
270
191
269
191
190
139
139
138
139
137
135
153
211
293
382
460
505
509
509
461
381
459
379
291
208
207
149
149
150
149
144
145
145
145
146
192
193
194
196
198
147
197
199
280
284
285
375
456
458
505
510
463
462
383
293
209
209
151
144
144
144
144
145
148
147
147
146
146
147
147
198
198
280
369
369
372
454
504
511
465
388
299
385
383
295
211
210
210
151
144
144
144
190
190
190
191
269
358
361
360
443
362
446
446
501
501
513
474
399
398
307
222
158
158
157
142
181
258
261
262
350
436
497
498
439
498
515
480
480
407
319
232
233
166
139
169
171
243
244
330
418
419
420
421
423
425
426
343
345
348
350
354
438
440
442
444
445
502
502
512
470
392
467
389
299
215
296
210
207
149
147
146
146
195
196
198
200
202
283
372
374
455
504
510
464
509
460
378
288
285
202
146
144
144
148
149
203
203
287
289
291
382
464
507
506
451
368
365
445
359
270
189
188
185
131
131
132
133
136
159
223
225
226
313
401
405
407
323
412
416
418
420
489
517
490
489
487
416
414
411
408
406
405
318
230
163
227
161
141
141
141
179
253
344
346
347
349
351
353
356
441
442
443
499
514
448
502
513
473
471
394
305
219
217
215
215
214
212
151
144
145
144
191
192
146
195
196
275
277
279
369
452
454
504
511
467
465
388
299
215
215
154
143
143
144
187
187
144
189
191
192
194
195
272
360
361
363
446
447
447
448
503
513
473
398
310
397
309
223
222
221
157
141
141
142
141
142
143
142
183
259
261
263
263
264
144
188
266
355
357
359
444
444
445
501
514
475
474
400
310
224
159
141
141
141
177
249
250
179
252
340
338
339
342
428
430
430
494
516
485
484
413
411
410
410
321
318
404
315
229
227
226
161
140
177
179
180
180
181
183
259
260
262
262
265
353
268
357
442
500
500
501
513
473
472
396
308
221
220
218
217
215
213
154
143
144
186
187
188
144
145
145
192
192
194
194
194
196
199
279
369
452
504
511
467
390
301
216
298
298
214
214
213
212
210
210
212
207
207
207
150
144
144
145
145
193
194
146
145
146
147
147
198
199
278
278
367
368
370
452
504
511
467
389
301
216
298
214
154
143
142
184
185
262
264
351
435
497
497
498
498
499
500
514
475
514
474
401
399
398
310
224
159
158
142
141
141
142
181
256
343
344
346
432
494
516
484
414
516
482
411
322
321
322
319
231
230
163
140
174
174
175
176
178
252
342
344
260
263
265
269
271
361
363
366
368
452
504
511
510
465
462
380
289
205
147
146
145
144
144
195
194
193
193
190
137
134
153
154
213
215
217
220
223
311
163
231
233
322
325
415
418
487
488
490
491
517
516
488
419
329
326
237
167
139
170
243
246
177
178
181
183
186
265
268
358
361
445
447
503
512
467
387
296
212
209
207
284
201
200
198
198
142
142
151
151
153
211
212
214
300
391
469
506
504
449
365
364
361
358
440
438
351
260
257
180
134
158
159
224
312
400
402
406
410
483
485
486
488
423
426
429
494
495
516
482
482
479
406
403
313
226
224
159
141
141
142
183
143
187
189
267
270
361
364
367
368
371
454
457
505
510
463
382
291
207
205
203
146
147
148
142
141
152
209
209
295
386
466
467
508
505
451
448
445
360
357
266
262
184
345
254
251
248
245
173
172
170
168
139
170
171
243
246
335
338
341
343
429
347
436
497
498
499
514
477
401
399
309
223
157
156
142
142
184
261
264
266
354
440
442
444
365
367
449
451
453
504
510
464
461
381
290
207
205
203
146
145
144
143
150
140
151
209
210
213
299
388
467
469
506
505
448
445
360
356
265
187
183
181
135
160
224
227
164
165
235
323
326
417
419
422
425
428
432
495
497
498
498
514
475
398
307
393
302
216
153
159
