470
182
275
516
284
169
456
418
149
337
506
234
208
497
348
148
416
458
171
291
517
276
174
469
402
142
354
494
211
238
510
323
154
430
429
150
334
503
221
221
503
343
148
414
453
168
297
512
271
178
473
396
144
352
499
220
228
510
324
150
422
445
162
298
513
261
191
480
379
139
379
484
191
263
515
305
157
439
436
157
326
508
243
207
496
350
143
397
466
177
281
517
277
174
461
411
144
345
498
204
239
510
322
154
432
443
157
318
511
251
192
486
367
139
390
477
189
256
512
311
155
433
427
149
337
505
226
223
505
340
148
416
450
166
301
514
268
187
476
392
142
356
497
209
233
511
320
155
434
433
156
312
513
249
195
488
373
139
383
476
188
258
513
310
156
434
440
155
330
505
232
210
498
345
144
411
455
169
294
513
274
176
471
398
143
350
499
213
236
506
334
153
429
445
158
315
511
253
198
491
360
137
397
472
184
263
516
295
164
455
403
142
362
495
204
238
510
322
154
432
443
156
318
511
250
201
492
357
140
416
457
170
284
517
275
176
464
399
143
358
497
208
234
509
326
149
429
439
158
306
513
262
198
485
377
140
381
478
190
256
514
304
159
440
426
153
320
511
249
202
493
364
141
401
463
164
293
515
274
182
472
398
143
358
496
214
235
509
326
152
428
439
160
305
514
263
190
479
370
131
396
473
178
279
517
289
172
466
404
142
352
499
213
237
507
323
150
438
429
153
317
509
244
199
491
358
139
391
477
182
274
516
294
169
463
409
141
365
493
209
241
508
328
152
435
441
156
311
510
248
202
488
372
139
384
482
188
267
515
275
182
477
391
140
365
488
202
250
513
311
158
442
425
152
321
508
240
210
502
346
146
410
455
170
286
510
265
183
472
398
141
359
496
207
235
506
334
146
413
453
168
306
514
262
190
484
378
139
379
479
191
262
516
297
162
446
429
150
326
509
243
200
491
368
143
398
471
183
273
516
285
168
462
410
144
346
497
210
232
504
338
146
417
442
156
319
511
242
208
497
357
143
400
471
182
275
516
293
164
449
417
148
339
505
224
225
508
328
149
427
440
160
304
514
256
196
483
381
139
385
480
193
260
515
299
176
465
406
144
350
496
207
243
511
317
153
428
439
159
305
514
263
190
484
379
140
379
485
186
271
516
297
167
453
421
146
343
499
212
236
507
332
150
422
445
162
307
509
244
199
491
359
143
398
472
177
282
517
286
175
470
401
144
356
493
209
257
513
309
155
443
424
148
331
504
231
211
494
353
142
404
467
179
272
516
296
162
447
428
145
345
498
211
239
511
322
154
439
435
159
309
510
250
201
487
374
139
383
470
182
267
516
283
176
464
407
143
358
492
200
251
512
316
153
437
438
158
307
513
261
185
486
367
137
390
471
183
265
515
294
164
448
417
146
339
504
231
210
493
354
142
394
474
186
278
517
289
172
466
405
144
352
495
213
229
507
323
150
423
444
157
318
512
236
208
491
366
143
399
471
182
275
517
283
169
464
407
143
357
496
208
242
509
326
149
428
431
154
315
512
245
198
490
368
137
389
478
189
265
516
294
163
448
418
149
329
507
240
209
502
345
146
419
448
160
312
513
247
203
494
354
142
403
467
180
280
518
280
184
473
395
142
362
489
204
238
510
321
151
432
435
152
320
510
249
194
488
356
141
401
462
169
285
517
282
176
465
406
143
360
495
206
236
507
324
150
423
444
162
309
508
243
200
486
366
139
391
477
182
275
517
284
176
464
407
144
358
497
207
259
514
309
157
443
423
151
323
506
237
205
490
360
137
388
479
190
264
515
295
163
448
426
145
346
498
210
239
508
329
148
426
448
160
303
512
256
195
483
372
139
385
468
180
270
516
281
172
459
413
145
343
499
221
229
506
323
153
432
444
157
309
513
259
186
486
367
140
390
471
182
266
515
293
165
450
424
148
331
504
231
211
499
352
142
395
473
185
279
517
288
167
461
411
144
345
498
211
238
507
321
151
425
442
156
311
513
257
195
483
380
138
386
480
192
261
515
298
162
453
420
147
335
503
227
221
503
332
150
423
437
157
308
513
250
200
487
367
141
391
477
188
267
517
292
165
450
424
151
322
507
238
204
499
352
144
413
453
162
297
513
260
192
480
376
138
389
477
190
257
514
302
175
462
409
146
347
497
216
233
508
327
149
427
440
159
305
514
263
184
473
395
142
362
490
191
263
514
305
163
448
419
147
345
498
211
231
504
338
145
409
456
169
284
514
265
182
471
381
140
377
486
192
252
514
307
162
445
429
150
324
509
244
206
491
367
138
405
466
177
273
516
286
173
462
402
144
354
498
210
231
504
339
146
417
450
165
293
514
267
193
487
374
139
383
482
188
267
516
293
164
449
416
148
340
504
231
210
498
336
146
419
454
164
296
514
263
189
478
389
141
368
485
199
244
509
315
153
430
444
161
299
512
252
200
486
367
138
398
471
178
282
517
277
180
475
393
142
364
493
203
257
514
303
159
448
417
146
347
497
217
233
508
319
152
426
441
155
312
512
239
203
493
362
142
403
468
180
279
517
289
167
459
413
146
342
499
213
229
506
332
149
430
429
150
325
506
228
221
503
341
147
415
452
166
290
517
276
175
463
409
144
374
488
195
249
513
310
156
435
432
155
314
512
246
203
494
361
142
404
461
163
297
514
262
190
485
369
131
396
473
184
264
516
295
163
454
419
147
337
506
233
216
502
330
152
426
441
156
311
513
257
195
489
363
142
394
475
186
270
516
290
166
466
404
144
344
499
212
238
507
322
151
425
443
157
310
513
257
195
482
382
140
367
487
200
260
514
308
157
445
430
154
316
509
244
198
486
367
137
398
471
183
273
516
294
163
449
425
146
338
502
224
224
501
346
146
419
455
168
288
510
271
178
466
405
142
361
495
212
237
510
305
159
439
434
153
320
511
249
201
493
355
142
402
469
180
278
517
281
172
472
397
143
360
490
198
253
514
297
162
446
420
147
335
505
234
208
497
348
145
416
456
170
301
514
266
188
483
373
139
375
481
194
250
513
309
156
436
438
159
306
513
262
191
485
377
136
396
473
185
272
517
287
169
461
411
144
345
498
211
232
504
338
148
426
434
156
312
513
248
195
488
372
139
385
476
186
269
515
299
161
451
422
148
334
503
228
220
507
333
150
430
437
154
316
511
244
206
495
358
140
399
471
183
265
515
294
174
463
409
144
356
497
216
234
508
328
152
426
440
159
303
514
264
183
472
397
143
360
491
192
261
514
307
162
445
429
151
334
507
235
206
495
359
138
398
471
183
265
516
293
164
449
409
145
338
501
216
233
505
336
149
427
440
159
304
514
263
189
483
370
139
394
474
186
261
515
298
161
452
413
145
352
499
212
229
503
341
147
423
451
166
300
514
268
192
481
384
141
373
483
195
248
513
311
156
434
433
155
312
512
256
195
489
363
141
394
475
175
286
507
272
183
472
397
143
360
491
199
245
510
324
150
423
444
162
299
508
243
206
496
349
145
407
465
171
282
517
276
180
469
401
142
365
488
195
266
514
300
160
450
425
151
322
507
238
204
494
353
144
412
460
173
288
512
271
178
467
404
141
361
490
205
246
512
314
154
439
436
157
309
512
250
200
487
374
139
383
481
187
267
516
274
182
471
399
141
358
496
215
234
506
334
146
420
446
164
298
512
271
179
480
386
139
371
484
197
255
512
304
159
447
427
149
328
508
241
201
492
364
141
400
469
182
285
517
282
176
471
398
143
359
491
206
244
511
308
157
437
438
154
316
511
252
199
491
359
145
415
451
166
300
514
268
180
476
392
141
365
492
202
242
511
318
153
427
432
154
314
512
245
205
494
360
143
397
472
183
273
516
294
168
462
410
144
357
497
216
226
509
318
153
428
440
155
314
512
246
204
495
360
142
405
459
172
290
517
278
185
475
393
142
364
494
202
241
510
319
152
435
433
155
322
510
247
204
494
344
146
420
446
158
306
513
262
191
479
386
141
371
488
204
239
510
320
155
434
441
155
312
508
240
203
493
354
141
394
474
180
270
515
297
167
453
413
147
335
502
220
222
500
349
145
423
444
161
301
513
259
193
487
366
140
391
477
188
266
515
301
160
449
416
142
356
497
209
242
508
327
150
427
440
155
313
509
247
203
494
353
143
403
447
163
296
511
263
189
478
387
140
369
485
198
253
514
306
160
446
428
150
326
506
235
214
503
340
145
415
451
161
300
515
259
193
488
368
140
399
471
183
265
515
292
175
463
408
145
348
501
223
226
506
326
152
428
439
159
305
514
263
184
479
370
138
387
479
184
264
516
295
167
454
411
147
345
502
225
223
501
346
146
418
456
164
294
513
256
195
488
363
138
385
481
186
261
514
307
162
445
421
147
343
499
219
245
509
322
151
431
443
157
310
511
250
201
487
365
141
400
463
170
285
517
266
188
483
373
139
384
481
187
268
515
299
161
451
422
150
324
509
244
198
486
368
138
381
465
177
273
516
285
174
468
402
142
355
498
210
240
508
329
148
426
448
160
302
514
264
189
488
371
139
385
474
186
261
516
290
167
452
421
147
343
503
227
221
504
340
154
431
443
157
317
511
250
199
491
366
140
391
471
183
266
515
301
160
443
432
155
314
512
230
211
499
344
146
420
454
167
297
512
270
178
474
394
142
363
489
204
247
514
304
159
447
418
146
346
497
210
232
505
337
148
426
441
155
312
513
256
196
489
362
142
402
461
173
279
517
279
178
473
387
140
370
490
198
255
512
314
154
432
443
153
328
506
234
215
501
347
146
417
450
160
310
513
257
188
477
389
141
359
480
186
260
514
299
162
445
421
147
334
503
229
221
499
341
147
415
459
172
291
518
276
174
475
392
141
365
488
194
250
513
301
160
450
424
148
339
500
223
218
502
344
149
428
446
159
314
512
256
190
484
378
140
379
479
190
263
515
296
163
447
411
144
353
499
211
231
505
338
149
425
442
156
320
508
233
209
497
346
144
426
448
164
295
514
264
183
478
379
140
378
485
191
254
514
305
158
439
436
157
309
513
258
208
492
356
144
409
464
170
285
516
273
177
471
390
140
368
486
200
251
512
291
165
451
422
148
341
500
221
227
503
343
148
422
453
167
289
517
278
174
469
402
142
364
484
190
256
513
303
160
441
426
148
338
505
235
209
497
354
144
410
456
169
303
514
265
189
483
380
140
377
481
193
261
516
290
172
466
405
143
351
499
199
245
512
315
160
437
429
150
334
503
228
221
503
341
145
414
453
167
298
511
252
199
491
359
137
397
473
178
282
516
286
174
462
410
144
354
498
211
256
513
312
155
440
434
156
311
510
249
202
488
365
141
401
470
181
277
516
291
166
451
423
146
340
504
229
220
502
334
150
428
438
158
307
512
253
198
485
368
138
389
459
172
282
517
277
175
469
401
142
364
493
203
249
511
320
155
434
440
156
313
513
256
196
493
354
142
393
468
180
269
517
281
177
472
397
143
360
490
207
244
512
315
162
445
421
147
342
499
213
237
510
323
153
423
444
162
308
513
260
192
481
366
138
391
477
183
274
516
285
174
463
409
143
355
497
216
233
505
337
149
435
440
155
314
510
246
197
490
361
132
396
473
179
280
516
287
168
454
419
147
345
498
218
239
507
331
148
424
449
166
293
515
267
186
475
383
140
373
483
189
257
514
285
169
456
416
144
347
497
216
234
505
336
148
427
440
160
313
512
255
190
484
379
139
378
474
185
270
516
288
172
460
412
144
353
498
212
238
507
331
148
424
443
162
327
505
234
208
497
356
140
399
464
176
275
516
284
169
456
417
148
339
504
231
210
498
345
149
427
448
160
312
512
256
196
489
371
140
386
475
186
260
515
298
161
445
414
144
351
499
214
236
509
325
153
430
445
162
308
514
261
185
480
377
140
381
484
190
263
517
287
173
461
402
144
353
498
211
230
504
339
148
424
450
165
292
517
275
187
476
392
141
375
487
194
250
513
310
156
435
431
151
323
509
246
197
484
378
140
370
490
197
255
512
313
163
447
419
147
345
498
218
223
504
339
148
417
457
171
285
517
274
175
464
381
140
375
487
194
251
513
308
161
444
422
147
342
503
228
221
503
341
145
423
452
167
291
513
260
193
481
374
139
375
487
194
251
513
309
156
436
438
159
307
514
262
192
486
377
139
390
478
189
257
515
302
159
441
425
149
330
504
232
210
498
345
146
419
448
156
313
512
255
196
484
371
139
386
479
192
263
516
297
167
453
420
150
336
503
227
215
501
331
148
424
450
160
302
514
266
188
483
374
139
385
481
187
268
516
299
161
458
414
145
350
496
207
236
506
324
150
422
452
162
298
513
261
192
480
385
140
372
489
197
264
516
296
163
455
419
146
346
498
211
239
507
329
151
425
442
156
311
513
241
202
487
364
141
393
476
188
268
516
291
166
458
415
145
341
500
222
228
512
316
153
430
438
158
308
513
252
192
486
376
139
389
471
183
274
516
294
164
449
417
149
347
501
225
226
506
329
148
419
447
159
305
514
255
189
478
388
141
361
490
206
245
512
314
162
446
420
146
343
499
212
237
509
323
154
432
436
157
309
513
259
187
476
374
139
383
482
188
266
515
300
165
450
416
146
349
500
222
227
506
335
147
437
439
158
306
511
253
198
485
368
139
389
478
183
273
516
294
164
448
418
149
329
508
232
225
505
336
149
428
447
163
296
514
263
190
485
370
139
380
479
190
263
514
278
173
461
402
142
354
498
210
239
508
320
151
434
440
156
312
512
256
196
489
371
139
386
468
179
271
515
288
172
466
403
142
353
498
211
238
507
330
148
424
442
160
319
510
249
195
488
373
139
376
481
193
260
514
298
161
444
430
154
316
511
253
192
480
376
138
390
477
189
274
516
293
169
463
408
146
339
500
223
226
506
335
150
420
454
168
288
517
254
190
485
377
139
380
484
190
264
514
303
160
448
426
149
338
501
224
224
508
319
152
428
441
156
313
512
246
204
494
361
142
405
466
178
281
517
277
174
468
402
142
372
488
195
257
515
302
160
442
424
148
340
501
223
227
506
335
150
421
452
158
307
514
260
192
480
384
140
373
488
202
249
513
310
156
435
440
158
305
514
263
190
479
369
139
388
472
178
281
516
286
173
468
402
142
364
493
210
241
508
328
149
434
440
159
304
510
246
204
490
361
143
405
460
167
299
513
260
192
480
385
139
389
478
188
265
514
302
160
449
416
146
339
501
223
226
503
344
146
420
453
168
289
513
256
199
486
377
139
389
478
189
265
516
294
164
456
417
146
348
497
208
234
511
318
152
428
439
155
315
512
245
205
495
360
143
397
472
184
265
516
294
164
449
417
146
357
497
216
234
508
327
149
428
439
159
305
513
253
198
485
377
139
389
478
172
290
514
268
186
475
392
142
364
493
202
249
513
310
156
435
440
159
314
511
254
197
490
352
142
405
460
168
289
513
269
185
480
377
140
381
483
189
264
516
294
164
462
410
146
347
497
209
240
508
319
152
427
447
159
305
513
262
184
473
395
140
380
485
197
256
513
312
155
441
433
156
312
510
248
196
489
371
136
386
479
191
262
515
271
179
467
403
142
362
495
204
248
510
321
152
433
442
156
311
512
256
195
483
380
140
377
474
186
261
516
289
172
459
413
145
352
499
212
237
507
332
151
423
443
161
327
506
234
207
496
357
140
399
464
176
275
516
283
170
458
415
148
341
500
222
220
504
342
150
421
451
167
299
514
268
180
475
391
142
357
493
201
250
511
318
153
428
446
159
306
513
244
205
491
368
136
389
478
190
265
516
294
164
456
416
148
331
508
238
204
490
361
142
404
453
168
289
512
262
191
479
387
140
380
484
197
255
513
312
155
433
441
160
311
513
257
189
488
372
139
377
480
186
261
513
297
162
446
420
147
336
502
227
223
504
339
152
433
441
160
312
512
256
196
489
371
139
378
480
192
262
515
296
163
447
428
149
328
508
218
224
505
329
152
427
447
159
313
512
254
197
490
360
133
396
472
184
264
517
286
174
468
392
142
365
488
194
250
514
309
160
443
423
148
341
500
222
244
509
325
154
438
437
157
308
510
251
200
487
366
140
392
476
187
267
515
300
160
444
432
147
334
506
236
214
500
350
143
406
457
171
292
515
267
188
482
382
140
367
487
200
252
514
290
166
452
422
147
334
503
228
221
503
340
145
416
458
171
284
517
274
175
482
373
139
383
476
187
260
513
299
161
445
422
147
335
506
235
207
496
349
145
416
458
171
301
514
266
188
483
373
138
376
481
193
252
514
306
157
439
436
157
309
513
258
194
487
365
143
409
456
170
295
506
272
177
472
397
142
361
495
204
246
512
313
154
432
427
149
328
505
225
223
505
338
149
419
448
164
296
510
272
177
473
396
142
370
490
198
246
513
313
154
433
434
157
311
513
249
196
484
380
139
386
480
192
263
515
296
178
468
402
144
354
493
203
247
513
312
155
434
433
155
321
510
247
204
494
343
147
421
445
158
307
513
260
193
481
375
139
383
482
188
267
516
291
165
451
422
150
325
504
228
221
500
341
148
415
451
161
301
514
267
187
482
383
141
375
486
194
276
517
290
166
458
414
145
343
499
212
237
507
323
150
423
443
156
310
513
258
194
482
381
138
385
481
193
261
515
298
162
453
421
147
335
503
227
223
505
330
151
425
435
156
312
512
248
202
493
362
142
395
474
185
271
515
296
164
447
419
146
346
498
210
240
514
310
155
434
433
155
313
512
247
203
494
362
142
404
460
173
289
513
270
191
485
368
137
398
471
184
266
516
293
165
450
416
146
340
500
223
229
503
326
150
421
445
158
307
513
261
192
486
376
140
382
483
189
266
516
293
165
450
424
152
322
504
230
211
498
343
147
412
453
163
297
513
269
185
474
394
142
363
493
203
257
514
302
159
449
425
149
331
504
231
210
494
353
144
412
461
173
288
512
271
178
467
403
141
362
489
197
256
514
304
159
447
418
149
337
502
225
217
501
346
146
410
441
160
304
514
256
189
479
388
140
378
485
198
253
513
314
154
432
443
161
301
514
267
187
487
375
140
374
477
188
258
515
293
164
449
425
151
330
504
232
211
498
345
143
411
455
169
304
514
264
183
478
389
141
369
486
192
261
514
298
161
445
421
147
343
503
206
236
506
333
150
422
451
166
299
514
268
180
475
393
142
364
488
196
256
513
312
155
433
426
152
320
510
240
203
489
371
138
394
475
186
269
515
298
161
445
422
148
343
503
221
228
510
324
150
422
445
162
298
514
261
188
474
393
140
363
489
203
247
510
321
155
433
442
156
328
508
242
201
492
356
141
393
470
180
267
515
291
166
451
422
148
333
503
229
221
500
341
150
422
452
166
298
514
268
180
475
393
142
365
488
202
249
513
311
156
442
409
146
348
501
216
225
505
328
152
427
447
160
313
512
255
197
489
370
139
395
474
185
271
516
288
172
461
404
144
344
499
212
238
507
331
147
424
443
157
309
513
259
200
487
374
140
383
483
188
267
515
292
165
450
416
148
332
504
231
211
498
353
142
404
467
168
288
511
271
184
474
395
143
362
489
205
247
510
321
151
424
443
160
302
514
266
181
470
381
140
367
487
193
260
514
308
161
444
422
147
341
499
221
228
506
334
147
430
445
162
307
511
253
199
491
359
138
390
477
183
273
517
284
169
462
401
140
373
488
202
249
511
319
152
435
440
156
313
510
247
203
489
371
139
387
480
185
270
515
280
178
467
404
142
362
494
204
246
510
322
154
439
435
156
310
512
258
195
492
365
142
392
469
181
276
516
283
170
458
415
145
350
500
221
227
506
334
149
422
452
167
306
513
261
192
486
376
140
381
478
190
265
515
285
175
462
409
143
348
497
196
249
511
319
156
434
440
160
313
513
256
196
488
372
139
377
486
193
261
515
298
162
452
406
143
351
499
213
237
506
324
154
430
444
162
308
513
260
193
486
376
139
390
477
189
257
516
294
164
449
417
146
347
501
217
233
508
328
152
426
441
155
312
513
256
203
493
354
142
402
462
175
286
508
264
189
483
382
140
367
492
208
235
509
308
157
444
422
147
342
500
221
228
507
324
153
430
444
157
308
513
260
186
486
367
139
390
471
182
266
514
293
165
449
416
145
339
504
231
211
498
344
143
412
454
168
305
514
263
184
479
387
140
370
484
191
255
514
305
158
439
435
156
310
513
258
194
482
382
139
384
482
193
260
516
299
161
451
422
147
332
503
229
221
504
334
150
422
438
158
307
514
252
199
491
359
143
397
472
183
273
515
294
164
455
418
146
346
498
217
232
510
320
152
427
441
160
312
512
247
196
490
364
138
394
475
186
269
515
298
171
465
397
143
359
490
206
244
512
315
153
438
437
158
308
514
260
193
481
384
141
374
488
189
265
514
302
163
449
425
148
338
501
224
217
501
345
144
410
455
169
286
512
256
196
489
362
138
395
474
180
278
516
289
175
467
405
142
361
490
199
262
515
297
162
452
421
147
343
499
213
237
506
333
150
422
445
158
307
513
245
205
490
369
135
388
479
191
263
515
297
162
453
420
150
326
509
243
200
486
375
140
381
466
177
282
517
277
174
469
401
142
356
497
210
240
507
329
148
426
449
160
303
514
265
188
488
372
139
385
475
186
260
514
299
166
451
423
148
342
503
230
212
495
351
146
421
446
158
315
512
254
197
489
361
141
395
467
179
279
516
288
172
460
396
143
361
495
205
245
512
315
158
438
437
158
318
511
251
199
486
368
139
389
478
189
265
517
286
168
455
410
146
346
498
211
231
504
338
148
417
457
170
292
517
275
175
463
408
145
357
497
208
233
509
327
152
427
440
160
304
514
256
195
488
362
142
402
462
164
294
507
273
183
478
389
141
368
486
200
252
514
308
157
443
423
151
323
507
230
212
499
334
149
429
438
154
315
511
253
198
490
361
143
396
473
185
272
515
296
163
460
412
147
344
498
212
237
507
322
151
432
444
157
308
513
260
186
475
393
139
381
483
195
259
513
312
155
441
434
156
311
511
249
194
488
373
138
383
482
195
258
515
275
175
463
408
143
357
497
217
234
505
336
146
419
447
160
304
514
263
183
472
397
142
351
486
199
252
514
298
166
452
422
148
342
503
228
220
503
342
147
422
453
166
316
512
252
198
490
368
137
388
472
183
272
515
287
168
454
420
147
344
502
228
222
504
340
151
423
451
167
300
513
268
186
480
376
140
381
483
190
264
515
294
163
455
402
142
355
498
211
239
508
321
155
433
443
160
310
512
258
195
487
365
138
409
456
171
285
516
273
177
471
389
141
359
496
207
234
506
325
153
429
438
158
306
514
262
197
489
370
139
387
479
192
264
516
296
162
447
420
149
335
502
219
230
503
313
154
431
443
156
310
513
258
193
481
383
140
373
482
196
249
513
311
156
434
440
160
303
511
247
202
488
363
142
401
469
174
286
513
273
182
471
398
143
358
496
207
236
506
335
150
437
432
154
314
509
239
205
490
361
142
404
467
179
270
515
297
162
453
421
145
352
499
220
229
507
333
147
423
444
157
308
511
252
199
491
359
139
398
459
167
290
517
269
185
474
393
140
363
489
203
247
511
321
152
424
443
157
310
513
259
187
492
366
141
390
471
182
265
514
293
163
448
425
148
338
505
232
209
497
347
144
401
470
181
285
516
283
176
470
400
142
349
496
208
234
506
327
152
427
439
159
304
514
264
183
479
388
139
386
480
193
261
514
307
157
444
431
154
315
509
245
198
485
378
140
379
484
191
263
515
280
178
473
396
141
369
485
191
261
515
298
162
445
422
148
342
499
221
228
509
325
150
429
439
158
306
514
253
197
485
378
140
379
484
191
262
514
305
167
460
404
145
352
494
213
237
510
324
151
422
445
158
307
513
261
185
474
394
142
362
494
198
254
514
305
162
446
420
151
335
503
228
214
500
351
143
405
466
178
272
513
271
178
473
387
141
370
490
197
245
509
323
153
430
444
164
299
514
268
180
475
393
142
381
483
190
255
514
304
158
439
427
150
336
502
219
230
504
340
148
423
451
153
317
511
252
199
486
376
140
382
478
191
254
514
305
158
439
428
150
326
506
236
206
495
343
147
412
454
163
296
511
272
183
472
397
143
359
496
214
235
506
335
149
428
440
155
313
507
239
203
493
355
141
393
475
181
268
516
292
165
450
424
148
339
504
232
233
505
337
146
418
455
170
286
514
273
177
464
398
143
358
496
208
234
505
335
149
428
440
152
322
510
247
203
493
354
141
401
469
180
277
517
283
176
465
407
145
349
492
201
250
513
301
160
442
425
148
329
508
233
217
497
346
146
418
449
165
320
510
250
201
492
366
140
400
464
177
274
516
285
168
455
410
144
345
498
204
238
507
331
154
431
443
157
317
511
252
199
491
360
137
389
479
191
264
516
296
164
453
404
144
351
499
213
236
506
325
153
429
445
158
306
514
262
190
484
380
140
386
480
186
261
515
299
161
444
423
148
341
504
223
227
506
336
149
426
448
160
303
514
266
194
487
374
140
382
483
195
257
514
303
159
440
427
149
327
505
227
222
501
332
148
414
452
162
307
513
261
191
479
387
141
369
485
192
261
515
298
161
459
414
145
341
500
222
227
503
335
149
427
440
155
312
513
257
194
488
365
144
400
464
176
283
517
276
174
468
402
144
345
498
212
238
507
332
151
422
452
167
290
517
253
191
485
371
130
396
474
185
270
515
299
161
451
423
148
340
501
223
225
511
320
151
426
442
161
301
514
259
193
486
376
138
381
483
197
247
510
322
151
423
444
161
326
506
236
206
495
360
142
396
467
179
279
516
280
172
459
414
145
342
500
222
226
502
345
149
419
455
169
294
516
274
175
470
400
141
356
493
210
239
510
322
154
432
428
150
334
503
221
220
503
343
146
412
454
168
297
511
272
177
472
397
143
350
500
222
219
506
335
146
412
454
169
287
517
273
176
471
399
142
367
487
195
258
513
310
156
434
440
155
329
508
241
208
497
348
145
407
458
166
291
518
277
174
468
402
142
362
489
191
254
514
306
163
445
429
150
334
503
229
220
503
343
144
412
454
169
296
512
256
196
489
363
138
393
475
181
276
516
291
170
457
415
145
348
502
223
233
509
328
152
434
434
155
311
510
249
201
492
356
140
391
477
189
266
514
302
160
441
434
149
329
505
234
215
496
348
145
415
451
166
291
514
268
185
474
394
143
362
485
197
254
512
306
158
445
430
150
324
509
245
205
494
352
142
396
474
185
271
516
289
166
465
406
142
359
491
200
243
509
317
153
436
439
155
322
507
239
203
494
363
146
410
456
170
294
516
275
176
471
399
143
348
496
216
233
506
336
149
418
448
165
294
515
248
195
488
373
138
392
476
188
267
516
292
165
456
417
149
339
501
224
224
510
320
151
433
434
156
319
510
242
200
491
357
143
407
465
177
282
517
286
179
468
393
143
363
490
198
255
515
305
157
439
429
150
326
505
228
213
499
334
150
421
453
162
297
512
270
184
473
395
142
362
490
205
237
507
333
151
423
444
161
299
511
252
199
486
368
137
397
472
178
280
517
288
173
461
412
144
352
499
212
229
507
332
150
437
429
150
324
506
237
205
490
360
142
396
473
184
271
515
296
162
446
429
147
342
500
221
228
507
324
150
429
445
158
307
511
253
198
489
370
139
387
467
179
270
516
280
172
459
414
144
342
500
221
228
507
334
146
421
446
158
306
514
262
184
484
370
139
387
474
186
261
514
298
161
445
422
147
333
506
237
205
495
351
143
404
467
179
288
517
280
172
467
404
143
352
495
205
237
507
324
150
423
445
157
308
513
244
198
485
377
137
397
473
186
271
516
296
163
454
420
147
344
503
227
222
504
340
148
423
436
157
309
513
251
192
486
367
138
398
472
183
264
514
303
160
448
418
146
363
494
204
247
513
313
154
432
436
157
309
513
251
200
486
366
140
399
471
171
291
517
277
180
468
401
142
363
493
203
239
510
321
154
432
443
157
309
513
260
194
487
357
140
399
471
177
274
516
293
168
455
419
146
346
502
218
231
505
339
148
432
443
161
301
511
251
199
486
367
138
390
477
183
273
516
295
163
447
427
150
327
508
242
222
500
348
143
408
464
171
283
517
276
175
463
401
145
346
497
217
232
505
338
149
426
448
157
312
512
256
195
482
381
140
376
482
194
251
513
309
156
436
440
156
313
512
255
196
483
363
138
394
474
180
278
517
281
176
465
406
143
359
496
214
235
506
334
149
435
439
159
306
510
246
197
485
370
139
386
480
186
261
515
298
161
445
430
154
316
511
252
198
490
370
138
397
473
184
263
516
296
163
447
419
149
336
505
226
222
500
340
147
423
451
157
308
513
260
193
480
384
142
373
483
196
249
514
311
155
434
434
156
311
513
257
194
483
355
141
401
463
170
285
514
274
181
471
399
144
358
496
208
244
509
326
152
444
431
155
314
508
238
204
495
352
143
396
473
179
271
515
296
163
446
420
147
345
502
227
237
506
331
151
431
444
161
300
513
260
193
481
376
139
373
488
202
240
511
320
152
426
448
152
321
510
248
202
489
363
142
402
469
180
277
516
281
171
459
413
145
343
503
228
221
503
324
150
422
445
158
307
513
261
192
485
377
140
380
484
190
256
515
304
158
454
420
146
336
502
226
215
500
340
147
424
451
161
300
514
268
180
469
401
142
364
489
202
257
514
311
155
441
433
155
311
510
248
203
493
355
142
393
475
187
268
515
299
161
444
423
144
350
499
214
236
506
334
147
421
445
162
299
514
261
185
474
394
142
363
489
203
247
513
294
163
448
419
146
345
502
226
224
504
330
151
426
442
160
302
514
266
182
482
382
140
366
486
200
242
512
308
156
436
439
155
315
512
254
191
485
370
138
379
485
198
262
514
305
158
447
420
146
345
499
211
230
507
331
150
425
443
156
310
513
235
207
492
365
141
400
470
181
275
516
292
164
457
416
145
340
503
230
211
499
343
144
412
446
159
306
513
253
191
485
369
136
396
473
183
264
515
304
159
441
426
152
320
507
240
209
501
346
145
418
448
160
303
514
256
196
489
362
142
394
474
185
269
516
298
172
459
412
144
351
499
221
221
503
341
147
423
444
157
308
513
260
185
475
376
139
382
483
189
265
514
303
164
449
418
148
338
501
225
216
498
345
146
411
462
174
278
506
272
176
465
397
143
360
495
206
236
509
324
153
431
444
161
300
514
268
180
476
393
141
382
483
188
266
516
293
164
456
409
143
348
497
209
241
511
318
152
435
440
152
322
507
239
211
494
353
142
404
467
179
279
517
280
177
473
395
142
361
484
198
245
510
305
158
439
436
153
319
511
250
201
487
374
139
383
482
188
268
517
291
165
471
398
143
358
491
207
235
508
316
153
429
439
154
315
512
253
198
490
369
137
397
473
184
280
517
278
174
469
401
142
363
489
202
248
511
320
153
434
441
155
312
512
240
210
498
353
144
412
461
168
296
512
271
178
473
396
142
361
490
197
246
516
296
162
447
420
147
344
502
219
222
504
331
151
423
443
157
318
511
250
214
496
348
145
416
450
165
292
514
267
187
482
383
140
374
488
194
259
513
283
170
457
416
145
348
496
208
242
509
318
152
435
431
155
315
512
254
197
494
361
142
396
467
178
280
516
279
172
461
411
144
353
499
212
230
504
339
147
424
443
161
318
511
251
193
487
375
140
382
477
189
258
514
302
159
442
434
156
321
510
248
203
493
364
143
402
469
180
277
517
290
171
465
406
143
351
496
213
236
509
325
150
421
446
161
307
514
245
198
485
377
139
380
484
197
255
514
305
159
447
419
150
328
508
242
208
501
347
143
409
456
170
284
517
266
181
471
399
141
358
496
208
234
506
335
146
420
447
163
323
507
238
204
495
361
143
396
468
179
280
517
271
177
467
403
142
353
499
212
238
507
331
154
431
443
157
318
511
250
201
492
365
141
392
476
188
259
515
300
160
443
416
146
348
497
208
234
506
335
149
427
440
155
323
510
247
196
489
370
139
387
480
186
270
517
280
177
472
388
141
369
485
192
253
514
307
157
437
438
159
307
514
262
197
485
369
139
388
479
191
262
515
296
162
446
420
150
327
509
243
207
496
350
143
407
465
167
290
517
277
180
468
402
144
354
498
218
231
507
330
151
425
443
160
301
515
269
187
482
366
138
392
477
182
274
516
294
169
455
417
146
347
501
225
224
501
346
144
426
449
160
303
513
257
195
483
373
139
376
487
194
251
513
309
156
435
440
159
304
514
265
202
488
372
138
392
476
187
259
515
302
160
449
416
145
347
497
210
240
508
304
160
441
434
153
328
508
242
208
492
357
140
400
464
176
283
518
276
174
462
410
146
338
498
217
232
505
329
152
426
443
156
310
513
258
193
487
374
138
390
477
189
282
516
285
174
469
402
144
346
498
210
239
508
321
151
425
442
156
312
513
257
195
483
381
138
384
482
193
260
515
300
161
451
424
151
323
507
238
204
495
353
142
395
475
185
270
515
280
177
473
396
140
370
490
206
245
509
324
153
438
437
157
307
514
261
186
486
376
139
381
479
190
265
514
295
163
447
419
146
337
502
225
216
501
347
143
409
464
176
293
517
275
176
470
399
144
349
498
209
234
505
327
152
428
440
155
313
512
256
189
483
371
142
402
468
180
277
517
282
171
465
406
145
350
500
222
226
505
335
149
420
432
155
313
512
247
203
493
362
144
394
475
186
269
516
289
171
458
414
147
333
506
237
205
499
352
142
396
467
179
280
518
271
178
473
395
141
362
490
198
253
514
306
171
459
413
144
351
499
213
228
506
334
147
421
445
162
298
513
270
179
467
403
145
353
499
204
245
509
322
154
431
444
156
318
511
252
200
491
368
137
389
478
191
264
514
304
159
439
420
147
336
503
220
229
506
332
150
423
451
167
290
517
278
173
468
402
142
371
489
204
246
512
313
154
431
437
157
308
513
252
199
491
368
137
397
472
183
264
514
304
173
467
395
142
361
490
205
237
509
324
150
430
438
154
315
512
254
191
479
387
140
370
490
191
262
513
306
161
444
430
154
324
506
238
205
494
352
142
396
473
185
270
517
280
177
472
389
141
368
486
193
252
512
317
156
436
439
159
305
514
263
190
484
371
139
394
474
186
269
516
290
166
451
415
147
341
500
214
235
506
334
149
420
446
151
322
510
246
204
490
371
139
386
480
192
261
515
297
162
445
429
150
325
506
236
205
495
342
144
414
459
168
289
513
270
185
479
386
140
371
490
204
238
507
331
151
424
450
166
292
513
259
193
487
367
140
390
478
183
265
516
294
168
455
418
146
346
498
218
247
513
313
155
440
434
157
310
512
250
201
487
366
140
400
464
170
283
516
268
186
481
376
141
381
483
189
265
514
304
159
448
427
149
337
502
226
215
501
348
145
416
443
157
317
