515
427
252
249
248
138
138
225
226
401
404
234
407
409
513
514
438
265
262
260
258
137
215
217
389
501
455
288
283
281
138
136
136
201
135
134
207
378
381
500
462
295
292
147
147
146
144
190
191
360
363
364
499
201
370
500
469
469
467
301
153
152
182
184
188
190
358
497
498
499
499
499
206
376
499
499
499
458
287
141
140
137
136
136
134
135
208
379
499
460
290
145
143
191
193
139
137
135
201
202
204
207
209
212
384
388
500
457
287
285
282
279
136
200
134
134
208
379
381
499
498
499
500
502
452
283
138
136
134
203
375
377
499
380
499
459
290
287
142
140
137
136
201
371
500
500
465
297
149
148
188
354
495
480
319
161
314
158
172
176
178
341
344
490
491
486
484
327
324
164
168
324
324
326
329
175
176
177
178
180
340
343
490
492
484
327
323
320
161
171
329
330
334
487
491
490
338
335
486
329
326
165
164
169
170
328
335
335
487
490
489
488
486
329
168
165
317
167
320
324
326
328
483
494
493
492
491
338
333
331
328
328
167
165
320
479
170
325
328
330
333
486
493
343
341
178
158
306
308
471
504
367
196
193
191
189
188
187
185
347
345
343
178
178
177
159
306
308
471
503
504
365
363
360
191
190
189
152
187
153
292
459
461
509
382
209
208
144
145
145
146
272
443
446
447
512
400
451
511
394
221
219
141
142
254
256
257
260
262
263
266
437
514
409
234
138
138
139
242
416
245
420
513
428
426
424
250
248
248
139
138
227
228
230
404
405
512
439
265
433
260
259
138
138
219
394
504
505
449
447
445
442
269
267
267
265
262
137
429
254
253
251
249
138
228
230
231
404
406
408
514
436
261
258
256
254
138
422
247
244
243
240
138
234
408
411
514
435
262
260
257
254
251
249
247
139
415
240
138
138
138
233
407
409
410
513
439
266
264
262
260
259
256
138
138
426
252
250
138
138
225
398
508
510
443
441
271
269
267
266
135
136
136
136
431
257
137
138
138
218
220
222
224
398
505
451
449
279
277
135
135
202
203
134
205
376
499
379
499
499
464
463
296
149
149
148
146
144
142
140
194
196
136
136
136
134
134
206
206
207
209
380
383
499
500
459
291
145
190
192
360
360
362
499
499
367
368
370
499
499
467
302
152
152
150
184
187
188
189
191
141
141
194
362
364
498
499
473
471
307
156
177
178
340
342
490
491
492
494
482
325
165
167
163
168
324
480
482
496
350
183
181
180
179
178
177
158
306
469
504
370
199
197
147
147
148
192
149
283
286
288
289
457
510
509
384
211
143
144
144
266
268
270
272
445
275
446
513
401
396
223
221
220
220
141
142
254
257
431
515
417
241
138
232
405
406
407
410
240
414
514
432
429
428
253
250
249
139
224
224
226
228
230
405
407
407
408
237
414
514
432
430
256
255
252
249
246
244
138
139
137
138
239
413
416
417
249
423
424
427
429
515
419
243
241
240
237
138
139
238
413
414
416
514
431
513
428
425
424
422
420
246
138
138
228
230
403
406
511
443
441
439
267
265
514
433
261
260
259
137
138
138
138
138
219
221
222
223
223
397
506
448
277
509
446
443
270
268
134
135
136
136
214
216
388
390
502
455
285
281
279
137
275
273
135
202
204
373
499
466
464
297
150
185
187
353
494
480
479
320
162
170
326
325
328
173
331
334
485
486
493
342
339
337
334
332
331
328
326
166
167
321
479
498
354
186
152
292
154
297
462
508
507
379
206
145
144
146
145
271
273
445
447
447
450
512
393
219
218
141
142
212
211
207
145
146
147
146
276
277
449
450
453
511
393
220
142
255
256
256
143
259
433
515
515
414
414
412
411
235
141
138
140
239
412
414
415
514
432
420
513
428
428
426
251
249
249
248
246
138
139
140
140
228
230
402
510
444
406
512
442
440
439
266
136
136
136
212
213
214
216
388
501
456
286
141
139
138
137
197
199
135
202
370
500
500
471
306
155
153
181
343
344
344
347
348
350
493
492
493
354
494
481
479
477
318
161
172
172
329
483
484
484
493
346
344
342
177
159
174
160
310
473
316
476
501
359
358
190
188
187
186
153
153
293
461
508
380
209
144
145
271
198
151
280
450
452
511
391
217
215
212
142
259
262
435
515
412
412
236
139
140
140
241
416
244
418
420
514
515
427
426
253
250
138
139
224
226
397
507
447
277
136
136
202
369
371
372
205
375
500
499
500
465
299
152
151
184
345
490
491
486
485
484
327
168
164
315
476
500
359
499
499
356
356
354
353
186
152
153
292
458
509
509
387
214
213
212
211
143
380
209
144
264
265
266
268
269
269
271
442
442
444
445
513
403
401
399
226
396
223
223
223
220
141
141
254
256
258
431
515
516
416
414
414
412
411
409
514
404
231
230
228
224
141
140
141
250
426
427
428
429
515
419
420
245
245
416
242
241
241
240
138
230
403
406
513
443
441
439
266
264
263
262
262
136
431
256
254
252
251
138
139
221
222
222
395
505
506
449
278
136
135
200
202
135
204
374
499
376
499
499
465
463
295
149
148
146
146
147
142
141
192
358
496
497
477
316
475
311
157
176
177
339
342
342
344
346
348
491
493
494
494
480
321
162
169
160
171
328
330
332
485
492
340
340
176
175
172
171
163
313
475
501
360
358
355
187
186
184
345
343
341
177
176
175
173
172
170
166
321
479
498
354
185
154
296
463
508
301
467
506
372
370
199
198
148
148
148
150
284
285
454
511
390
215
143
144
260
433
436
515
439
442
514
406
404
402
227
225
223
223
140
141
141
142
142
260
432
516
415
515
410
409
408
406
231
228
226
223
222
222
219
142
142
142
260
432
433
515
438
440
514
406
404
229
227
226
224
221
219
217
142
142
143
263
436
438
514
442
444
513
399
396
224
222
219
216
142
260
263
264
267
439
514
407
232
140
229
228
226
224
221
141
254
256
256
430
515
416
414
414
240
139
139
236
411
514
436
261
258
427
252
250
138
139
138
230
406
409
513
439
265
263
136
212
215
218
389
501
453
280
278
136
273
135
204
376
378
499
499
499
499
499
500
455
285
284
282
139
137
136
199
136
200
370
499
499
467
301
153
152
183
184
186
188
353
494
495
496
478
317
160
158
173
174
156
177
179
180
180
343
345
491
492
493
483
327
168
165
165
318
477
500
360
479
498
497
496
495
350
183
154
154
297
462
508
508
376
205
145
270
271
442
443
514
404
403
513
400
400
227
225
224
141
141
142
253
427
429
431
515
414
241
240
239
138
409
235
139
139
138
238
410
411
412
514
437
262
261
260
259
258
137
137
138
424
250
248
247
248
138
138
138
138
138
139
229
231
232
406
512
441
440
267
436
263
136
137
137
211
214
216
218
392
502
453
453
283
282
281
279
137
199
134
134
134
135
134
208
379
380
381
499
499
499
500
458
291
145
190
192
359
497
497
498
498
366
367
499
473
472
309
157
176
177
178
178
337
487
490
490
337
336
336
335
486
484
483
482
482
323
165
168
169
326
329
330
485
494
492
341
176
175
174
332
170
164
317
319
478
499
498
498
353
186
185
185
153
292
459
509
384
210
144
144
144
266
145
269
270
443
444
444
513
403
401
229
140
140
140
141
249
423
422
423
516
256
429
431
515
515
417
414
412
411
409
235
139
139
139
241
242
415
418
513
247
421
513
425
424
250
247
246
243
138
138
138
139
140
243
418
421
421
514
254
428
428
515
515
418
415
240
238
138
234
407
409
411
514
436
263
262
137
210
382
499
499
387
499
500
457
456
455
285
283
283
281
280
277
136
136
202
370
499
499
467
499
464
298
151
150
184
187
351
353
494
495
496
497
477
316
160
160
171
327
482
496
495
495
485
492
492
491
490
337
336
175
173
172
170
163
316
476
501
360
357
188
152
350
182
156
301
302
466
506
375
372
200
147
148
148
282
283
453
511
389
216
213
212
144
144
206
144
146
147
146
148
149
282
285
287
289
458
509
385
213
211
209
143
265
144
271
444
446
449
512
395
221
219
142
142
144
144
266
268
272
275
447
448
151
286
455
510
509
384
213
143
143
144
265
439
440
443
445
447
450
511
392
220
141
142
256
143
260
433
514
514
410
407
231
229
227
140
141
141
252
426
516
420
245
242
412
237
138
138
139
139
139
139
140
244
418
420
421
516
423
249
248
247
243
410
234
139
140
140
140
140
140
141
252
253
255
258
433
514
412
409
235
139
139
139
240
242
140
140
141
250
253
256
258
261
262
265
439
515
404
228
225
397
223
219
141
142
142
258
432
434
515
412
410
407
405
403
400
224
141
141
254
256
259
263
144
145
146
148
148
281
284
455
457
509
509
383
209
144
145
145
146
147
148
149
151
289
458
458
509
383
210
207
144
145
145
272
444
447
451
511
393
221
389
215
212
210
208
207
145
145
146
147
148
280
282
285
288
458
509
508
381
507
375
203
146
146
277
448
451
452
511
389
214
211
144
144
268
271
443
447
513
396
221
141
215
142
143
263
266
268
441
443
445
447
513
397
222
141
142
256
259
261
435
145
270
443
444
446
512
395
220
216
142
144
144
145
271
444
447
451
453
510
460
462
507
375
374
371
198
148
150
287
457
509
507
506
373
200
197
195
192
151
289
293
461
300
465
468
505
504
503
365
360
358
354
186
154
295
462
508
379
206
204
201
367
197
196
148
150
285
286
455
457
510
385
211
208
144
145
146
274
445
513
401
226
224
140
393
220
217
141
142
256
428
430
431
515
418
416
415
241
138
138
138
139
139
403
229
228
226
225
224
140
140
141
249
250
252
253
256
427
429
516
417
415
514
411
409
235
234
139
139
139
139
240
242
242
416
417
418
513
430
257
138
424
250
249
248
246
138
225
227
228
229
401
508
509
444
442
443
442
440
439
514
437
264
262
260
259
138
137
138
138
216
215
217
388
500
457
290
146
188
143
141
192
358
357
496
496
477
478
317
160
171
172
332
484
494
493
344
180
179
157
303
467
305
466
467
506
505
505
372
202
202
145
146
272
272
443
443
513
402
229
229
140
140
140
140
226
140
245
245
246
418
513
432
431
256
255
253
252
138
220
221
222
222
393
222
395
503
505
505
450
449
450
448
447
275
135
135
200
370
499
499
470
306
156
177
176
178
153
179
180
180
180
343
343
489
490
490
488
335
174
160
306
468
505
373
203
371
369
367
198
198
197
197
196
194
194
148
149
149
150
284
287
289
288
456
291
459
508
379
377
206
144
268
269
271
274
446
447
513
397
223
222
219
219
387
384
211
144
144
264
266
438
441
442
444
446
446
513
402
228
226
140
140
140
141
252
255
143
258
262
434
437
439
514
408
406
231
230
140
242
415
416
418
514
431
258
429
255
254
252
253
251
138
138
139
221
393
502
503
503
451
282
280
281
138
448
277
136
199
200
368
369
370
372
499
500
467
466
300
152
151
183
184
183
148
186
350
493
353
494
494
482
481
322
321
163
163
168
324
481
497
496
495
496
351
349
348
494
493
343
342
340
339
176
159
160
310
472
503
366
197
196
148
148
149
282
190
150
286
454
455
455
510
388
385
212
210
210
206
204
145
146
146
145
273
198
148
148
279
281
450
511
394
392
219
141
254
254
256
257
258
260
433
514
413
411
236
138
232
140
240
415
416
418
514
429
427
253
251
139
138
139
229
229
231
233
407
239
412
415
514
514
432
258
256
253
138
138
139
138
225
227
400
404
408
514
240
414
415
416
417
513
426
251
248
138
138
138
138
138
234
235
409
410
514
242
243
418
514
514
428
425
251
248
138
139
139
140
139
230
233
407
411
514
242
245
420
514
514
426
423
247
246
138
228
230
232
404
510
444
443
271
269
269
268
134
135
264
260
258
258
256
138
138
221
225
398
505
449
277
136
135
201
370
499
499
375
500
466
301
301
152
184
348
351
493
496
496
497
477
318
160
158
172
332
335
337
339
341
182
345
348
492
493
494
481
481
478
317
160
158
174
334
335
337
339
341
343
183
347
348
492
493
495
480
479
478
318
161
160
160
173
174
174
334
486
492
487
490
339
337
334
331
170
164
164
315
475
500
500
357
189
151
289
290
458
509
383
209
143
206
145
145
146
147
147
148
280
283
285
288
457
510
386
211
208
206
145
271
146
274
446
513
512
397
224
141
141
142
142
142
143
260
434
515
411
409
405
401
228
140
140
222
220
216
141
142
142
260
434
436
515
411
237
138
139
139
239
415
416
419
250
251
254
257
258
432
515
415
413
410
409
236
138
139
238
412
415
415
514
420
514
427
426
424
252
249
247
244
139
139
139
139
139
232
405
406
409
410
240
414
514
433
431
256
255
254
251
249
138
138
139
138
138
138
229
230
404
232
407
410
411
413
415
416
514
514
432
257
256
254
253
253
138
221
224
226
138
138
231
406
410
513
437
264
263
261
136
137
137
138
138
219
221
223
396
226
228
402
510
511
441
438
437
434
434
260
257
254
138
138
222
222
224
397
227
229
403
511
511
440
268
134
135
209
380
499
499
499
501
455
287
143
141
139
138
198
199
137
204
375
499
500
499
499
462
459
458
290
145
189
356
495
495
479
317
161
474
310
157
174
180
340
488
489
489
490
487
331
329
168
165
165
167
322
323
325
482
481
496
483
495
347
344
342
341
176
159
160
310
472
503
366
364
194
192
190
189
187
351
184
182
180
179
157
303
467
470
504
502
363
361
360
191
188
152
152
291
184
154
296
463
465
506
375
205
203
146
146
275
278
449
512
396
222
141
251
254
255
257
430
261
434
516
413
412
410
407
405
404
229
226
225
140
141
252
254
257
258
261
144
145
146
145
146
273
445
447
449
449
452
511
393
218
141
142
142
259
262
145
145
145
146
147
276
447
449
450
511
394
220
218
217
216
214
143
144
144
205
204
203
201
198
196
193
192
190
151
288
456
509
387
213
143
143
144
144
202
202
146
147
147
148
149
282
285
287
457
509
384
210
209
144
145
269
271
146
147
277
281
284
288
290
460
462
508
378
205
204
201
198
146
278
280
283
150
289
291
294
297
301
467
506
505
371
199
197
194
192
150
284
288
291
459
297
463
466
506
505
368
366
362
360
358
189
152
153
293
461
507
379
206
204
202
146
276
279
150
286
289
293
297
463
507
376
374
201
198
195
149
149
150
285
455
509
386
509
381
208
206
204
146
146
274
276
448
450
510
510
389
216
214
211
144
144
204
202
199
147
148
149
150
287
289
458
508
382
378
205
145
271
446
513
396
221
141
142
258
209
145
146
272
276
447
451
511
510
386
211
207
205
146
147
148
149
150
288
183
155
300
467
469
504
367
196
193
191
150
288
290
459
508
376
202
198
148
149
150
288
460
298
465
505
373
370
198
194
149
151
287
292
295
299
466
469
504
367
196
193
190
187
185
154
181
156
303
468
472
503
365
363
359
189
152
152
296
462
507
377
374
202
146
197
196
193
191
188
152
295
462
464
468
506
366
362
360
358
189
152
290
459
508
381
378
204
371
200
148
278
282
453
510
387
383
208
204
203
200
147
148
282
285
455
509
385
381
208
144
201
146
147
148
149
286
290
459
460
507
377
204
145
146
276
448
451
511
389
509
383
209
144
204
200
197
194
192
151
290
459
462
507
375
204
146
146
147
279
450
512
394
510
387
213
210
207
145
146
272
274
446
449
451
452
454
510
387
212
143
143
207
144
145
271
273
446
447
512
512
393
218
214
212
143
144
266
440
443
446
513
399
224
222
392
218
215
214
212
208
205
145
146
272
444
512
396
222
221
141
141
141
255
213
143
262
264
267
441
443
446
451
511
394
219
217
142
143
144
144
144
270
199
147
148
283
286
456
509
385
381
208
206
203
200
147
148
149
150
286
290
183
155
298
464
465
506
372
200
198
195
193
192
189
152
289
291
460
508
380
207
145
146
147
194
193
150
286
290
459
508
380
377
204
145
273
276
447
450
511
393
217
214
144
144
145
146
197
192
190
187
185
153
294
463
463
506
372
201
146
147
148
283
454
457
509
462
507
378
205
203
201
147
148
149
151
290
292
461
507
378
205
145
274
277
449
512
393
219
388
213
144
144
145
146
276
280
284
288
290
460
463
506
371
200
196
194
191
355
186
153
154
156
157
301
467
470
504
367
363
358
189
186
184
154
297
463
302
468
505
372
503
365
194
190
187
153
292
460
462
508
380
208
206
204
201
200
147
147
148
194
191
150
287
289
292
292
460
463
465
505
373
201
199
196
194
150
150
288
153
293
461
507
506
373
201
200
196
148
150
286
290
459
509
381
207
203
201
197
195
149
151
189
152
291
460
462
507
375
202
199
195
194
191
150
288
291
459
508
381
207
505
371
199
196
194
149
150
150
151
289
458
509
509
383
381
207
206
145
145
200
197
148
280
284
452
511
391
389
386
212
209
208
144
145
146
147
148
280
284
288
459
508
464
506
375
204
201
146
278
281
283
286
289
459
508
381
208
146
145
146
272
197
147
149
150
150
152
288
291
293
459
509
383
381
208
146
144
145
146
271
197
148
149
148
150
150
287
288
290
293
458
509
382
210
208
144
144
268
270
199
148
279
450
450
452
512
393
390
216
214
214
211
143
144
144
144
144
269
200
146
147
148
148
281
284
455
458
459
508
383
380
377
204
145
146
273
445
278
280
283
452
455
455
510
388
385
214
212
210
209
207
144
145
145
146
272
198
147
148
280
282
452
511
395
394
221
218
217
217
142
142
259
432
515
415
413
411
410
408
513
405
231
230
229
226
226
225
223
141
142
142
142
142
254
215
143
143
143
143
144
266
265
267
269
442
443
445
513
404
403
229
140
244
223
140
141
142
142
142
256
256
258
431
515
416
415
413
238
236
139
139
240
225
140
141
141
141
142
256
429
431
515
416
414
411
408
234
139
239
414
416
246
421
422
515
516
419
417
243
240
239
138
235
237
413
514
434
257
256
138
138
220
222
222
139
138
138
138
138
233
408
513
514
435
262
260
259
257
138
138
139
222
223
140
139
139
138
139
239
412
414
417
419
422
516
424
422
420
243
139
138
138
234
139
238
414
415
514
430
256
252
138
138
139
141
230
405
512
438
264
136
213
386
500
454
505
447
444
272
267
136
136
212
216
388
500
454
451
279
136
200
200
204
206
208
381
499
499
388
500
454
284
281
279
137
136
134
134
134
136
210
212
214
217
219
393
502
396
506
447
444
442
439
437
265
261
259
257
254
252
139
139
245
139
139
229
232
404
407
513
514
435
261
258
257
254
138
221
394
504
505
449
447
445
272
440
438
265
262
259
137
216
218
218
221
224
397
506
448
277
136
135
201
372
205
378
499
463
499
499
459
290
288
287
284
282
279
137
135
135
134
134
207
261
137
138
216
219
395
504
450
448
446
276
136
134
135
134
134
206
208
379
212
383
499
500
501
454
283
281
278
136
136
201
203
374
500
465
463
298
150
184
186
188
189
142
140
195
197
199
202
202
371
374
499
499
465
298
149
184
349
351
494
495
194
360
498
499
499
471
305
154
153
182
346
491
492
493
494
481
480
479
317
160
172
173
333
177
337
487
488
487
334
331
327
325
321
317
161
172
334
485
492
490
490
337
491
486
484
483
480
322
320
316
311
156
177
178
182
347
492
494
496
478
316
499
472
307
155
154
152
182
346
349
352
495
497
498
475
313
157
156
177
338
488
488
332
330
482
323
321
319
315
158
174
177
179
341
489
487
485
483
323
164
169
172
175
305
153
151
184
186
352
494
496
497
473
309
156
154
181
345
490
485
326
165
168
325
329
482
174
176
338
488
489
487
486
484
482
322
319
160
160
172
331
334
337
340
488
182
347
350
493
495
480
479
319
316
159
173
332
335
337
488
489
487
333
171
169
168
166
321
170
326
329
483
484
493
344
342
339
336
334
332
169
164
166
321
479
497
350
484
493
491
491
489
487
330
326
322
320
318
160
172
330
484
493
492
491
338
490
485
483
481
480
319
161
171
174
334
336
340
343
490
485
482
321
163
170
329
484
493
491
488
489
491
485
484
325
322
320
316
158
174
178
340
341
344
491
484
325
320
477
315
159
175
177
339
341
490
491
485
329
326
322
164
169
326
330
485
492
490
489
334
172
328
165
168
321
324
482
496
495
493
492
342
338
335
331
329
324
165
168
169
159
173
335
487
487
488
486
484
482
322
320
317
160
172
332
335
338
339
489
184
186
352
494
495
479
317
159
158
156
177
340
343
347
351
493
494
481
478
497
498
499
500
499
468
301
152
150
184
187
187
190
358
497
476
314
160
174
335
339
343
347
187
189
191
361
365
500
471
306
303
153
182
184
350
494
495
496
498
475
312
500
469
302
152
149
147
145
142
139
137
198
200
371
500
469
302
152
182
185
187
352
494
495
359
497
476
314
310
156
177
179
181
346
492
493
495
497
498
498
475
312
157
308
155
178
180
181
182
184
351
354
495
497
498
499
473
309
156
178
340
341
183
348
351
494
495
496
498
498
499
472
308
155
155
180
343
491
485
328
326
322
163
169
326
173
176
339
342
346
350
494
495
496
478
315
159
158
175
177
178
340
489
487
491
493
493
494
495
480
320
162
161
171
172
330
333
486
492
340
176
160
310
474
501
500
359
481
496
495
494
492
491
338
336
332
170
167
167
322
480
482
484
494
493
342
488
488
333
331
328
325
166
167
168
170
329
332
333
485
491
338
335
171
169
325
164
168
326
172
175
177
179
180
344
347
351
354
495
497
498
499
473
309
499
467
300
152
149
186
352
494
495
496
498
499
500
470
305
154
181
183
185
188
353
495
496
363
499
499
470
469
302
152
183
185
351
493
495
497
498
474
310
156
176
340
182
186
188
190
192
361
365
369
372
499
465
300
297
148
146
144
142
193
194
277
135
202
374
376
499
499
499
499
457
288
286
284
140
138
137
136
135
202
267
135
136
211
214
384
500
456
454
283
280
277
277
136
135
135
136
210
212
256
138
138
222
225
399
506
447
444
441
439
265
261
136
137
138
138
139
224
242
138
138
139
140
240
415
514
514
431
256
137
138
221
223
396
505
449
446
273
135
134
134
265
262
137
137
137
138
218
220
223
224
226
228
231
406
408
238
239
413
514
514
431
258
257
255
253
138
223
225
399
507
445
444
271
134
135
135
209
382
215
389
502
452
451
279
136
201
203
374
500
465
462
293
147
144
141
139
197
199
369
372
499
380
499
499
460
457
455
285
283
281
279
136
136
134
134
205
376
499
498
460
500
457
287
282
281
137
136
200
201
204
375
499
499
463
296
149
186
351
493
482
479
319
161
314
158
157
175
181
342
344
346
349
352
494
495
497
497
475
313
157
175
335
177
179
181
183
185
349
352
494
495
478
317
160
160
173
332
486
492
492
490
490
488
334
172
329
169
164
316
318
478
499
498
498
497
352
186
183
181
156
298
299
465
506
469
505
368
366
363
360
191
151
152
290
459
509
507
380
206
145
145
270
443
445
447
512
398
453
510
389
214
212
142
144
265
268
271
273
444
445
512
399
224
222
221
218
388
384
210
144
144
268
270
442
444
446
448
450
452
511
392
219
217
141
142
258
260
262
264
145
146
147
147
148
282
285
455
456
510
388
215
213
144
144
144
144
271
444
277
450
511
392
388
386
212
208
205
146
146
274
446
448
450
512
393
219
142
384
211
208
144
144
269
273
275
278
282
451
511
511
389
215
211
209
144
265
145
270
443
446
448
451
510
391
387
212
209
208
204
201
198
148
149
285
290
155
299
466
506
470
503
365
361
357
188
152
293
296
464
506
372
200
198
148
148
150
286
456
154
295
463
507
506
371
199
147
148
150
151
293
297
464
506
372
200
196
148
150
287
290
459
298
465
506
369
366
195
191
188
185
154
298
464
467
504
367
363
359
189
152
290
459
508
379
506
373
201
147
149
282
287
291
295
462
507
375
370
198
195
193
190
188
186
347
180
178
176
173
162
313
475
477
498
497
494
492
490
337
335
330
327
322
476
311
157
177
180
342
346
493
495
481
322
318
315
158
175
176
339
489
487
330
168
165
168
160
159
174
178
180
343
491
493
495
496
498
499
473
307
154
180
345
491
493
190
360
364
499
500
466
299
149
147
143
141
196
199
372
499
463
292
145
142
194
366
369
374
207
212
386
500
502
505
448
446
443
442
437
263
136
137
138
220
393
504
507
404
512
438
264
259
138
138
222
225
400
509
443
440
438
264
261
259
138
138
251
139
138
225
228
231
407
410
412
416
418
422
424
427
515
419
416
415
240
514
407
233
139
140
140
140
140
141
141
256
258
262
266
270
443
445
513
400
512
395
220
218
216
142
143
261
263
436
515
410
408
232
139
139
140
140
246
422
425
516
422
515
416
413
410
406
403
228
140
140
141
141
255
430
432
516
414
412
237
138
232
139
241
414
416
418
421
423
424
426
516
420
418
243
139
228
232
407
513
438
265
136
137
256
253
138
139
138
138
228
230
232
407
410
412
413
416
514
431
257
256
138
251
138
224
227
230
402
405
407
409
514
435
262
259
256
252
138
138
138
225
138
230
405
513
514
436
261
258
256
138
138
222
223
397
507
446
274
135
134
205
377
499
499
386
499
457
454
453
450
279
136
135
134
204
375
378
499
462
296
148
186
353
495
479
318
162
315
159
173
176
177
337
340
489
490
485
328
324
321
162
170
329
332
336
486
490
489
487
332
485
327
326
166
164
168
170
326
328
483
485
487
488
489
491
491
493
482
480
497
498
498
474
471
306
155
178
181
343
346
349
352
494
495
479
320
162
170
159
173
175
177
180
344
490
491
493
495
481
321
162
169
325
328
483
495
494
486
491
489
487
486
485
483
481
479
317
160
172
174
336
339
341
343
489
487
492
493
494
496
497
478
317
160
158
174
176
176
178
341
344
346
347
350
492
188
355
496
497
499
474
310
156
155
154
179
341
343
344
347
350
493
483
482
495
479
319
161
314
159
173
331
334
486
487
489
486
330
328
325
165
168
168
326
481
496
349
485
487
489
489
487
330
328
324
321
163
162
171
328
331
484
492
490
338
335
491
485
328
327
325
323
164
169
170
328
329
330
333
486
491
339
336
174
172
328
326
323
320
317
161
171
172
174
176
338
487
487
488
487
485
328
168
164
317
477
499
498
481
482
483
484
485
493
491
339
338
335
173
171
170
169
163
316
476
500
357
498
497
353
186
184
182
155
297
300
465
506
374
371
201
198
198
196
195
149
359
190
188
151
152
290
458
509
508
381
208
144
144
145
146
276
446
513
400
396
222
219
217
386
212
143
264
266
268
440
443
447
449
512
395
222
141
141
254
256
259
432
143
264
266
439
441
514
406
231
229
227
225
222
220
218
142
142
144
144
144
209
207
144
146
146
147
147
277
279
450
512
393
219
142
142
256
257
260
433
144
265
268
441
443
513
401
226
225
223
141
141
142
256
258
260
262
264
437
145
272
442
443
446
513
401
225
223
223
140
141
140
252
253
256
258
432
433
144
266
270
442
445
513
398
223
221
141
142
142
143
261
264
267
268
271
443
147
280
452
511
511
388
215
143
144
267
269
441
445
447
449
452
510
390
215
142
260
264
267
146
273
447
452
454
510
386
214
209
144
146
146
146
148
278
448
451
511
391
458
509
508
378
374
201
147
149
149
286
289
459
461
508
507
374
200
198
195
360
357
189
152
152
295
461
507
506
375
202
146
148
149
285
287
289
458
508
378
206
204
145
367
195
192
190
187
153
154
297
300
467
505
370
367
197
148
149
150
288
458
509
384
210
208
376
203
146
275
278
281
453
511
509
384
209
208
205
146
147
148
148
149
284
152
290
459
509
508
380
208
145
146
148
148
279
282
286
290
460
508
381
207
144
269
272
444
277
449
452
455
457
459
508
384
380
376
202
146
147
280
452
511
391
216
214
381
209
144
145
146
273
445
449
450
511
393
218
215
212
210
208
204
202
199
365
362
194
150
150
287
292
461
462
507
377
205
202
145
146
273
445
446
447
513
398
224
141
394
219
142
142
143
257
260
262
265
438
514
407
404
230
140
140
141
249
423
516
424
421
247
417
416
241
138
138
137
139
140
140
140
247
250
251
254
256
143
144
144
145
146
274
445
447
448
512
395
220
217
216
215
213
210
143
144
374
202
198
147
148
282
455
510
509
382
209
144
145
146
147
277
449
452
511
393
220
142
142
211
209
144
146
145
146
147
277
281
283
453
510
389
215
142
143
144
144
265
145
270
443
446
447
513
397
222
219
142
142
143
143
264
267
272
275
447
450
150
288
292
295
299
301
468
505
503
365
362
359
189
152
293
461
507
378
204
146
276
448
451
288
289
458
460
462
465
505
371
369
367
364
361
191
190
187
152
294
296
463
303
468
470
503
502
361
358
189
188
185
154
299
303
469
470
504
368
197
194
359
357
188
186
185
182
180
177
175
159
162
313
315
477
498
497
496
350
183
342
338
336
332
329
167
166
320
324
327
330
484
486
491
489
335
333
171
164
317
478
499
497
483
494
344
341
339
336
335
331
327
165
164
168
326
482
483
494
492
491
489
489
490
485
328
326
165
169
326
329
332
485
492
490
338
335
172
169
164
316
167
322
480
482
483
485
492
340
339
336
332
330
327
168
164
319
479
497
495
345
180
156
303
160
162
313
475
477
499
498
352
349
182
156
156
158
305
470
504
366
363
361
192
189
152
294
156
157
304
470
472
502
363
360
358
189
152
291
293
296
463
507
378
205
203
370
197
148
148
150
150
289
458
460
508
382
208
205
145
145
147
275
446
449
452
510
388
215
383
210
144
144
145
272
444
446
449
511
394
219
216
216
212
209
206
146
273
148
149
150
286
290
461
508
380
378
205
204
145
146
148
148
281
284
288
457
510
384
211
207
373
201
148
148
149
151
151
289
292
461
507
380
207
204
145
146
148
148
282
151
290
460
509
507
377
204
146
146
148
149
284
288
291
295
462
507
375
204
146
277
449
452
288
292
460
507
507
375
203
146
146
276
449
452
455
509
509
385
211
144
144
146
146
275
447
282
285
456
510
508
383
209
207
203
146
148
279
450
511
391
216
213
210
143
374
201
198
195
193
191
150
290
292
461
508
379
376
204
145
147
148
280
282
150
152
291
460
463
507
373
202
199
197
194
149
151
289
294
462
507
378
204
145
146
275
448
150
287
291
294
298
301
467
504
502
362
360
355
187
184
180
157
303
469
503
475
501
358
189
352
185
182
157
158
306
470
503
502
362
357
187
152
293
462
507
374
200
148
279
450
511
390
509
509
379
206
203
200
148
148
150
286
455
510
509
507
375
203
201
198
148
358
188
152
294
298
465
505
371
368
364
361
357
353
184
154
299
303
467
505
369
196
192
189
353
184
155
300
303
469
504
368
364
193
190
188
185
181
155
300
467
505
370
200
197
195
193
357
188
185
154
154
299
466
505
504
369
366
194
192
189
186
153
295
297
464
303
468
470
503
502
362
359
190
188
153
154
295
299
302
467
505
368
197
195
358
356
187
185
184
182
180
178
176
160
310
473
473
501
359
189
187
185
184
346
180
157
303
160
310
472
502
500
360
357
188
186
153
153
296
463
507
376
205
145
146
147
363
192
191
151
152
292
295
462
464
507
506
374
371
200
147
148
148
284
285
151
291
294
461
463
465
506
371
367
365
363
358
355
186
183
181
156
301
467
505
368
363
359
499
498
496
348
345
180
157
302
305
470
503
364
362
361
192
189
153
294
462
156
302
467
470
474
501
361
359
356
187
185
183
181
155
301
466
505
375
202
201
200
199
196
361
191
190
151
150
151
289
458
460
508
383
211
144
144
266
268
269
441
444
275
448
450
452
453
455
510
388
387
215
142
142
143
142
144
263
436
436
514
441
514
404
229
227
140
140
247
249
251
426
427
429
516
417
414
412
409
235
405
229
227
141
141
248
423
516
516
421
419
417
417
242
138
233
407
409
412
514
435
434
260
429
255
254
139
138
222
396
504
507
447
444
441
438
264
262
261
260
256
138
424
249
247
138
138
228
229
403
406
510
442
440
438
265
263
262
260
258
138
425
250
138
138
138
227
229
232
234
408
512
439
438
265
264
263
136
211
384
499
500
457
288
453
283
139
137
137
136
135
135
135
136
136
137
137
212
216
138
139
139
139
139
224
397
506
508
445
443
444
441
269
267
135
136
210
212
137
137
137
138
138
218
218
220
222
394
503
452
451
280
278
136
136
201
203
134
206
375
499
379
499
499
461
459
291
146
144
143
142
141
140
138
196
197
136
136
134
134
134
205
207
208
211
213
386
500
501
454
285
282
280
137
135
443
272
134
134
135
208
378
380
381
499
499
500
501
501
453
283
281
279
137
445
272
135
134
134
207
378
381
383
499
500
457
455
284
280
278
275
135
135
437
264
137
137
137
217
220
222
225
398
508
446
442
267
265
262
260
257
138
424
248
138
139
138
232
405
406
409
514
438
264
262
260
256
252
250
250
138
419
244
242
240
240
138
138
138
139
139
140
241
416
417
419
420
514
426
424
515
420
418
415
412
238
138
138
139
139
140
140
245
247
249
425
515
421
249
420
245
243
241
239
138
138
236
239
241
244
246
420
422
425
516
422
420
245
417
242
240
237
234
139
140
140
140
244
246
248
422
422
425
516
422
420
246
417
242
240
238
235
138
139
140
140
240
242
244
418
419
421
515
423
421
246
418
243
242
239
237
138
138
139
139
240
242
244
419
423
423
516
423
422
247
416
241
238
139
138
236
411
414
415
514
431
429
427
253
138
138
141
225
227
139
138
138
139
140
244
246
247
250
250
426
427
429
431
514
417
413
411
236
404
228
226
140
140
250
424
428
430
515
418
416
413
237
138
236
410
412
415
514
430
256
254
425
422
247
138
139
139
230
407
409
412
514
435
261
261
137
212
215
218
390
138
224
226
399
401
509
443
442
440
266
264
261
260
258
138
138
138
138
138
244
139
139
138
138
139
139
242
242
245
419
513
427
425
424
249
138
138
138
240
238
138
235
237
239
415
417
419
420
423
427
515
420
418
245
244
242
240
411
409
407
234
231
139
140
140
140
141
141
141
141
253
254
142
142
142
142
142
261
434
514
515
413
412
236
235
139
140
140
140
140
140
395
222
221
221
219
142
142
257
260
260
434
515
515
412
411
410
408
406
404
513
401
227
140
140
246
247
249
250
252
425
427
429
431
515
415
415
240
138
408
234
140
139
140
243
244
248
248
421
513
427
425
250
247
138
139
138
139
411
236
138
139
139
239
414
417
419
513
428
428
426
252
250
249
138
139
138
416
242
138
231
233
234
411
412
413
514
431
429
429
256
138
138
138
223
224
138
138
138
137
139
238
411
514
515
432
430
256
253
252
250
247
245
241
139
410
234
232
140
140
245
248
248
250
254
428
431
515
415
414
412
408
234
139
400
226
140
140
141
250
251
425
426
515
419
245
242
239
138
232
255
415
