239
329
418
168
511
184
377
372
202
508
149
454
289
261
486
145
464
276
291
465
145
495
246
305
440
149
502
232
336
412
164
514
179
401
382
195
511
153
415
351
220
500
148
457
285
265
484
139
479
256
312
433
160
510
184
379
371
166
517
174
409
357
215
509
150
437
326
226
504
151
449
313
254
479
141
494
248
320
443
148
492
251
298
446
146
505
208
364
402
168
517
172
411
355
202
512
157
440
323
214
502
145
451
309
259
476
141
486
244
323
439
149
502
216
337
427
155
511
219
351
398
183
516
169
416
332
221
499
147
458
301
266
482
140
491
237
331
432
160
511
182
346
404
167
517
185
376
390
188
516
166
423
342
212
504
145
450
293
273
465
144
494
246
322
455
148
507
203
353
396
184
515
169
417
348
207
506
147
445
317
251
491
138
442
303
264
483
138
479
255
312
448
145
497
242
308
436
150
509
200
375
375
200
513
156
438
343
212
510
152
435
311
256
489
138
461
280
269
469
143
492
249
318
428
154
499
236
332
431
153
510
194
381
385
192
515
161
412
354
218
508
156
440
305
215
502
144
452
308
259
487
132
463
294
272
466
141
485
246
321
425
164
517
177
404
362
196
516
169
401
348
208
505
147
445
316
251
491
141
470
267
282
458
147
499
237
297
461
146
498
240
328
419
159
509
198
377
372
189
515
165
424
323
229
503
167
421
327
242
497
146
449
312
239
498
138
460
280
270
468
144
493
250
317
471
142
491
253
297
461
146
505
224
328
419
159
510
185
395
354
217
501
143
467
271
279
461
139
478
257
293
464
141
486
260
290
466
144
503
216
339
426
164
517
178
387
396
184
514
159
417
330
238
490
140
460
298
268
481
140
482
267
282
458
147
490
253
296
447
146
498
240
311
449
145
504
211
342
422
166
518
175
408
341
214
509
150
451
326
226
496
145
449
312
256
478
138
473
263
303
441
148
507
203
353
396
184
514
179
384
364
195
511
152
431
333
236
491
142
458
284
265
482
139
490
254
279
461
146
498
240
328
434
159
509
198
360
390
177
517
175
408
342
229
495
145
451
292
274
488
137
462
278
272
467
144
494
246
320
441
155
507
219
352
397
183
514
160
432
315
255
490
147
445
300
266
482
138
481
252
297
461
146
498
240
311
435
158
512
185
377
406
166
517
176
390
359
199
513
167
420
345
209
510
152
447
314
253
490
139
444
301
267
483
138
481
253
314
446
146
498
240
311
434
159
512
184
377
373
202
512
156
439
342
228
495
145
451
293
274
464
141
495
245
323
439
155
512
188
389
361
197
513
158
434
312
224
505
146
446
315
253
491
139
470
267
283
458
147
499
237
331
432
160
511
209
362
404
167
512
185
393
356
201
509
149
438
324
244
486
139
476
260
291
451
150
508
200
340
425
164
517
189
371
378
196
514
159
433
313
239
489
138
484
265
302
442
150
507
204
351
430
161
506
181
382
367
192
515
172
395
354
217
501
143
455
288
262
474
142
478
257
293
450
145
496
243
307
452
150
508
201
356
393
186
516
166
421
344
211
510
151
449
329
239
489
138
473
264
286
468
140
483
266
300
444
148
500
221
332
431
161
505
224
346
418
159
511
184
394
371
203
513
158
424
341
229
503
144
452
293
226
496
136
463
295
272
467
144
494
232
337
412
164
515
178
386
364
196
511
152
447
314
253
499
142
458
283
266
470
143
499
237
331
432
152
504
211
346
419
168
516
173
395
355
216
507
164
423
341
214
509
150
450
293
257
487
138
485
262
287
468
144
502
218
336
443
154
511
192
367
383
194
511
161
430
334
220
507
148
442
320
232
493
144
424
323
228
495
145
464
275
291
464
145
495
245
305
439
149
502
217
354
395
184
516
168
419
364
208
505
146
446
315
252
481
138
482
250
317
444
153
510
193
366
401
170
510
196
363
387
178
515
163
426
338
215
508
150
438
308
260
486
130
463
275
290
452
150
508
230
339
409
175
517
177
404
344
211
510
152
448
313
254
489
138
484
248
302
442
147
500
219
316
430
153
511
207
348
400
180
516
171
397
353
204
507
148
441
322
231
494
156
438
307
260
486
130
464
277
273
465
140
485
262
305
440
149
501
233
336
456
148
500
235
316
431
161
506
194
382
367
192
514
162
429
336
219
500
143
455
287
264
484
144
467
272
295
462
145
497
241
309
436
159
512
186
376
373
201
508
149
453
324
243
486
131
465
275
291
451
145
495
245
322
439
156
512
188
389
360
212
509
151
449
311
210
505
152
447
314
254
491
142
459
300
268
469
140
482
251
299
445
146
505
254
313
432
160
510
195
363
386
178
516
173
394
372
205
513
156
439
306
261
485
139
477
258
275
464
145
503
229
323
424
156
508
201
372
376
185
514
157
435
328
225
505
168
417
331
222
505
147
445
317
236
500
142
457
285
264
472
142
490
238
329
448
146
497
241
310
436
151
509
213
358
391
188
515
165
405
360
198
514
158
402
346
209
510
160
432
314
253
490
141
458
283
267
482
140
481
269
280
473
144
466
273
294
463
145
496
226
326
422
157
512
200
374
392
187
515
165
422
326
242
487
138
463
277
289
466
140
494
247
303
455
148
506
204
352
397
183
514
160
432
331
237
490
142
459
317
251
482
140
481
269
298
446
146
498
224
328
419
159
511
185
377
372
202
516
165
423
324
213
509
150
451
310
258
477
141
486
245
306
439
157
512
188
389
360
211
510
167
419
346
224
505
146
447
298
253
491
142
458
301
266
483
138
468
270
297
474
142
489
256
294
449
152
509
211
343
421
157
508
200
357
392
186
515
166
421
344
211
509
168
419
347
224
505
146
447
297
252
491
141
458
284
267
470
143
491
236
332
447
152
510
195
364
403
178
515
173
411
355
216
508
149
454
288
262
474
142
488
242
310
436
145
496
228
323
439
156
512
188
372
394
185
516
167
420
328
240
488
138
473
314
253
491
142
458
300
267
470
140
481
269
280
472
143
498
239
329
418
168
504
212
343
406
166
511
186
374
392
187
513
157
421
327
226
504
145
448
313
208
505
147
445
316
251
491
142
457
284
282
472
140
479
254
296
447
146
504
258
310
436
158
509
199
358
391
175
516
166
406
360
197
510
151
449
311
255
479
141
484
247
286
468
143
493
250
300
444
147
499
237
330
417
160
510
186
380
388
190
515
186
375
373
201
513
156
438
307
243
495
145
450
294
274
465
145
502
215
339
425
155
512
190
353
396
183
514
169
417
331
237
499
147
459
300
267
482
140
481
269
280
473
138
466
273
294
463
142
497
243
307
437
157
511
200
356
393
185
516
166
420
362
196
509
151
433
330
222
499
147
444
317
250
491
138
469
286
264
484
140
453
289
278
475
140
487
242
309
451
151
509
200
357
392
187
515
166
422
343
212
509
151
449
329
224
498
146
447
314
252
480
139
482
266
283
457
147
500
221
332
431
160
505
208
364
386
179
517
172
394
371
202
512
156
424
340
230
494
145
451
292
226
496
136
463
295
272
466
144
493
232
337
411
163
515
178
385
364
195
511
152
446
315
252
499
142
457
284
265
472
144
499
237
330
432
151
505
210
344
421
157
512
186
357
408
175
515
176
389
360
211
509
151
449
312
239
489
139
472
264
287
456
148
500
219
334
445
147
498
237
313
432
160
510
196
379
370
203
512
155
441
322
245
494
144
422
326
242
496
146
463
278
289
466
144
494
247
304
441
148
506
204
351
398
182
516
170
415
367
192
511
154
428
318
249
483
139
468
270
296
460
142
498
241
310
435
158
496
228
341
423
156
512
188
372
394
185
513
158
419
328
240
498
146
446
315
220
506
148
457
301
265
483
139
479
254
296
447
146
497
241
327
435
158
512
186
375
373
200
515
166
422
326
226
496
145
463
295
272
478
141
484
264
286
469
143
492
234
282
459
146
499
238
330
433
152
504
226
343
421
157
512
187
375
375
200
509
166
421
344
226
504
145
449
295
254
490
141
459
299
268
482
140
481
252
298
472
142
489
238
312
434
159
510
197
377
371
202
512
156
439
306
244
495
130
464
275
291
452
141
485
246
321
440
148
501
218
335
429
153
511
207
365
400
180
514
161
428
336
218
507
148
424
340
229
502
150
451
292
274
477
141
486
262
304
440
148
507
203
370
379
162
511
192
368
400
181
514
161
414
335
219
507
154
441
321
231
494
144
466
324
227
503
145
449
311
256
478
139
474
263
304
455
148
500
218
334
429
162
499
222
331
432
152
510
196
362
403
178
515
163
409
339
215
502
144
466
292
275
463
145
496
260
306
438
156
508
201
355
394
173
514
178
403
364
195
510
152
446
315
252
500
142
458
284
265
483
138
468
288
279
462
145
497
226
327
421
158
512
185
375
374
200
513
176
406
344
211
510
151
448
312
238
490
139
484
265
301
442
148
500
221
350
431
160
510
182
363
403
167
516
188
376
374
200
513
156
422
342
211
504
146
448
312
255
489
147
459
300
268
482
140
481
269
280
472
142
489
256
293
450
141
487
243
324
438
149
502
217
336
428
154
511
205
367
400
181
514
161
430
317
250
481
140
469
269
280
473
139
489
239
328
435
157
512
186
375
374
200
509
150
452
291
275
476
142
495
277
289
467
141
484
248
319
427
155
511
191
367
399
181
514
161
413
352
219
507
148
455
304
230
502
144
452
307
260
486
140
476
260
289
453
149
507
202
372
378
197
514
192
385
365
194
514
161
430
317
234
491
143
456
304
262
485
138
466
274
292
476
141
486
260
288
467
141
483
265
284
457
147
500
220
332
431
160
510
182
363
403
167
516
185
376
373
201
513
156
422
343
212
503
145
449
313
255
489
147
446
316
251
491
143
457
286
264
473
142
489
256
311
434
158
511
184
393
357
216
508
150
422
325
242
486
133
462
278
288
466
141
484
265
284
469
143
491
236
315
431
142
498
240
328
434
158
512
185
375
374
201
508
156
421
344
226
504
145
448
296
270
467
144
483
249
301
444
147
499
221
331
432
160
510
182
379
371
203
512
155
440
323
214
508
157
436
327
242
497
146
448
296
270
468
140
483
266
283
471
143
499
253
295
447
152
505
210
362
404
167
517
174
409
357
215
509
150
452
292
275
464
145
495
245
272
467
144
493
248
301
443
154
506
206
367
399
169
510
182
380
386
191
515
197
376
373
201
513
156
438
308
243
495
133
476
277
289
453
149
501
216
337
411
163
514
179
368
382
194
514
171
397
352
219
506
148
455
286
263
484
140
478
257
293
450
150
509
199
358
424
157
512
189
372
377
197
509
159
417
330
223
505
146
459
282
267
482
138
455
287
280
473
140
488
241
328
436
158
512
186
375
374
200
513
157
436
309
257
477
141
495
262
288
467
144
492
250
299
443
147
505
207
366
401
180
516
172
395
354
217
501
143
454
288
244
485
130
476
276
290
452
150
502
215
338
426
155
511
190
386
364
196
510
152
447
315
252
499
148
443
302
248
493
138
467
289
261
486
130
464
275
290
452
150
508
200
339
425
164
517
190
370
380
196
514
159
417
349
207
511
153
444
300
267
470
139
469
270
297
460
147
498
224
328
434
159
512
197
377
372
202
513
156
438
307
260
486
139
450
295
272
466
141
484
247
303
455
148
507
204
351
398
182
514
160
431
315
253
480
141
492
267
283
471
143
491
253
296
447
146
504
210
344
420
167
517
174
409
340
215
502
145
452
291
242
496
136
462
296
271
467
144
494
232
337
427
154
507
205
368
398
181
515
182
381
369
205
511
154
442
321
231
494
144
466
290
277
463
145
503
213
359
390
186
512
157
422
343
226
504
159
434
313
254
489
141
472
266
284
470
142
491
236
331
431
160
510
183
379
404
178
515
164
409
341
215
509
157
437
326
241
496
138
474
262
287
455
149
507
204
369
397
163
505
193
365
401
179
515
162
412
354
217
507
149
438
306
260
486
129
476
311
256
489
138
461
280
287
468
140
492
250
300
444
146
506
207
347
418
168
505
211
343
421
158
508
200
374
393
185
513
158
419
328
224
505
146
446
315
205
507
147
442
320
232
493
144
454
306
260
475
139
476
259
307
438
157
512
188
390
360
197
516
167
418
346
208
505
146
446
315
252
481
140
482
269
299
445
146
499
224
295
448
145
497
243
308
437
157
508
200
373
376
186
513
158
420
345
224
505
160
432
314
253
499
148
458
283
266
471
143
491
253
296
447
152
510
196
362
387
190
515
163
392
357
214
502
150
437
308
259
487
139
475
260
289
466
144
493
248
302
442
143
491
252
298
459
146
498
239
312
434
158
511
198
376
389
188
516
165
423
342
213
503
146
435
311
256
488
138
461
280
286
468
144
501
219
334
414
171
505
193
365
384
168
517
172
412
354
217
507
149
439
323
245
495
145
465
274
292
450
150
509
199
357
392
187
517
177
405
362
197
510
152
447
314
254
490
139
472
266
284
470
143
491
237
332
432
160
510
209
363
386
179
517
173
392
357
200
509
149
451
308
258
487
139
475
262
288
490
138
471
265
284
457
147
499
237
332
431
160
510
196
363
404
178
514
164
425
339
214
508
166
422
326
226
504
152
448
295
256
489
138
472
264
285
456
147
507
220
332
446
146
505
210
346
419
158
512
198
358
390
187
516
165
407
360
212
509
158
401
347
208
505
153
445
299
267
482
140
481
252
297
460
146
498
240
310
435
145
503
212
341
423
165
517
175
389
377
197
509
158
434
312
254
479
140
483
265
301
443
148
492
252
315
432
152
510
196
379
386
190
515
163
410
339
215
509
150
452
291
275
464
145
495
261
306
439
156
507
203
353
395
172
510
180
401
366
194
511
153
444
318
251
500
143
455
287
262
485
137
465
291
275
476
141
486
262
288
467
143
493
233
284
457
148
500
236
332
432
160
510
195
363
387
179
518
173
393
356
215
508
166
422
343
226
504
145
449
295
256
489
139
484
264
285
469
143
492
236
333
415
171
517
170
381
368
191
515
172
411
354
216
507
149
440
323
245
495
134
464
292
274
464
137
474
261
306
454
149
501
216
337
427
155
512
205
368
398
182
514
160
431
315
252
491
142
444
301
266
471
140
480
253
314
447
146
504
225
327
420
167
516
174
393
356
189
513
156
438
342
212
509
151
435
310
256
478
139
474
263
287
468
143
492
233
336
428
162
506
221
332
416
160
511
183
397
369
191
515
163
426
338
216
502
144
453
289
244
486
130
464
293
257
477
141
485
246
322
439
149
507
203
372
378
197
514
159
433
313
255
498
147
460
281
268
469
143
492
251
299
445
147
499
238
330
417
159
510
183
344
405
167
517
186
375
392
187
516
166
421
344
210
504
146
448
313
253
490
153
444
317
250
492
138
469
286
263
484
139
478
256
293
450
151
509
198
376
373
188
513
156
406
360
198
514
167
418
347
224
505
146
445
299
268
481
140
491
251
298
445
142
489
239
328
434
158
511
185
378
372
203
513
165
423
342
213
509
150
450
328
240
489
138
461
280
286
468
140
482
251
317
444
147
499
238
331
433
159
511
183
379
371
178
515
164
424
340
214
503
145
452
291
275
464
141
495
229
323
424
165
517
176
388
361
198
516
168
418
347
208
510
152
446
316
252
481
140
481
251
298
445
146
498
223
294
448
146
497
242
308
437
156
508
200
374
376
187
513
157
421
346
226
505
159
433
314
253
499
142
458
283
266
482
140
490
252
297
447
152
510
196
362
387
191
515
163
392
357
215
502
150
437
309
259
487
139
474
261
288
467
144
493
248
301
443
143
491
253
297
460
146
498
240
311
435
151
509
212
342
407
176
515
166
423
343
213
504
145
435
312
256
489
138
460
280
285
469
143
492
250
317
429
153
510
193
365
384
169
517
172
413
353
218
507
149
440
323
229
503
150
438
308
259
487
135
475
312
256
489
139
473
264
284
469
140
482
268
281
472
142
498
238
330
433
159
504
210
343
421
158
512
186
393
374
200
513
157
421
326
226
504
145
449
313
208
505
146
445
316
251
491
142
456
286
281
472
140
478
256
294
449
146
504
259
308
437
157
508
201
357
392
174
517
177
403
363
210
510
152
433
314
253
490
142
458
283
250
492
138
468
287
262
485
138
466
273
276
463
145
504
227
325
423
166
517
201
356
409
174
517
177
387
362
196
514
159
433
312
255
479
141
493
232
337
428
155
511
192
350
399
182
515
170
397
351
220
507
148
457
302
264
483
139
479
254
295
448
139
487
242
309
451
150
503
214
340
408
175
518
189
371
396
184
514
159
434
312
256
489
140
446
316
252
491
141
470
267
300
459
147
499
238
331
432
160
511
183
396
353
178
516
173
393
373
201
514
156
422
342
227
503
145
450
293
273
465
144
494
263
287
468
144
493
233
335
413
162
509
179
384
382
194
515
160
430
317
251
492
142
456
285
248
483
138
480
271
295
448
152
504
211
361
405
167
512
186
393
357
214
509
151
437
309
259
496
145
463
277
272
466
144
494
246
321
426
155
511
189
387
362
197
510
152
448
314
254
479
141
459
282
268
482
140
481
268
281
459
147
498
223
329
417
169
517
172
395
388
189
512
155
425
340
215
509
157
437
308
259
487
139
475
260
306
438
157
512
188
372
377
173
515
167
420
346
224
497
146
446
298
270
468
140
482
266
301
444
147
506
207
349
400
180
510
182
396
353
204
507
148
455
305
262
484
140
478
257
293
450
151
509
198
358
390
188
512
175
390
360
198
513
158
435
311
240
489
139
474
280
270
468
143
492
250
317
471
143
490
254
296
461
146
497
241
327
420
158
512
185
392
356
215
502
149
437
308
259
476
134
463
277
289
466
144
502
216
337
426
163
515
191
386
363
196
514
160
432
349
207
505
147
444
317
250
482
138
481
252
315
445
146
498
224
346
418
159
511
184
377
372
176
517
175
408
359
214
509
149
436
310
258
488
138
474
262
288
467
144
501
248
319
428
154
506
206
350
398
171
516
171
415
350
206
506
148
443
301
265
471
142
490
237
279
461
146
505
225
327
435
158
509
199
358
407
165
517
176
406
342
212
509
167
419
346
227
505
146
447
297
253
490
142
459
299
267
482
138
469
269
280
494
138
478
256
294
462
145
503
227
325
422
157
508
200
374
375
186
514
158
437
309
259
487
145
449
295
256
489
138
484
247
303
441
148
507
218
335
413
162
510
179
384
416
171
511
182
381
369
205
506
154
442
320
248
493
143
453
288
261
485
139
465
274
292
450
141
486
260
289
466
144
502
216
338
426
155
512
190
386
380
196
515
159
432
348
207
506
147
445
317
250
492
142
456
286
281
472
142
498
238
329
418
169
504
211
344
404
167
512
186
375
391
188
513
157
421
326
227
503
145
449
311
209
505
146
447
314
253
490
141
459
282
284
470
140
482
251
298
445
147
505
255
312
434
159
509
196
379
371
190
515
164
408
357
215
508
149
437
308
259
486
139
476
260
272
466
144
503
231
320
426
163
511
191
386
363
195
510
152
447
298
269
479
140
492
250
316
459
148
499
238
312
433
160
510
197
361
388
177
516
174
392
358
214
509
150
406
344
211
504
152
447
313
254
489
140
459
284
267
470
142
491
252
315
430
147
498
239
329
434
159
511
185
377
388
189
516
176
391
358
214
508
150
451
292
275
464
145
485
262
288
454
144
493
232
319
442
148
499
237
332
432
160
511
183
397
352
179
517
173
393
373
201
513
157
422
344
226
503
145
448
295
271
467
144
493
265
285
469
143
492
252
298
445
147
505
208
365
403
179
516
173
394
355
216
501
144
453
290
244
496
130
463
294
273
466
144
494
231
338
426
155
507
204
369
397
182
514
181
381
368
206
511
154
443
320
233
493
143
467
289
261
485
131
464
276
291
452
144
495
246
287
455
148
501
234
335
428
162
510
193
366
384
192
514
162
428
337
232
493
149
454
288
261
486
132
465
275
274
464
144
495
245
322
441
155
512
190
370
413
161
507
180
382
366
193
512
163
429
336
233
501
143
468
271
296
447
152
510
196
361
405
151
508
200
375
392
186
514
157
420
345
210
510
160
416
349
206
511
154
444
353
218
507
154
425
339
230
502
150
437
308
258
487
137
475
261
288
454
149
484
248
319
428
154
511
192
384
384
181
514
161
413
353
204
507
148
440
305
262
473
142
488
274
292
451
150
503
214
340
424
155
507
202
371
396
183
514
158
434
313
255
478
142
484
249
285
469
143
491
251
298
446
146
498
239
311
434
159
511
184
394
355
202
513
175
391
359
213
509
150
451
292
257
488
139
485
263
305
440
156
511
189
388
362
196
509
151
401
348
207
506
153
445
318
250
492
138
469
269
280
460
146
498
240
328
435
145
503
212
341
422
156
512
188
373
377
198
509
158
419
346
225
498
146
446
298
269
481
139
457
285
282
471
140
479
254
313
448
146
497
241
309
436
158
512
186
392
357
175
517
176
388
378
197
514
158
419
348
223
505
147
445
299
267
469
143
491
268
281
472
142
490
256
294
448
146
503
211
343
422
167
517
174
408
341
213
503
146
451
292
242
497
138
462
295
271
467
144
493
232
336
427
155
506
206
367
399
181
514
182
380
369
205
511
157
442
303
248
484
137
479
272
294
448
151
509
197
360
406
176
517
175
355
393
185
515
178
403
363
195
514
160
431
333
221
506
146
443
318
249
483
148
455
288
263
485
140
478
257
293
450
150
509
213
341
423
156
513
188
389
360
197
510
151
418
348
208
505
153
445
316
252
492
143
457
285
281
472
143
498
239
329
418
152
509
197
360
406
166
517
175
390
359
213
509
158
435
311
256
488
139
473
263
287
455
148
492
234
335
429
153
506
207
365
401
180
514
162
412
354
217
507
150
454
288
245
494
135
478
275
292
451
151
503
214
340
425
156
511
191
388
362
197
514
160
433
313
254
505
147
459
283
266
482
140
480
270
296
447
152
504
210
345
419
158
513
185
393
356
215
501
156
439
307
260
486
131
464
275
274
465
145
495
245
322
425
155
513
188
388
362
197
510
151
418
348
208
505
152
445
316
251
491
142
470
268
281
471
142
499
238
330
417
152
510
196
362
404
167
516
174
393
356
215
508
157
438
307
259
475
141
496
243
324
423
157
502
215
356
393
174
516
166
420
345
210
505
146
447
313
254
490
141
471
265
301
443
148
506
236
333
415
170
509
182
381
369
191
514
163
411
354
217
501
148
439
307
262
503
145
465
275
274
476
141
496
245
323
424
164
512
189
371
378
197
514
160
433
313
256
479
147
460
282
285
469
143
500
219
333
430
152
510
208
347
418
159
510
184
377
406
177
517
175
391
359
213
509
158
436
310
257
487
139
486
245
305
439
156
512
189
388
362
196
514
159
433
348
207
511
153
430
334
219
500
148
442
321
247
484
138
479
256
293
450
151
496
244
324
423
156
512
188
389
377
198
513
158
419
346
224
505
146
446
298
221
499
147
443
319
248
484
138
468
271
295
448
146
505
210
344
420
167
516
174
409
340
214
513
157
437
308
243
496
135
463
295
272
466
145
494
231
337
426
155
511
190
351
397
182
516
180
400
367
206
511
153
444
318
233
492
143
468
270
279
462
146
497
241
309
464
144
503
229
323
423
165
517
189
371
378
196
514
159
433
313
254
489
139
472
265
284
470
138
469
269
298
459
147
498
223
330
433
160
509
211
344
405
177
515
163
425
357
200
508
149
438
326
242
496
145
463
277
290
466
144
494
232
337
427
155
492
235
334
414
162
505
180
400
367
206
506
147
443
319
249
492
138
468
271
296
448
146
497
258
292
451
145
495
246
305
439
149
501
233
336
412
162
510
180
383
366
193
516
171
413
352
204
507
154
441
322
248
484
137
466
273
294
449
145
503
213
342
423
165
517
201
372
394
185
516
167
419
347
209
510
153
446
298
268
469
143
491
251
315
472
142
489
256
293
450
151
509
212
359
407
176
518
176
406
360
197
514
158
402
348
208
511
161
430
317
250
492
143
456
286
264
484
139
478
256
293
449
151
509
199
360
423
166
517
176
389
360
198
514
168
418
329
239
498
147
460
281
268
480
138
457
285
282
472
140
489
238
312
448
151
510
197
360
406
166
517
175
390
359
213
504
145
450
328
240
497
146
446
298
269
480
138
470
268
299
445
147
499
222
331
433
160
505
210
344
421
158
512
186
392
375
200
513
157
421
344
225
504
146
447
296
222
498
147
459
300
267
482
140
480
270
279
461
142
488
241
327
420
167
517
174
409
340
214
513
156
437
308
242
497
136
462
295
272
467
145
494
232
337
427
154
512
192
350
399
181
516
182
397
352
219
507
148
455
286
263
484
138
466
273
276
463
148
496
243
307
465
144
502
231
321
426
163
516
190
369
381
195
514
160
432
315
252
480
139
492
234
316
430
148
499
222
330
433
159
510
184
378
370
203
512
163
425
322
245
485
137
478
257
293
450
150
495
245
323
423
156
511
188
372
395
184
516
168
418
348
222
505
146
445
299
220
500
143
457
303
264
484
139
479
256
294
448
145
504
212
360
405
166
517
175
408
359
213
513
157
436
328
225
497
138
460
296
252
490
139
471
267
300
443
147
506
206
313
432
152
510
209
362
404
178
517
174
392
357
200
513
156
438
308
258
487
135
463
277
289
478
140
494
247
302
441
148
507
219
334
429
161
505
193
365
384
192
514
161
395
353
218
501
149
455
288
262
486
136
466
275
275
464
145
495
244
323
438
140
494
232
337
427
155
506
205
351
399
181
514
170
414
351
220
506
147
458
284
282
471
142
479
255
295
462
142
488
258
308
451
150
509
199
356
392
186
514
157
420
345
183
514
159
432
331
221
506
148
444
301
266
471
140
490
254
295
461
146
497
258
291
465
145
495
245
322
439
149
507
203
353
412
172
516
169
400
348
207
511
154
444
318
219
508
148
455
304
263
484
138
466
274
293
450
150
509
198
359
391
187
516
201
355
411
163
511
191
385
364
195
511
153
446
316
252
481
140
481
268
299
445
147
498
239
294
462
145
503
227
325
422
166
512
187
373
377
199
513
158
434
312
256
478
147
460
281
285
470
143
491
252
298
446
153
510
209
345
419
158
512
185
375
408
174
517
177
388
362
210
510
159
416
349
222
507
147
443
301
265
484
140
479
255
294
448
141
487
259
290
466
144
494
231
319
427
155
507
205
351
398
182
514
161
430
352
219
506
148
441
305
263
484
138
478
257
292
463
144
495
244
323
425
155
501
217
336
412
162
508
180
383
383
193
515
162
412
353
218
502
146
454
288
278
462
146
504
258
307
437
156
508
201
372
377
185
516
167
402
364
194
511
153
445
317
251
483
140
481
252
280
473
142
489
257
310
435
158
509
199
358
391
175
515
165
421
344
225
504
159
433
314
254
499
147
458
284
266
483
140
490
256
295
448
151
509
197
360
406
177
516
164
390
360
198
514
168
418
347
208
510
152
445
316
250
491
138
469
270
297
446
142
498
240
328
435
158
512
185
375
374
200
509
157
436
310
257
488
139
485
245
322
441
155
511
191
370
380
172
516
170
416
350
206
507
147
442
320
249
483
138
467
274
294
449
145
504
244
306
439
157
507
202
372
377
185
516
168
418
347
208
505
147
445
318
250
482
140
491
237
279
461
146
497
241
309
436
158
509
200
374
392
174
516
166
420
345
210
509
170
415
350
221
506
148
457
285
265
472
142
498
239
329
419
158
512
185
377
372
201
513
157
406
343
212
505
151
448
313
254
490
141
459
282
266
470
143
499
221
331
432
160
510
183
379
405
167
517
174
392
358
214
508
157
420
326
225
505
146
461
296
270
469
144
482
267
300
444
147
499
237
331
432
160
510
183
379
371
203
512
155
441
323
245
485
136
477
291
275
477
140
486
261
288
467
140
483
265
301
442
148
499
220
332
431
160
505
224
345
419
158
512
186
393
373
201
513
157
423
342
228
495
145
450
294
224
497
146
461
297
268
480
138
470
267
282
471
142
490
238
330
433
159
510
211
361
406
177
517
175
391
359
199
514
157
435
328
240
497
138
473
263
286
468
144
492
251
282
472
142
489
256
312
434
159
509
197
377
373
189
512
156
438
324
227
503
167
419
329
239
497
146
445
299
251
481
140
482
268
298
459
146
498
224
329
449
145
496
243
306
438
157
512
201
354
395
185
516
168
418
330
239
489
139
472
265
285
456
140
491
236
333
431
161
510
182
380
386
191
512
163
426
321
247
484
137
478
257
293
450
150
485
244
305
439
149
507
217
335
429
153
511
193
365
401
180
516
162
411
354
176
517
176
390
377
184
513
158
418
347
223
505
147
444
300
267
482
138
479
305
262
485
133
464
276
290
452
145
502
231
338
426
163
515
178
385
365
208
511
153
444
317
218
507
148
455
305
262
474
141
488
259
308
437
150
508
202
355
410
163
512
220
351
399
181
516
171
414
335
218
507
155
441
322
245
485
139
487
242
308
437
157
511
187
338
410
173
516
179
402
365
194
514
161
429
335
218
501
148
440
322
229
495
157
436
310
257
488
138
473
263
286
469
143
492
252
316
431
152
510
195
364
386
191
515
164
393
357
214
502
150
436
309
257
488
139
473
263
286
468
142
492
250
298
445
142
498
224
346
419
167
516
174
394
357
200
513
166
421
344
210
510
152
446
315
252
481
140
469
269
297
445
146
505
209
362
404
167
517
174
391
359
214
509
150
450
294
272
466
144
493
265
302
442
154
506
206
366
400
169
510
183
379
388
189
515
164
424
341
213
516
166
419
346
209
510
153
446
317
251
492
138
469
269
281
473
142
489
240
292
464
145
502
229
322
424
164
511
190
370
380
183
514
160
432
315
253
480
140
483
267
299
483
140
479
256
294
449
145
496
243
325
423
156
508
216
355
394
185
514
159
419
348
222
505
160
429
335
234
500
143
455
288
262
485
136
465
274
292
451
150
509
214
340
440
149
507
204
353
413
162
506
192
366
400
180
515
162
412
336
218
508
148
424
340
229
502
150
451
292
274
476
141
485
262
287
468
144
492
250
317
429
147
506
207
365
400
180
517
172
395
354
218
501
148
455
288
262
473
142
488
258
309
436
157
503
214
357
392
174
517
177
404
362
197
514
160
418
330
222
505
147
459
282
267
482
138
468
286
280
473
142
489
240
328
434
151
509
198
376
373
201
508
149
453
290
276
463
145
496
243
290
452
149
508
216
337
427
155
506
205
350
398
182
516
170
414
351
220
500
155
442
321
247
494
138
466
273
276
464
140
486
260
289
453
149
508
201
372
378
197
514
159
401
365
208
505
153
444
299
268
482
140
481
253
297
460
146
498
240
311
435
145
503
213
340
424
165
517
176
389
377
197
514
168
419
347
208
505
147
445
333
235
492
143
457
303
264
472
139
479
256
311
448
145
496
242
325
438
157
512
188
373
376
174
516
167
419
346
209
505
147
447
297
269
480
139
470
267
282
472
142
499
271
295
447
146
497
226
327
421
157
512
186
374
391
186
513
157
436
309
257
487
140
485
262
271
467
143
493
250
301
443
147
500
221
349
416
160
510
182
380
370
204
507
163
426
338
231
502
144
466
274
275
464
145
496
245
324
438
156
512
188
388
361
197
513
158
384
365
194
515
171
397
352
219
507
148
441
321
246
494
137
466
274
293
450
142
486
244
323
439
149
502
217
336
428
154
511
206
367
399
181
514
161
429
318
249
482
138
454
287
262
485
134
464
276
291
465
145
503
231
339
409
174
517
177
403
345
210
510
151
447
331
239
491
142
458
300
266
471
140
480
253
314
432
160
510
196
363
387
190
512
185
392
357
200
508
150
452
309
259
487
139
475
261
288
454
149
501
217
336
411
164
515
206
368
398
182
516
170
415
351
205
506
154
444
320
248
493
143
453
289
277
495
130
464
276
275
465
144
494
246
304
440
156
508
204
369
397
183
514
160
415
350
221
499
153
443
301
265
483
138
479
255
295
448
145
504
227
326
421
157
512
188
390
393
186
513
158
403
346
210
505
152
446
298
268
481
139
482
268
297
446
146
497
224
327
419
151
509
199
359
408
165
517
176
389
361
211
510
158
417
330
222
505
147
458
335
233
493
143
455
287
262
485
136
465
275
292
464
145
495
245
322
440
156
493
233
336
429
154
510
193
366
401
180
517
172
395
353
217
507
148
454
289
278
462
142
487
276
290
452
150
502
215
338
426
155
506
204
369
398
182
514
161
431
315
252
491
142
470
268
264
484
139
489
256
293
449
151
503
227
324
423
165
517
176
406
343
212
504
168
417
348
222
506
147
444
318
234
493
144
454
305
261
474
141
487
259
309
477
141
485
263
287
455
148
500
235
334
430
161
511
194
382
368
191
512
155
441
320
247
493
149
438
325
227
503
145
448
313
238
489
138
472
266
301
444
147
505
222
331
447
146
497
225
326
421
167
517
187
373
375
199
514
158
435
311
256
478
141
473
264
285
456
144
500
220
332
431
152
510
195
363
386
191
515
163
425
323
245
485
135
477
309
258
488
138
461
280
287
468
140
483
267
282
471
142
498
238
330
434
159
504
211
360
406
166
512
188
373
394
186
514
158
419
328
240
489
139
460
281
268
480
138
469
286
264
483
138
467
272
277
463
141
497
243
324
438
149
502
264
303
442
148
500
220
333
415
161
510
194
381
386
191
515
163
426
321
247
484
139
478
257
276
464
145
495
244
323
439
156
508
202
371
395
172
512
180
401
348
221
506
161
429
336
233
500
144
468
271
279
461
146
497
242
327
436
157
512
187
391
358
213
503
150
420
345
209
510
160
415
351
220
506
154
443
320
247
494
138
466
274
292
450
141
486
245
322
439
149
501
220
335
428
154
511
207
365
401
180
515
162
428
320
248
483
138
454
290
277
463
142
496
243
325
439
156
512
188
371
379
197
510
152
448
296
270
467
144
493
284
283
471
142
490
238
330
433
151
510
196
361
405
178
515
164
424
342
213
509
150
450
293
240
489
138
473
280
268
481
138
470
268
282
459
146
498
238
329
418
159
510
227
324
423
157
508
202
356
394
173
516
168
418
347
208
510
153
445
318
250
501
143
455
288
262
474
142
488
258
309
437
157
509
201
373
393
186
513
158
435
312
255
479
147
459
282
268
482
138
469
269
279
473
142
498
241
327
420
166
517
174
408
341
229
503
145
435
311
257
489
139
473
264
302
456
148
500
219
333
415
170
516
171
397
352
219
500
144
456
321
230
495
145
452
291
275
464
141
486
261
288
467
144
493
233
336
428
154
499
236
332
432
152
504
210
345
420
158
512
186
374
375
200
513
157
436
310
210
505
146
461
297
253
490
138
471
267
282
471
140
489
239
330
433
159
512
184
377
372
202
515
165
423
343
212
510
151
448
312
255
479
140
483
249
301
442
148
500
221
297
447
152
510
210
345
420
166
512
186
374
375
186
514
158
420
346
224
505
160
415
333
236
500
142
457
285
264
483
138
479
273
293
449